Log file open, 08/07/17 19:37:09
LogInit:Display: Running engine for game: CaptureTheFlag
LogPlatformFile: Not using cached read wrapper
LogInit:Display: RandInit(898679665) SRandInit(898679665).
LogTaskGraph: Started task graph with 5 named threads and 6 total threads with 1 sets of task threads.
LogStats: Stats thread started at 0.096287
LogInit: Using libcurl 7.47.1
LogInit:  - built for x86_64-pc-win32
LogInit:  - supports SSL with OpenSSL/1.0.2g
LogInit:  - supports HTTP deflate (compression) using libz 1.2.8
LogInit:  - other features:
LogInit:      CURL_VERSION_SSL
LogInit:      CURL_VERSION_LIBZ
LogInit:      CURL_VERSION_IPV6
LogInit:      CURL_VERSION_ASYNCHDNS
LogInit:      CURL_VERSION_LARGEFILE
LogInit:      CURL_VERSION_IDN
LogInit:  CurlRequestOptions (configurable via config and command line):
LogInit:  - bVerifyPeer = false  - Libcurl will NOT verify peer certificate
LogInit:  - bUseHttpProxy = false  - Libcurl will NOT use HTTP proxy
LogInit:  - bDontReuseConnections = false  - Libcurl will reuse connections
LogInit:  - CertBundlePath = nullptr  - Libcurl will use whatever was configured at build time.
LogInit: Build: ++UE4+Release-4.16-CL-3514769
LogInit: Engine Version: 4.16.2-3514769+++UE4+Release-4.16
LogInit: Compatible Engine Version: 4.16.0-3452394+++UE4+Release-4.16
LogInit: Net CL: 3452394
LogDevObjectVersion: Number of dev versions registered: 16
LogDevObjectVersion:   Dev-Blueprints (B0D832E4-1F89-4F0D-ACCF-7EB736FD4AA2): 9
LogDevObjectVersion:   Dev-Build (E1C64328-A22C-4D53-A36C-8E866417BD8C): 0
LogDevObjectVersion:   Dev-Core (375EC13C-06E4-48FB-B500-84F0262A717E): 2
LogDevObjectVersion:   Dev-Editor (E4B068ED-F494-42E9-A231-DA0B2E46BB41): 17
LogDevObjectVersion:   Dev-Framework (CFFC743F-43B0-4480-9391-14DF171D2073): 23
LogDevObjectVersion:   Dev-Mobile (B02B49B5-BB20-44E9-A304-32B752E40360): 0
LogDevObjectVersion:   Dev-Networking (A4E4105C-59A1-49B5-A7C5-40C4547EDFEE): 0
LogDevObjectVersion:   Dev-Online (39C831C9-5AE6-47DC-9A44-9C173E1C8E7C): 0
LogDevObjectVersion:   Dev-Physics (78F01B33-EBEA-4F98-B9B4-84EACCB95AA2): 0
LogDevObjectVersion:   Dev-Platform (6631380F-2D4D-43E0-8009-CF276956A95A): 0
LogDevObjectVersion:   Dev-Rendering (12F88B9F-8875-4AFC-A67C-D90C383ABD29): 15
LogDevObjectVersion:   Dev-Sequencer (7B5AE74C-D270-4C10-A958-57980B212A5A): 4
LogDevObjectVersion:   Dev-VR (D7296918-1DD6-4BDD-9DE2-64A83CC13884): 0
LogDevObjectVersion:   Dev-LoadTimes (C2A15278-BFE7-4AFE-6C17-90FF531DF755): 1
LogDevObjectVersion:   Private-Geometry (6EACA3D4-40EC-4CC1-B786-8BED09428FC5): 1
LogDevObjectVersion:   Dev-AnimPhys (29E575DD-E0A3-4627-9D10-D276232CDCEA): 3
LogInit: Compiled (64-bit): Jun 29 2017 02:03:24
LogInit: Compiled with Visual C++: 19.00.24215.01
LogInit: Build Configuration: Development
LogInit: Branch Name: ++UE4+Release-4.16
LogInit: Command line:  
LogInit: Base directory: C:/Program Files/Epic Games/UE_4.16/Engine/Binaries/Win64/
LogInit: Installed Engine Build: 1
LogInit: Presizing for max 8388607 objects, including 0 objects not considered by GC, pre-allocating 0 bytes for permanent pool.
LogInit: Object subsystem initialized
[2017.08.08-02.37.10:844][  0]LogInit: Selected Device Profile: [Windows]
[2017.08.08-02.37.10:844][  0]LogInit: Applying CVar settings loaded from the selected device profile: [Windows]
[2017.08.08-02.37.10:872][  0]LogInit: Computer: DESKTOP-FLFRCNR
[2017.08.08-02.37.10:872][  0]LogInit: User: visgu
[2017.08.08-02.37.10:872][  0]LogInit: CPU Page size=4096, Cores=2
[2017.08.08-02.37.10:872][  0]LogInit: High frequency timer resolution =2.145337 MHz
[2017.08.08-02.37.10:872][  0]LogMemory: Memory total: Physical=7.9GB (8GB approx)
[2017.08.08-02.37.10:873][  0]LogMemory: Platform Memory Stats for Windows
[2017.08.08-02.37.10:873][  0]LogMemory: Process Physical Memory: 273.09 MB used, 273.09 MB peak
[2017.08.08-02.37.10:873][  0]LogMemory: Process Virtual Memory: 266.63 MB used, 266.63 MB peak
[2017.08.08-02.37.10:873][  0]LogMemory: Physical Memory: 5843.46 MB used,  2219.25 MB free, 8062.71 MB total
[2017.08.08-02.37.10:873][  0]LogMemory: Virtual Memory: 629.34 MB used,  2219.25 MB free, 134217728.00 MB total
[2017.08.08-02.37.11:039][  0]LogInit: Using OS detected language (en-US).
[2017.08.08-02.37.11:039][  0]LogInit: Using OS detected locale (en-US).
[2017.08.08-02.37.11:045][  0]LogTextLocalizationManager: No specific localization for 'en-US' exists, so the 'en' localization will be used.
[2017.08.08-02.37.14:715][  0]LogD3D11RHI: D3D11 adapters:
[2017.08.08-02.37.14:734][  0]LogD3D11RHI:    0. 'Intel(R) HD Graphics 5500' (Feature Level 11_0)
[2017.08.08-02.37.14:734][  0]LogD3D11RHI:       128/0/4031 MB DedicatedVideo/DedicatedSystem/SharedSystem, Outputs:1, VendorId:0x8086
[2017.08.08-02.37.14:739][  0]LogD3D11RHI:    1. 'Microsoft Basic Render Driver' (Feature Level 11_0)
[2017.08.08-02.37.14:739][  0]LogD3D11RHI:       0/0/4031 MB DedicatedVideo/DedicatedSystem/SharedSystem, Outputs:0, VendorId:0x1414
[2017.08.08-02.37.14:739][  0]LogD3D11RHI: Chosen D3D11 Adapter: 0
[2017.08.08-02.37.14:756][  0]LogD3D11RHI: Creating new Direct3DDevice
[2017.08.08-02.37.14:757][  0]LogD3D11RHI:     GPU DeviceId: 0x1616 (for the marketing name, search the web for "GPU Device Id")
[2017.08.08-02.37.14:757][  0]LogWindows: EnumDisplayDevices:
[2017.08.08-02.37.14:757][  0]LogWindows:    0. 'Intel(R) HD Graphics 5500' (P:1 D:1)
[2017.08.08-02.37.14:758][  0]LogWindows:    1. 'Intel(R) HD Graphics 5500' (P:0 D:0)
[2017.08.08-02.37.14:759][  0]LogWindows:    2. 'Intel(R) HD Graphics 5500' (P:0 D:0)
[2017.08.08-02.37.14:759][  0]LogWindows: DebugString: FoundDriverCount:3 
[2017.08.08-02.37.14:759][  0]LogD3D11RHI:     Adapter Name: Intel(R) HD Graphics 5500
[2017.08.08-02.37.14:759][  0]LogD3D11RHI:   Driver Version: 20.19.15.4549 (internal:20.19.15.4549, unified:20.19.15.4549)
[2017.08.08-02.37.14:759][  0]LogD3D11RHI:      Driver Date: 11-10-2016
[2017.08.08-02.37.14:759][  0]LogRHI: Texture pool is 1361 MB (70% of 1945 MB)
[2017.08.08-02.37.14:767][  0]LogD3D11RHI: Async texture creation enabled
[2017.08.08-02.37.14:778][  0]LogD3D11RHI: GPU Timing Frequency: 12.500000 (Debug: 2 0)
[2017.08.08-02.37.14:780][  0]LogShaderCompilers: Guid format shader working directory is -34 characters bigger than the processId version (../../../../../../Users/visgu/OneDrive/Documents/Unreal Projects/CaptureTheFlag/Intermediate/Shaders/WorkingDirectory/18800/).
[2017.08.08-02.37.14:780][  0]LogShaderCompilers: Cleaned the shader compiler working directory 'C:/Users/visgu/AppData/Local/Temp/UnrealShaderWorkingDir/9218279F4F5D493AF0AC25A70CC4BB33/'.
[2017.08.08-02.37.14:780][  0]LogShaderCompilers:Display: Using Local Shader Compiler.
[2017.08.08-02.37.25:867][  0]LogTemp:Display: Loaded TP AllDesktopTargetPlatform
[2017.08.08-02.37.26:159][  0]LogTemp:Display: Loaded TP MacClientTargetPlatform
[2017.08.08-02.37.26:400][  0]LogTemp:Display: Loaded TP MacNoEditorTargetPlatform
[2017.08.08-02.37.26:651][  0]LogTemp:Display: Loaded TP MacServerTargetPlatform
[2017.08.08-02.37.26:903][  0]LogTemp:Display: Loaded TP MacTargetPlatform
[2017.08.08-02.37.27:047][  0]LogTemp:Display: Loaded TP WindowsClientTargetPlatform
[2017.08.08-02.37.27:192][  0]LogTemp:Display: Loaded TP WindowsNoEditorTargetPlatform
[2017.08.08-02.37.27:366][  0]LogTemp:Display: Loaded TP WindowsServerTargetPlatform
[2017.08.08-02.37.27:537][  0]LogTemp:Display: Loaded TP WindowsTargetPlatform
[2017.08.08-02.37.28:165][  0]LogTemp:Display: Loaded TP AndroidTargetPlatform
[2017.08.08-02.37.28:350][  0]LogTemp:Display: Loaded TP Android_ASTCTargetPlatform
[2017.08.08-02.37.28:567][  0]LogTemp:Display: Loaded TP Android_ATCTargetPlatform
[2017.08.08-02.37.28:745][  0]LogTemp:Display: Loaded TP Android_DXTTargetPlatform
[2017.08.08-02.37.28:934][  0]LogTemp:Display: Loaded TP Android_ETC1TargetPlatform
[2017.08.08-02.37.29:109][  0]LogTemp:Display: Loaded TP Android_ETC2TargetPlatform
[2017.08.08-02.37.29:442][  0]LogTemp:Display: Loaded TP Android_MultiTargetPlatform
[2017.08.08-02.37.29:442][  0]LogTemp:Display: Loaded TP Android_PVRTCTargetPlatform
[2017.08.08-02.37.29:611][  0]LogTemp:Display: Loaded TP HTML5TargetPlatform
[2017.08.08-02.37.29:960][  0]LogTemp:Display: Loaded TP IOSTargetPlatform
[2017.08.08-02.37.30:042][  0]LogTemp:Display: Loaded TP TVOSTargetPlatform
[2017.08.08-02.37.30:204][  0]LogTemp:Display: Loaded TP LinuxClientTargetPlatform
[2017.08.08-02.37.30:392][  0]LogTemp:Display: Loaded TP LinuxNoEditorTargetPlatform
[2017.08.08-02.37.30:585][  0]LogTemp:Display: Loaded TP LinuxServerTargetPlatform
[2017.08.08-02.37.30:782][  0]LogTemp:Display: Loaded TP LinuxTargetPlatform
[2017.08.08-02.37.30:782][  0]LogTargetPlatformManager:Display: Building Assets For Windows
[2017.08.08-02.37.33:013][  0]LogDerivedDataCache:Display: Max Cache Size: 512 MB
[2017.08.08-02.37.34:462][  0]LogDerivedDataCache: Loaded boot cache 1.44s 90MB C:/Users/visgu/AppData/Local/UnrealEngine/4.16/DerivedDataCache/Boot.ddc.
[2017.08.08-02.37.34:462][  0]LogDerivedDataCache:Display: Loaded Boot cache: C:/Users/visgu/AppData/Local/UnrealEngine/4.16/DerivedDataCache/Boot.ddc
[2017.08.08-02.37.34:462][  0]LogDerivedDataCache: FDerivedDataBackendGraph:  Pak pak cache file ../../../../../../Users/visgu/OneDrive/Documents/Unreal Projects/CaptureTheFlag/DerivedDataCache/DDC.ddp not found, will not use a pak cache.
[2017.08.08-02.37.34:462][  0]LogDerivedDataCache: Unable to find inner node Pak for hierarchical cache Hierarchy.
[2017.08.08-02.37.34:462][  0]LogDerivedDataCache: FDerivedDataBackendGraph:  CompressedPak pak cache file ../../../../../../Users/visgu/OneDrive/Documents/Unreal Projects/CaptureTheFlag/DerivedDataCache/Compressed.ddp not found, will not use a pak cache.
[2017.08.08-02.37.34:462][  0]LogDerivedDataCache: Unable to find inner node CompressedPak for hierarchical cache Hierarchy.
[2017.08.08-02.37.34:543][  0]LogDerivedDataCache:Display: Pak cache opened for reading ../../../Engine/DerivedDataCache/Compressed.ddp.
[2017.08.08-02.37.34:555][  0]LogDerivedDataCache: Using Local data cache path C:/Users/visgu/AppData/Local/UnrealEngine/Common/DerivedDataCache: Writable
[2017.08.08-02.37.34:582][  0]LogMaterial: Verifying Global Shaders for PCD3D_SM5
[2017.08.08-02.37.34:582][  0]LogSlate: Using Freetype 2.6.0
[2017.08.08-02.37.34:624][  0]LogSlate: SlateFontCache - WITH_FREETYPE: 1, WITH_HARFBUZZ: 1
[2017.08.08-02.37.34:624][  0]LogSlate: SlateFontCache - WITH_FREETYPE: 1, WITH_HARFBUZZ: 1
[2017.08.08-02.37.38:607][  0]LogInit: Selected Device Profile: [Windows]
[2017.08.08-02.37.39:242][  0]LogContentStreaming: Texture pool size is 0.00 MB
[2017.08.08-02.37.39:850][  0]LogMeshUtilities: Using QuadricMeshReduction for automatic static mesh reduction
[2017.08.08-02.37.40:040][  0]LogSimplygon: Simplygon DLL not present - disabling.
[2017.08.08-02.37.40:212][  0]LogMeshUtilities: Using SimplygonSwarm for distributed automatic mesh merging
[2017.08.08-02.37.40:212][  0]LogMeshUtilities: No automatic skeletal mesh reduction module available
[2017.08.08-02.37.40:212][  0]LogMeshUtilities: No automatic mesh merging module available
[2017.08.08-02.37.41:818][  0]LogConfig:Warning: Failed to saved backup for config[TemplateDefs]
[2017.08.08-02.37.46:512][  0]LogNetVersion: CaptureTheFlag , NetCL: 3452394, EngineNetVer: 2, GameNetVer: 0 (Checksum: 317260116)
[2017.08.08-02.37.46:745][  0]LogAssetRegistry: FAssetRegistry took 0.0348 seconds to start up
[2017.08.08-02.37.46:831][  0]LogFileManager:Warning: MoveFile was unable to move '../../../../../../Users/visgu/OneDrive/Documents/Unreal Projects/CaptureTheFlag/Intermediate/AssetRegistryCache/2657c409.bin.tmp' to '../../../../../../Users/visgu/OneDrive/Documents/Unreal Projects/CaptureTheFlag/Intermediate/AssetRegistryCache/2657c409.bin', retrying in .5s...
[2017.08.08-02.37.47:331][  0]LogFileManager:Warning: MoveFile was unable to move '../../../../../../Users/visgu/OneDrive/Documents/Unreal Projects/CaptureTheFlag/Intermediate/AssetRegistryCache/2657c409.bin.tmp' to '../../../../../../Users/visgu/OneDrive/Documents/Unreal Projects/CaptureTheFlag/Intermediate/AssetRegistryCache/2657c409.bin', retrying in .5s...
[2017.08.08-02.37.47:832][  0]LogFileManager:Warning: MoveFile was unable to move '../../../../../../Users/visgu/OneDrive/Documents/Unreal Projects/CaptureTheFlag/Intermediate/AssetRegistryCache/2657c409.bin.tmp' to '../../../../../../Users/visgu/OneDrive/Documents/Unreal Projects/CaptureTheFlag/Intermediate/AssetRegistryCache/2657c409.bin', retrying in .5s...
[2017.08.08-02.37.48:332][  0]LogFileManager:Warning: MoveFile was unable to move '../../../../../../Users/visgu/OneDrive/Documents/Unreal Projects/CaptureTheFlag/Intermediate/AssetRegistryCache/2657c409.bin.tmp' to '../../../../../../Users/visgu/OneDrive/Documents/Unreal Projects/CaptureTheFlag/Intermediate/AssetRegistryCache/2657c409.bin', retrying in .5s...
[2017.08.08-02.37.48:833][  0]LogFileManager:Warning: MoveFile was unable to move '../../../../../../Users/visgu/OneDrive/Documents/Unreal Projects/CaptureTheFlag/Intermediate/AssetRegistryCache/2657c409.bin.tmp' to '../../../../../../Users/visgu/OneDrive/Documents/Unreal Projects/CaptureTheFlag/Intermediate/AssetRegistryCache/2657c409.bin', retrying in .5s...
[2017.08.08-02.37.49:333][  0]LogFileManager:Warning: MoveFile was unable to move '../../../../../../Users/visgu/OneDrive/Documents/Unreal Projects/CaptureTheFlag/Intermediate/AssetRegistryCache/2657c409.bin.tmp' to '../../../../../../Users/visgu/OneDrive/Documents/Unreal Projects/CaptureTheFlag/Intermediate/AssetRegistryCache/2657c409.bin', retrying in .5s...
[2017.08.08-02.37.49:834][  0]LogFileManager:Warning: MoveFile was unable to move '../../../../../../Users/visgu/OneDrive/Documents/Unreal Projects/CaptureTheFlag/Intermediate/AssetRegistryCache/2657c409.bin.tmp' to '../../../../../../Users/visgu/OneDrive/Documents/Unreal Projects/CaptureTheFlag/Intermediate/AssetRegistryCache/2657c409.bin', retrying in .5s...
[2017.08.08-02.37.50:335][  0]LogFileManager:Warning: MoveFile was unable to move '../../../../../../Users/visgu/OneDrive/Documents/Unreal Projects/CaptureTheFlag/Intermediate/AssetRegistryCache/2657c409.bin.tmp' to '../../../../../../Users/visgu/OneDrive/Documents/Unreal Projects/CaptureTheFlag/Intermediate/AssetRegistryCache/2657c409.bin', retrying in .5s...
[2017.08.08-02.37.50:836][  0]LogFileManager:Warning: MoveFile was unable to move '../../../../../../Users/visgu/OneDrive/Documents/Unreal Projects/CaptureTheFlag/Intermediate/AssetRegistryCache/2657c409.bin.tmp' to '../../../../../../Users/visgu/OneDrive/Documents/Unreal Projects/CaptureTheFlag/Intermediate/AssetRegistryCache/2657c409.bin', retrying in .5s...
[2017.08.08-02.37.51:338][  0]LogFileManager:Warning: MoveFile was unable to move '../../../../../../Users/visgu/OneDrive/Documents/Unreal Projects/CaptureTheFlag/Intermediate/AssetRegistryCache/2657c409.bin.tmp' to '../../../../../../Users/visgu/OneDrive/Documents/Unreal Projects/CaptureTheFlag/Intermediate/AssetRegistryCache/2657c409.bin', retrying in .5s...
[2017.08.08-02.37.51:839][  0]LogFileManager:Error: Error moving file '../../../../../../Users/visgu/OneDrive/Documents/Unreal Projects/CaptureTheFlag/Intermediate/AssetRegistryCache/2657c409.bin.tmp' to '../../../../../../Users/visgu/OneDrive/Documents/Unreal Projects/CaptureTheFlag/Intermediate/AssetRegistryCache/2657c409.bin'.
[2017.08.08-02.37.51:902][  0]LogPackageLocalizationCache: Processed 4 localized package path(s) for 2 prioritized culture(s) in 5.089525 seconds
[2017.08.08-02.37.51:912][  0]LogUObjectArray: 34194 objects as part of root set at end of initial load.
[2017.08.08-02.37.51:912][  0]LogUObjectAllocator: 7260424 out of 0 bytes used by permanent object pool.
[2017.08.08-02.37.51:912][  0]LogUObjectArray: CloseDisregardForGC: 0/0 objects in disregard for GC pool
[2017.08.08-02.37.52:127][  0]LogInit: WinSock: version 1.1 (2.2), MaxSocks=32767, MaxUdp=65467
[2017.08.08-02.38.26:055][  0]LogTcpMessaging: Initializing TcpMessaging bridge
[2017.08.08-02.38.26:145][  0]LogUdpMessaging: Initializing bridge on interface 0.0.0.0:0 to multicast group 230.0.0.1:6666.
[2017.08.08-02.38.29:812][  0]LogConfig:Warning: Failed to saved backup for config[TranslationPickerSettings]
[2017.08.08-02.38.30:167][  0]LogMaterial: Uniform references updated for custom material expression Custom.
[2017.08.08-02.38.31:905][  0]SourceControl: Info Source control is disabled
[2017.08.08-02.38.37:418][  0]LogAndroidPermission: UAndroidPermissionCallbackProxy::GetInstance
[2017.08.08-02.38.39:718][  0]LogEngine: Initializing Engine...
[2017.08.08-02.38.39:719][  0]LogHMD: Failed to initialize OpenVR with code 110
[2017.08.08-02.38.40:917][  0]LogStats: UGameplayTagsManager::ConstructGameplayTagTree: Construct from data asset -  0.000 s
[2017.08.08-02.38.40:917][  0]LogStats: UGameplayTagsManager::ConstructGameplayTagTree: GameplayTagTreeChangedEvent.Broadcast -  0.000 s
[2017.08.08-02.38.41:536][  0]LogAIModule: Creating AISystem for world Untitled
[2017.08.08-02.38.43:167][  0]LogInit: XAudio2 using 'Speakers (Realtek High Definition Audio)' : 2 channels at 48 kHz using 32 bits per sample (channel mask 0x3)
[2017.08.08-02.38.43:635][  0]LogInit: FAudioDevice initialized.
[2017.08.08-02.38.44:861][  0]LogDerivedDataCache: Saved boot cache 1.23s 90MB C:/Users/visgu/AppData/Local/UnrealEngine/4.16/DerivedDataCache/Boot.ddc.
[2017.08.08-02.38.44:883][  0]LogInit: Texture streaming: Enabled
[2017.08.08-02.38.47:477][  0]LogEngineSessionManager: EngineSessionManager initialized
[2017.08.08-02.38.58:411][  0]LogInit: Transaction tracking system initialized
[2017.08.08-02.39.00:816][  0]BlueprintLog: New page: Editor Load
[2017.08.08-02.39.07:276][  0]LogConfig:Warning: Failed to saved backup for config[LocalizationServiceSettings]
[2017.08.08-02.39.07:282][  0]LocalizationService: Info Localization service is disabled
[2017.08.08-02.39.10:292][  0]LogConsoleResponse:Display: 
[2017.08.08-02.39.14:058][  0]LogCook:Display: Max memory allowance for cook 16384mb min free memory 0mb
[2017.08.08-02.39.14:058][  0]LogCook:Display: Mobile HDR setting 1
[2017.08.08-02.39.15:284][  0]LogFileCache: Scanning file cache for directory 'C:/Users/visgu/OneDrive/Documents/Unreal Projects/CaptureTheFlag/Content/' took 0.07s
[2017.08.08-02.39.26:414][  0]Cmd: MAP LOAD FILE="../../../../../../Users/visgu/OneDrive/Documents/Unreal Projects/CaptureTheFlag/Content/TopDownBP/Maps/TopDownExampleMap.umap" TEMPLATE=0 SHOWPROGRESS=1 FEATURELEVEL=3
[2017.08.08-02.39.26:574][  0]LightingResults: New page: Lighting Build
[2017.08.08-02.39.26:724][  0]MapCheck: New page: Map Check
[2017.08.08-02.39.26:724][  0]LightingResults: New page: Lighting Build
[2017.08.08-02.39.33:418][  0]LogAIModule: Creating AISystem for world TopDownExampleMap
[2017.08.08-02.39.39:305][  0]LogEditorServer: Finished looking for orphan Actors (0.015 secs)
[2017.08.08-02.39.41:774][  0]Cmd: MAP CHECKDEP NOCLEARLOG
[2017.08.08-02.39.42:102][  0]MapCheck: Info Map check complete: 0 Error(s), 0 Warning(s), took 294.537ms to complete.
[2017.08.08-02.39.42:103][  0]LogFileHelpers: Loading map 'TopDownExampleMap' took 15.689
[2017.08.08-02.39.54:281][  0]LogCollectionManager: Loaded 0 collections in 0.002926 seconds
[2017.08.08-02.39.54:928][  0]LogFileCache: Scanning file cache for directory 'C:/Users/visgu/OneDrive/Documents/Unreal Projects/CaptureTheFlag/Saved/Collections/' took 0.01s
[2017.08.08-02.39.54:928][  0]LogFileCache: Scanning file cache for directory 'C:/Users/visgu/OneDrive/Documents/Unreal Projects/CaptureTheFlag/Content/Developers/visgu/Collections/' took 0.01s
[2017.08.08-02.39.54:928][  0]LogFileCache: Scanning file cache for directory 'C:/Users/visgu/OneDrive/Documents/Unreal Projects/CaptureTheFlag/Content/Collections/' took 0.01s
[2017.08.08-02.39.54:928][  0]LogCollectionManager: Rebuilt the GUID cache for 0 collections in 0.000002 seconds
[2017.08.08-02.39.54:953][  0]LogContentBrowser: Native class hierarchy populated in 0.0242 seconds. Added 2329 classes and 491 folders.
[2017.08.08-02.39.55:287][  0]LogContentBrowser: Native class hierarchy updated for 'WidgetCarousel' in 0.0015 seconds. Added 0 classes and 0 folders.
[2017.08.08-02.40.04:321][  0]LogContentBrowser: Native class hierarchy updated for 'AddContentDialog' in 0.0012 seconds. Added 0 classes and 0 folders.
[2017.08.08-02.40.04:594][  0]LogContentBrowser: Native class hierarchy updated for 'SceneOutliner' in 0.0011 seconds. Added 1 classes and 2 folders.
[2017.08.08-02.40.05:542][  0]LogCrashTracker: Crashtracker disabled due to settings.
[2017.08.08-02.40.06:016][  0]LogSlate: Took 0.066378 seconds to synchronously load lazily loaded font '../../../Engine/Content/Slate/Fonts/Roboto-Regular.ttf' (155K)
[2017.08.08-02.40.06:110][  0]LogSlate: Took 0.048248 seconds to synchronously load lazily loaded font '../../../Engine/Content/Slate/Fonts/Roboto-Bold.ttf' (160K)
[2017.08.08-02.40.06:353][  0]LogSlate: Took 0.019396 seconds to synchronously load lazily loaded font '../../../Engine/Content/Editor/Slate/Fonts/FontAwesome.ttf' (139K)
[2017.08.08-02.40.08:333][  0]LogRenderer: Reallocating scene render targets to support 836x424 NumSamples 1 (Frame:1).
[2017.08.08-02.40.14:386][  0]LogUObjectGlobals:Warning: Failed to find object 'Class None.'
[2017.08.08-02.40.14:641][  0]LogContentBrowser: Native class hierarchy updated for 'HierarchicalLODOutliner' in 0.0027 seconds. Added 1 classes and 2 folders.
[2017.08.08-02.40.14:642][  0]LogLoad: (Engine Initialization) Total time: 195.75 seconds
[2017.08.08-02.40.14:642][  0]LogLoad: (Engine Initialization) Total Blueprint compile time: 0.55 seconds
[2017.08.08-02.40.14:642][  0]LogExternalProfiler: No external profilers were discovered.  External profiling features will not be available.
[2017.08.08-02.40.15:065][  0]LogOcInput: OculusInput pre-init called
[2017.08.08-02.40.15:076][  0]LogHMD: Starting GearVRController plugin
[2017.08.08-02.40.15:729][  0]SourceControl: Info On branch master
[2017.08.08-02.40.15:729][  0]SourceControl: Info Changes not staged for commit:
[2017.08.08-02.40.15:729][  0]SourceControl: Info   (use "git add <file>..." to update what will be committed)
[2017.08.08-02.40.15:729][  0]SourceControl: Info   (use "git checkout -- <file>..." to discard changes in working directory)
[2017.08.08-02.40.15:729][  0]SourceControl: Info 	modified:   OneDrive/Documents/Unreal Projects/CaptureTheFlag/Content/Test.umap
[2017.08.08-02.40.15:729][  0]SourceControl: Info Untracked files:
[2017.08.08-02.40.15:729][  0]SourceControl: Info   (use "git add <file>..." to include in what will be committed)
[2017.08.08-02.40.15:729][  0]SourceControl: Info 	.bash_history
[2017.08.08-02.40.15:729][  0]SourceControl: Info 	.gitconfig
[2017.08.08-02.40.15:729][  0]SourceControl: Info 	.nuget/
[2017.08.08-02.40.15:729][  0]SourceControl: Info 	.oracle_jre_usage/
[2017.08.08-02.40.15:729][  0]SourceControl: Info 	3D Objects/
[2017.08.08-02.40.15:729][  0]SourceControl: Info 	AppData/
[2017.08.08-02.40.15:729][  0]SourceControl: Info 	Contacts/
[2017.08.08-02.40.15:729][  0]SourceControl: Info 	Desktop/
[2017.08.08-02.40.15:729][  0]SourceControl: Info 	Documents/
[2017.08.08-02.40.15:729][  0]SourceControl: Info 	Downloads/
[2017.08.08-02.40.15:729][  0]SourceControl: Info 	Dropbox/
[2017.08.08-02.40.15:729][  0]SourceControl: Info 	Favorites/
[2017.08.08-02.40.15:729][  0]SourceControl: Info 	IntelGraphicsProfiles/
[2017.08.08-02.40.15:729][  0]SourceControl: Info 	Links/
[2017.08.08-02.40.15:729][  0]SourceControl: Info 	Music/
[2017.08.08-02.40.15:729][  0]SourceControl: Info 	NTUSER.DAT
[2017.08.08-02.40.15:729][  0]SourceControl: Info 	NTUSER.DAT{95ad8d55-643f-11e7-8df2-a05b8a9582f2}.TxR.0.regtrans-ms
[2017.08.08-02.40.15:729][  0]SourceControl: Info 	NTUSER.DAT{95ad8d55-643f-11e7-8df2-a05b8a9582f2}.TxR.1.regtrans-ms
[2017.08.08-02.40.15:729][  0]SourceControl: Info 	NTUSER.DAT{95ad8d55-643f-11e7-8df2-a05b8a9582f2}.TxR.2.regtrans-ms
[2017.08.08-02.40.15:729][  0]SourceControl: Info 	NTUSER.DAT{95ad8d55-643f-11e7-8df2-a05b8a9582f2}.TxR.blf
[2017.08.08-02.40.15:729][  0]SourceControl: Info 	NTUSER.DAT{95ad8d56-643f-11e7-8df2-a05b8a9582f2}.TM.blf
[2017.08.08-02.40.15:729][  0]SourceControl: Info 	NTUSER.DAT{95ad8d56-643f-11e7-8df2-a05b8a9582f2}.TMContainer00000000000000000001.regtrans-ms
[2017.08.08-02.40.15:729][  0]SourceControl: Info 	NTUSER.DAT{95ad8d56-643f-11e7-8df2-a05b8a9582f2}.TMContainer00000000000000000002.regtrans-ms
[2017.08.08-02.40.15:729][  0]SourceControl: Info 	OneDrive/.849C9593-D756-4E56-8D6E-42412F2A707B
[2017.08.08-02.40.15:729][  0]SourceControl: Info 	OneDrive/Documents/326 review.docx
[2017.08.08-02.40.15:730][  0]SourceControl: Info 	OneDrive/Documents/482 review.docx
[2017.08.08-02.40.15:730][  0]SourceControl: Info 	OneDrive/Documents/ABViewer 11/
[2017.08.08-02.40.15:730][  0]SourceControl: Info 	OneDrive/Documents/ApplicationForm.pdf
[2017.08.08-02.40.15:730][  0]SourceControl: Info 	OneDrive/Documents/BOM.xlsx
[2017.08.08-02.40.15:730][  0]SourceControl: Info 	OneDrive/Documents/Dolphin Emulator/
[2017.08.08-02.40.15:730][  0]SourceControl: Info 	OneDrive/Documents/FIFA 16/
[2017.08.08-02.40.15:730][  0]SourceControl: Info 	OneDrive/Documents/FIFA 17 Demo/
[2017.08.08-02.40.15:730][  0]SourceControl: Info 	OneDrive/Documents/FIFA 17/
[2017.08.08-02.40.15:730][  0]SourceControl: Info 	OneDrive/Documents/Job Application.xlsx
[2017.08.08-02.40.15:730][  0]SourceControl: Info 	OneDrive/Documents/PCSX2/
[2017.08.08-02.40.15:730][  0]SourceControl: Info 	OneDrive/Documents/Resumes/
[2017.08.08-02.40.15:730][  0]SourceControl: Info 	OneDrive/Documents/STAR WARS Battlefront/
[2017.08.08-02.40.15:730][  0]SourceControl: Info 	OneDrive/Documents/UNLV coverletter.docx
[2017.08.08-02.40.15:730][  0]SourceControl: Info 	OneDrive/Documents/UNLV/
[2017.08.08-02.40.15:730][  0]SourceControl: Info 	OneDrive/Documents/Unreal Projects/CaptureTheFlag/CaptureTheFlag.uproject
[2017.08.08-02.40.15:730][  0]SourceControl: Info 	OneDrive/Documents/Unreal Projects/CaptureTheFlag/Config/
[2017.08.08-02.40.15:730][  0]SourceControl: Info 	OneDrive/Documents/Unreal Projects/CaptureTheFlag/Content/Geometry/
[2017.08.08-02.40.15:730][  0]SourceControl: Info 	OneDrive/Documents/Unreal Projects/CaptureTheFlag/Content/Mannequin/
[2017.08.08-02.40.15:730][  0]SourceControl: Info 	OneDrive/Documents/Unreal Projects/CaptureTheFlag/Content/MobileStarterContent/
[2017.08.08-02.40.15:730][  0]SourceControl: Info 	OneDrive/Documents/Unreal Projects/CaptureTheFlag/Content/TopDownBP/
[2017.08.08-02.40.15:730][  0]SourceControl: Info 	OneDrive/Documents/Unreal Projects/CaptureTheFlag/Intermediate/
[2017.08.08-02.40.15:730][  0]SourceControl: Info 	OneDrive/Documents/Unreal Projects/CaptureTheFlag/Saved/
[2017.08.08-02.40.15:730][  0]SourceControl: Info 	OneDrive/Documents/Vishaal's Notebook.url
[2017.08.08-02.40.15:730][  0]SourceControl: Info 	OneDrive/Documents/Visual Studio 2017/
[2017.08.08-02.40.15:730][  0]SourceControl: Info 	OneDrive/Documents/WP3.docx
[2017.08.08-02.40.15:730][  0]SourceControl: Info 	OneDrive/Documents/WP4.docx
[2017.08.08-02.40.15:730][  0]SourceControl: Info 	OneDrive/Documents/ap number.docx
[2017.08.08-02.40.15:730][  0]SourceControl: Info 	OneDrive/Documents/applications.docx
[2017.08.08-02.40.15:730][  0]SourceControl: Info 	OneDrive/Documents/cable info.docx
[2017.08.08-02.40.15:730][  0]SourceControl: Info 	OneDrive/Documents/cards.xlsx
[2017.08.08-02.40.15:730][  0]SourceControl: Info 	OneDrive/Documents/coverletter.docx
[2017.08.08-02.40.15:730][  0]SourceControl: Info 	OneDrive/Documents/desktop.ini
[2017.08.08-02.40.15:730][  0]SourceControl: Info 	OneDrive/Documents/essay.docx
[2017.08.08-02.40.15:730][  0]SourceControl: Info 	OneDrive/Documents/hours1.xlsx
[2017.08.08-02.40.15:730][  0]SourceControl: Info 	OneDrive/Documents/hours2.xlsx
[2017.08.08-02.40.15:730][  0]SourceControl: Info 	OneDrive/Documents/hours3.xlsx
[2017.08.08-02.40.15:730][  0]SourceControl: Info 	OneDrive/Documents/links.docx
[2017.08.08-02.40.15:730][  0]SourceControl: Info 	OneDrive/Documents/pex.docx
[2017.08.08-02.40.15:730][  0]SourceControl: Info 	OneDrive/Documents/shikha address.docx
[2017.08.08-02.40.15:730][  0]SourceControl: Info 	OneDrive/Documents/test 2 review.docx
[2017.08.08-02.40.15:730][  0]SourceControl: Info 	OneDrive/Documents/tix.pdf
[2017.08.08-02.40.15:730][  0]SourceControl: Info 	OneDrive/Documents/~$links.docx
[2017.08.08-02.40.15:730][  0]SourceControl: Info 	OneDrive/Pictures/
[2017.08.08-02.40.15:730][  0]SourceControl: Info 	OneDrive/desktop.ini
[2017.08.08-02.40.15:730][  0]SourceControl: Info 	Pictures/
[2017.08.08-02.40.15:730][  0]SourceControl: Info 	Saved Games/
[2017.08.08-02.40.15:730][  0]SourceControl: Info 	Searches/
[2017.08.08-02.40.15:730][  0]SourceControl: Info 	Tracing/
[2017.08.08-02.40.15:730][  0]SourceControl: Info 	Videos/
[2017.08.08-02.40.15:730][  0]SourceControl: Info 	ntuser.dat.LOG1
[2017.08.08-02.40.15:730][  0]SourceControl: Info 	ntuser.dat.LOG2
[2017.08.08-02.40.15:730][  0]SourceControl: Info 	ntuser.ini
[2017.08.08-02.40.15:730][  0]SourceControl: Info no changes added to commit (use "git add" and/or "git commit -a")
[2017.08.08-02.40.15:755][  0]LogContentStreaming: Texture pool size now 1000 MB
[2017.08.08-02.40.16:685][  1]LogSlate: Took 0.023115 seconds to synchronously load lazily loaded font '../../../Engine/Content/Slate/Fonts/Roboto-Light.ttf' (159K)
[2017.08.08-02.40.21:548][  4]LogWindowsTextInputMethodSystem:Display: IME system now deactivated.
[2017.08.08-02.40.28:094][  4]LogAssetRegistry: Asset discovery search completed in 161.3721 seconds
[2017.08.08-02.40.28:096][  4]LogCollectionManager: Rebuilt the object cache for 0 collections in 0.000000 seconds (found 0 objects)
[2017.08.08-02.40.28:096][  4]LogCollectionManager: Fixed up redirectors for 0 collections in 0.000034 seconds (updated 0 objects)
[2017.08.08-02.40.28:303][  5]Cmd: QUIT_EDITOR
[2017.08.08-02.40.32:266][  5]LogExit: Preparing to exit.
[2017.08.08-02.40.34:130][  5]LogDirectoryWatcher: A directory notification for 'C:/Users/visgu/OneDrive/Documents/Unreal Projects/CaptureTheFlag/Content/' was aborted.
[2017.08.08-02.40.34:732][  5]LogExit: Editor shut down
[2017.08.08-02.40.34:742][  5]LogExit: Transaction tracking system shut down
[2017.08.08-02.40.36:588][  5]LogObj: Freed 0b from 0 cluster array pools.
[2017.08.08-02.40.36:588][  5]LogExit: Object subsystem successfully closed.
[2017.08.08-02.40.36:763][  5]LogD3D11RHI: Shutdown
[2017.08.08-02.40.36:763][  5]LogD3D11RHI: CleanupD3DDevice
[2017.08.08-02.40.37:218][  5]LogD3D11RHI: ~FD3D11DynamicRHI
[2017.08.08-02.40.38:098][  5]LogModuleManager: Shutting down and abandoning module HierarchicalLODOutliner (524)
[2017.08.08-02.40.38:106][  5]LogModuleManager: Shutting down and abandoning module CrashTracker (522)
[2017.08.08-02.40.38:106][  5]LogModuleManager: Shutting down and abandoning module SceneOutliner (520)
[2017.08.08-02.40.38:106][  5]LogModuleManager: Shutting down and abandoning module AddContentDialog (518)
[2017.08.08-02.40.38:139][  5]LogDirectoryWatcher: A directory notification for 'C:/Program Files/Epic Games/UE_4.16/FeaturePacks/' was aborted.
[2017.08.08-02.40.38:142][  5]LogModuleManager: Shutting down and abandoning module WidgetCarousel (517)
[2017.08.08-02.40.38:142][  5]LogModuleManager: Shutting down and abandoning module EditorWidgets (514)
[2017.08.08-02.40.38:142][  5]LogModuleManager: Shutting down and abandoning module CollectionManager (512)
[2017.08.08-02.40.38:142][  5]LogDirectoryWatcher: A directory notification for 'C:/Users/visgu/OneDrive/Documents/Unreal Projects/CaptureTheFlag/Content/Collections/' was aborted.
[2017.08.08-02.40.38:142][  5]LogDirectoryWatcher: A directory notification for 'C:/Users/visgu/OneDrive/Documents/Unreal Projects/CaptureTheFlag/Content/Developers/visgu/Collections/' was aborted.
[2017.08.08-02.40.38:142][  5]LogDirectoryWatcher: A directory notification for 'C:/Users/visgu/OneDrive/Documents/Unreal Projects/CaptureTheFlag/Saved/Collections/' was aborted.
[2017.08.08-02.40.38:142][  5]LogModuleManager: Shutting down and abandoning module StatsViewer (510)
[2017.08.08-02.40.38:148][  5]LogModuleManager: Shutting down and abandoning module FoliageEdit (508)
[2017.08.08-02.40.38:148][  5]LogModuleManager: Shutting down and abandoning module LandscapeEditor (506)
[2017.08.08-02.40.38:181][  5]LogModuleManager: Shutting down and abandoning module MeshPaintMode (504)
[2017.08.08-02.40.38:181][  5]LogModuleManager: Shutting down and abandoning module SceneDepthPickerMode (502)
[2017.08.08-02.40.38:181][  5]LogModuleManager: Shutting down and abandoning module ActorPickerMode (500)
[2017.08.08-02.40.38:181][  5]LogModuleManager: Shutting down and abandoning module GeometryMode (498)
[2017.08.08-02.40.38:181][  5]LogModuleManager: Shutting down and abandoning module TextureAlignMode (496)
[2017.08.08-02.40.38:181][  5]LogModuleManager: Shutting down and abandoning module BspMode (494)
[2017.08.08-02.40.38:191][  5]LogModuleManager: Shutting down and abandoning module HardwareSurvey (492)
[2017.08.08-02.40.38:195][  5]LogModuleManager: Shutting down and abandoning module SequenceRecorderSections (490)
[2017.08.08-02.40.38:201][  5]LogModuleManager: Shutting down and abandoning module AutomationWorker (488)
[2017.08.08-02.40.38:210][  5]LogModuleManager: Shutting down and abandoning module MatineeToLevelSequence (486)
[2017.08.08-02.40.38:222][  5]LogModuleManager: Shutting down and abandoning module LevelSequenceEditor (484)
[2017.08.08-02.40.38:289][  5]LogModuleManager: Shutting down and abandoning module PlacementMode (483)
[2017.08.08-02.40.38:290][  5]LogModuleManager: Shutting down and abandoning module WmfMediaFactory (480)
[2017.08.08-02.40.38:290][  5]LogModuleManager: Shutting down and abandoning module WmfMediaEditor (478)
[2017.08.08-02.40.38:290][  5]LogModuleManager: Shutting down and abandoning module AvfMediaFactory (476)
[2017.08.08-02.40.38:290][  5]LogModuleManager: Shutting down and abandoning module AvfMediaEditor (474)
[2017.08.08-02.40.38:290][  5]LogModuleManager: Shutting down and abandoning module AndroidMediaFactory (472)
[2017.08.08-02.40.38:290][  5]LogModuleManager: Shutting down and abandoning module Media (471)
[2017.08.08-02.40.38:290][  5]LogModuleManager: Shutting down and abandoning module AndroidMediaEditor (468)
[2017.08.08-02.40.38:290][  5]LogModuleManager: Shutting down and abandoning module CharacterAI (466)
[2017.08.08-02.40.38:290][  5]LogModuleManager: Shutting down and abandoning module AudioCapture (464)
[2017.08.08-02.40.38:311][  5]LogModuleManager: Shutting down and abandoning module SequenceRecorder (463)
[2017.08.08-02.40.38:331][  5]LogModuleManager: Shutting down and abandoning module SmartSnapping (460)
[2017.08.08-02.40.38:331][  5]LogModuleManager: Shutting down and abandoning module SessionServices (458)
[2017.08.08-02.40.38:331][  5]LogModuleManager: Shutting down and abandoning module ViewportSnapping (456)
[2017.08.08-02.40.38:331][  5]LogModuleManager: Shutting down and abandoning module ViewportInteraction (454)
[2017.08.08-02.40.38:331][  5]LogModuleManager: Shutting down and abandoning module ClothPainter (452)
[2017.08.08-02.40.38:362][  5]LogModuleManager: Shutting down and abandoning module LogVisualizer (450)
[2017.08.08-02.40.38:377][  5]LogModuleManager: Shutting down and abandoning module IntroTutorials (448)
[2017.08.08-02.40.38:427][  5]LogModuleManager: Shutting down and abandoning module GameProjectGeneration (447)
[2017.08.08-02.40.38:450][  5]LogModuleManager: Shutting down and abandoning module EditorLiveStreaming (444)
[2017.08.08-02.40.38:451][  5]LogModuleManager: Shutting down and abandoning module IOSPlatformEditor (442)
[2017.08.08-02.40.38:459][  5]LogModuleManager: Shutting down and abandoning module HTML5PlatformEditor (440)
[2017.08.08-02.40.38:459][  5]LogModuleManager: Shutting down and abandoning module AndroidPlatformEditor (438)
[2017.08.08-02.40.38:459][  5]LogModuleManager: Shutting down and abandoning module AndroidDeviceDetection (437)
[2017.08.08-02.40.38:909][  5]LogModuleManager: Shutting down and abandoning module IOSRuntimeSettings (434)
[2017.08.08-02.40.38:909][  5]LogModuleManager: Shutting down and abandoning module AndroidRuntimeSettings (432)
[2017.08.08-02.40.38:909][  5]LogModuleManager: Shutting down and abandoning module InputBindingEditor (430)
[2017.08.08-02.40.38:916][  5]LogModuleManager: Shutting down and abandoning module MergeActors (428)
[2017.08.08-02.40.38:919][  5]LogModuleManager: Shutting down and abandoning module SizeMap (426)
[2017.08.08-02.40.38:919][  5]LogModuleManager: Shutting down and abandoning module TreeMap (424)
[2017.08.08-02.40.38:931][  5]LogModuleManager: Shutting down and abandoning module ReferenceViewer (422)
[2017.08.08-02.40.38:939][  5]LogModuleManager: Shutting down and abandoning module LocalizationDashboard (420)
[2017.08.08-02.40.38:957][  5]LogModuleManager: Shutting down and abandoning module LocalizationService (419)
[2017.08.08-02.40.38:970][  5]LogModuleManager: Shutting down and abandoning module HardwareTargeting (416)
[2017.08.08-02.40.38:970][  5]LogModuleManager: Shutting down and abandoning module DeviceProfileEditor (414)
[2017.08.08-02.40.38:983][  5]LogModuleManager: Shutting down and abandoning module UndoHistory (412)
[2017.08.08-02.40.38:989][  5]LogModuleManager: Shutting down and abandoning module UserFeedback (410)
[2017.08.08-02.40.38:989][  5]LogModuleManager: Shutting down and abandoning module XmlParser (408)
[2017.08.08-02.40.39:026][  5]LogModuleManager: Shutting down and abandoning module Blutility (406)
[2017.08.08-02.40.39:031][  5]LogModuleManager: Shutting down and abandoning module ProjectSettingsViewer (404)
[2017.08.08-02.40.39:031][  5]LogModuleManager: Shutting down and abandoning module ProjectTargetPlatformEditor (403)
[2017.08.08-02.40.39:031][  5]LogModuleManager: Shutting down and abandoning module EditorSettingsViewer (400)
[2017.08.08-02.40.39:031][  5]LogModuleManager: Shutting down and abandoning module SettingsEditor (398)
[2017.08.08-02.40.39:061][  5]LogModuleManager: Shutting down and abandoning module ProjectLauncher (396)
[2017.08.08-02.40.39:068][  5]LogModuleManager: Shutting down and abandoning module SessionFrontend (394)
[2017.08.08-02.40.39:074][  5]LogModuleManager: Shutting down and abandoning module ProfilerClient (392)
[2017.08.08-02.40.39:081][  5]LogModuleManager: Shutting down and abandoning module DeviceManager (390)
[2017.08.08-02.40.39:093][  5]LogModuleManager: Shutting down and abandoning module TargetDeviceServices (389)
[2017.08.08-02.40.39:166][  5]LogModuleManager: Shutting down and abandoning module AutomationController (386)
[2017.08.08-02.40.39:191][  5]LogModuleManager: Shutting down and abandoning module AutomationWindow (384)
[2017.08.08-02.40.39:201][  5]LogModuleManager: Shutting down and abandoning module Layers (382)
[2017.08.08-02.40.39:224][  5]LogModuleManager: Shutting down and abandoning module ComponentVisualizers (380)
[2017.08.08-02.40.39:224][  5]LogModuleManager: Shutting down and abandoning module DetailCustomizations (378)
[2017.08.08-02.40.39:259][  5]LogModuleManager: Shutting down and abandoning module PackagesDialog (376)
[2017.08.08-02.40.39:270][  5]LogModuleManager: Shutting down and abandoning module Persona (374)
[2017.08.08-02.40.39:324][  5]LogModuleManager: Shutting down and abandoning module AdvancedPreviewScene (373)
[2017.08.08-02.40.39:324][  5]LogModuleManager: Shutting down and abandoning module AnimGraph (371)
[2017.08.08-02.40.39:324][  5]LogModuleManager: Shutting down and abandoning module Kismet (368)
[2017.08.08-02.40.39:333][  5]LogModuleManager: Shutting down and abandoning module ClassViewer (366)
[2017.08.08-02.40.39:333][  5]LogModuleManager: Shutting down and abandoning module Toolbox (364)
[2017.08.08-02.40.39:347][  5]LogModuleManager: Shutting down and abandoning module ModuleUI (362)
[2017.08.08-02.40.39:367][  5]LogModuleManager: Shutting down and abandoning module MovieSceneTools (360)
[2017.08.08-02.40.39:488][  5]LogModuleManager: Shutting down and abandoning module OutputLog (358)
[2017.08.08-02.40.39:510][  5]LogModuleManager: Shutting down and abandoning module GammaUI (356)
[2017.08.08-02.40.39:525][  5]LogModuleManager: Shutting down and abandoning module Documentation (354)
[2017.08.08-02.40.39:525][  5]LogModuleManager: Shutting down and abandoning module MovieSceneTracks (352)
[2017.08.08-02.40.39:525][  5]LogModuleManager: Shutting down and abandoning module MovieScene (350)
[2017.08.08-02.40.39:525][  5]LogModuleManager: Shutting down and abandoning module Niagara (348)
[2017.08.08-02.40.39:525][  5]LogModuleManager: Shutting down and abandoning module NiagaraEditor (347)
[2017.08.08-02.40.39:560][  5]LogModuleManager: Shutting down and abandoning module StreamingPauseRendering (344)
[2017.08.08-02.40.39:560][  5]LogModuleManager: Shutting down and abandoning module AnalyticsET (342)
[2017.08.08-02.40.39:560][  5]LogModuleManager: Shutting down and abandoning module PortalServices (340)
[2017.08.08-02.40.39:560][  5]LogModuleManager: Shutting down and abandoning module PortalRpc (338)
[2017.08.08-02.40.39:560][  5]LogModuleManager: Shutting down and abandoning module MessagingRpc (336)
[2017.08.08-02.40.39:560][  5]LogModuleManager: Shutting down and abandoning module AIModule (334)
[2017.08.08-02.40.39:560][  5]LogModuleManager: Shutting down and abandoning module GameplayDebugger (333)
[2017.08.08-02.40.39:574][  5]LogModuleManager: Shutting down and abandoning module AITestSuite (331)
[2017.08.08-02.40.39:587][  5]LogModuleManager: Shutting down and abandoning module ProfilerService (328)
[2017.08.08-02.40.39:672][  5]LogModuleManager: Shutting down and abandoning module TaskGraph (326)
[2017.08.08-02.40.39:702][  5]LogModuleManager: Shutting down and abandoning module SteamVRController (324)
[2017.08.08-02.40.39:702][  5]LogModuleManager: Shutting down and abandoning module SteamVR (322)
[2017.08.08-02.40.39:702][  5]LogModuleManager: Shutting down and abandoning module ProceduralMeshComponentEditor (320)
[2017.08.08-02.40.39:715][  5]LogModuleManager: Shutting down and abandoning module ProceduralMeshComponent (318)
[2017.08.08-02.40.39:722][  5]LogModuleManager: Shutting down and abandoning module OculusLibrary (316)
[2017.08.08-02.40.39:722][  5]LogModuleManager: Shutting down and abandoning module OculusInput (314)
[2017.08.08-02.40.39:722][  5]LogModuleManager: Shutting down and abandoning module MobilePatchingUtils (312)
[2017.08.08-02.40.39:722][  5]LogModuleManager: Shutting down and abandoning module CustomMeshComponent (310)
[2017.08.08-02.40.39:722][  5]LogModuleManager: Shutting down and abandoning module CableComponent (308)
[2017.08.08-02.40.39:733][  5]LogModuleManager: Shutting down and abandoning module ArchVisCharacter (306)
[2017.08.08-02.40.39:733][  5]LogModuleManager: Shutting down and abandoning module AndroidPermission (304)
[2017.08.08-02.40.39:733][  5]LogModuleManager: Shutting down and abandoning module MediaPlayerEditor (300)
[2017.08.08-02.40.39:756][  5]LogModuleManager: Shutting down and abandoning module HTML5Networking (298)
[2017.08.08-02.40.39:756][  5]LogModuleManager: Shutting down and abandoning module AlembicImporter (296)
[2017.08.08-02.40.39:763][  5]LogModuleManager: Shutting down and abandoning module AlembicLibrary (295)
[2017.08.08-02.40.39:763][  5]LogModuleManager: Shutting down and abandoning module GeometryCache (294)
[2017.08.08-02.40.39:763][  5]LogModuleManager: Shutting down and abandoning module GeometryCacheEd (293)
[2017.08.08-02.40.39:763][  5]LogModuleManager: Shutting down and abandoning module SuperSearchEditor (288)
[2017.08.08-02.40.39:763][  5]LogModuleManager: Shutting down and abandoning module SuperSearch (287)
[2017.08.08-02.40.39:763][  5]LogModuleManager: Shutting down and abandoning module SpeedTreeImporter (284)
[2017.08.08-02.40.39:763][  5]LogModuleManager: Shutting down and abandoning module PluginBrowser (282)
[2017.08.08-02.40.39:785][  5]LogModuleManager: Shutting down and abandoning module MobileLauncherProfileWizard (280)
[2017.08.08-02.40.39:792][  5]LogModuleManager: Shutting down and abandoning module VisualStudioSourceCodeAccess (278)
[2017.08.08-02.40.39:805][  5]LogModuleManager: Shutting down and abandoning module DesktopPlatform (277)
[2017.08.08-02.40.39:805][  5]LogModuleManager: Shutting down and abandoning module UObjectPlugin (274)
[2017.08.08-02.40.39:805][  5]LogModuleManager: Shutting down and abandoning module SubversionSourceControl (272)
[2017.08.08-02.40.39:810][  5]LogModuleManager: Shutting down and abandoning module PerforceSourceControl (270)
[2017.08.08-02.40.39:823][  5]LogModuleManager: Shutting down and abandoning module GitSourceControl (268)
[2017.08.08-02.40.39:838][  5]LogModuleManager: Shutting down and abandoning module SourceControl (267)
[2017.08.08-02.40.39:846][  5]LogModuleManager: Shutting down and abandoning module LightPropagationVolumeEditor (264)
[2017.08.08-02.40.39:846][  5]LogModuleManager: Shutting down and abandoning module PaperTiledImporter (262)
[2017.08.08-02.40.39:846][  5]LogModuleManager: Shutting down and abandoning module PaperSpriteSheetImporter (260)
[2017.08.08-02.40.39:846][  5]LogModuleManager: Shutting down and abandoning module Paper2DEditor (258)
[2017.08.08-02.40.39:853][  5]LogModuleManager: Shutting down and abandoning module MeshPaint (257)
[2017.08.08-02.40.39:857][  5]LogModuleManager: Shutting down and abandoning module LevelEditor (255)
[2017.08.08-02.40.39:865][  5]LogModuleManager: Shutting down and abandoning module PixelInspectorModule (254)
[2017.08.08-02.40.39:885][  5]LogModuleManager: Shutting down and abandoning module MainFrame (252)
[2017.08.08-02.40.39:894][  5]LogModuleManager: Shutting down and abandoning module HotReload (251)
[2017.08.08-02.40.39:926][  5]LogModuleManager: Shutting down and abandoning module PhysXVehiclesEditor (246)
[2017.08.08-02.40.39:940][  5]LogModuleManager: Shutting down and abandoning module PhysXVehicles (244)
[2017.08.08-02.40.39:940][  5]LogModuleManager: Shutting down and abandoning module LocationServicesBPLibrary (242)
[2017.08.08-02.40.39:940][  5]LogModuleManager: Shutting down and abandoning module ImmediatePhysicsEditor (240)
[2017.08.08-02.40.39:940][  5]LogModuleManager: Shutting down and abandoning module ImmediatePhysics (238)
[2017.08.08-02.40.39:951][  5]LogModuleManager: Shutting down and abandoning module UdpMessaging (236)
[2017.08.08-02.40.40:051][  5]LogModuleManager: Shutting down and abandoning module TcpMessaging (234)
[2017.08.08-02.40.40:171][  5]LogModuleManager: Shutting down and abandoning module GameplayTagsEditor (232)
[2017.08.08-02.40.40:207][  5]LogModuleManager: Shutting down and abandoning module FacialAnimationEditor (230)
[2017.08.08-02.40.40:217][  5]LogModuleManager: Shutting down and abandoning module FacialAnimation (228)
[2017.08.08-02.40.40:217][  5]LogModuleManager: Shutting down and abandoning module AssetManagerEditor (226)
[2017.08.08-02.40.40:230][  5]LogModuleManager: Shutting down and abandoning module GraphEditor (225)
[2017.08.08-02.40.40:275][  5]LogModuleManager: Shutting down and abandoning module ContentBrowser (223)
[2017.08.08-02.40.40:276][  5]LogModuleManager: Shutting down and abandoning module LightPropagationVolumeRuntime (220)
[2017.08.08-02.40.40:276][  5]LogModuleManager: Shutting down and abandoning module Paper2D (218)
[2017.08.08-02.40.40:285][  5]LogModuleManager: Shutting down and abandoning module WindowsMoviePlayer (216)
[2017.08.08-02.40.40:286][  5]LogModuleManager: Shutting down and abandoning module WmfMedia (214)
[2017.08.08-02.40.40:295][  5]LogModuleManager: Shutting down and abandoning module ClothingSystemEditor (212)
[2017.08.08-02.40.40:304][  5]LogModuleManager: Shutting down and abandoning module ClothingSystemRuntime (210)
[2017.08.08-02.40.40:314][  5]LogModuleManager: Shutting down and abandoning module MediaAssets (208)
[2017.08.08-02.40.40:314][  5]LogModuleManager: Shutting down and abandoning module GameLiveStreaming (206)
[2017.08.08-02.40.40:323][  5]LogModuleManager: Shutting down and abandoning module VREditor (204)
[2017.08.08-02.40.40:329][  5]LogModuleManager: Shutting down and abandoning module StringTableEditor (202)
[2017.08.08-02.40.40:345][  5]LogModuleManager: Shutting down and abandoning module GameplayTasksEditor (200)
[2017.08.08-02.40.40:345][  5]LogModuleManager: Shutting down and abandoning module BehaviorTreeEditor (198)
[2017.08.08-02.40.40:378][  5]LogModuleManager: Shutting down and abandoning module FunctionalTesting (196)
[2017.08.08-02.40.40:378][  5]LogModuleManager: Shutting down and abandoning module CollisionAnalyzer (194)
[2017.08.08-02.40.40:392][  5]LogModuleManager: Shutting down and abandoning module UMG (192)
[2017.08.08-02.40.40:401][  5]LogModuleManager: Shutting down and abandoning module UMGEditor (191)
[2017.08.08-02.40.40:439][  5]LogModuleManager: Shutting down and abandoning module Sequencer (190)
[2017.08.08-02.40.40:464][  5]LogModuleManager: Shutting down and abandoning module AssetTools (188)
[2017.08.08-02.40.40:577][  5]LogModuleManager: Shutting down and abandoning module MessageLog (187)
[2017.08.08-02.40.40:587][  5]LogModuleManager: Shutting down and abandoning module WorkspaceMenuStructure (186)
[2017.08.08-02.40.40:587][  5]LogModuleManager: Shutting down and abandoning module SlateReflector (180)
[2017.08.08-02.40.40:615][  5]LogModuleManager: Shutting down and abandoning module Slate (178)
[2017.08.08-02.40.40:615][  5]LogModuleManager: Shutting down and abandoning module EditorStyle (176)
[2017.08.08-02.40.40:635][  5]LogModuleManager: Shutting down and abandoning module SourceCodeAccess (174)
[2017.08.08-02.40.40:635][  5]LogModuleManager: Shutting down and abandoning module HeadMountedDisplay (172)
[2017.08.08-02.40.40:635][  5]LogModuleManager: Shutting down and abandoning module XAudio2 (170)
[2017.08.08-02.40.40:635][  5]LogModuleManager: Shutting down and abandoning module Networking (168)
[2017.08.08-02.40.40:635][  5]LogModuleManager: Shutting down and abandoning module Core (164)
[2017.08.08-02.40.40:635][  5]LogModuleManager: Shutting down and abandoning module AssetRegistry (162)
[2017.08.08-02.40.40:897][  5]LogDirectoryWatcher: A directory notification for '../../../Engine/Content/' was aborted.
[2017.08.08-02.40.40:897][  5]LogDirectoryWatcher: A directory notification for '../../../../../../Users/visgu/OneDrive/Documents/Unreal Projects/CaptureTheFlag/Content/' was aborted.
[2017.08.08-02.40.40:897][  5]LogDirectoryWatcher: A directory notification for '../../../Engine/Plugins/2D/Paper2D/Content/' was aborted.
[2017.08.08-02.40.40:897][  5]LogDirectoryWatcher: A directory notification for '../../../Engine/Plugins/Runtime/GearVR/Content/' was aborted.
[2017.08.08-02.40.40:900][  5]LogModuleManager: Shutting down and abandoning module DirectoryWatcher (161)
[2017.08.08-02.40.40:901][  5]LogModuleManager: Shutting down and abandoning module KismetCompiler (158)
[2017.08.08-02.40.40:901][  5]LogModuleManager: Shutting down and abandoning module LevelSequence (156)
[2017.08.08-02.40.40:901][  5]LogModuleManager: Shutting down and abandoning module PhysXFormats (154)
[2017.08.08-02.40.40:901][  5]LogModuleManager: Shutting down and abandoning module MeshUtilities (152)
[2017.08.08-02.40.41:567][  5]LogModuleManager: Shutting down and abandoning module SimplygonSwarm (151)
[2017.08.08-02.40.41:609][  5]LogModuleManager: Shutting down and abandoning module SimplygonMeshReduction (149)
[2017.08.08-02.40.41:609][  5]LogModuleManager: Shutting down and abandoning module QuadricMeshReduction (147)
[2017.08.08-02.40.41:614][  5]LogModuleManager: Shutting down and abandoning module DerivedDataCache (144)
[2017.08.08-02.40.41:627][  5]LogDerivedDataCache: Shutdown
[2017.08.08-02.40.41:658][  5]LogModuleManager: Shutting down and abandoning module TargetPlatform (142)
[2017.08.08-02.40.41:658][  5]LogModuleManager: Shutting down and abandoning module VulkanShaderFormat (141)
[2017.08.08-02.40.42:183][  5]LogModuleManager: Shutting down and abandoning module ShaderFormatVectorVM (139)
[2017.08.08-02.40.42:215][  5]LogModuleManager: Shutting down and abandoning module ShaderFormatOpenGL (137)
[2017.08.08-02.40.42:233][  5]LogModuleManager: Shutting down and abandoning module ShaderFormatD3D (135)
[2017.08.08-02.40.42:245][  5]LogModuleManager: Shutting down and abandoning module MetalShaderFormat (133)
[2017.08.08-02.40.42:264][  5]LogModuleManager: Shutting down and abandoning module TextureFormatUncompressed (131)
[2017.08.08-02.40.42:264][  5]LogModuleManager: Shutting down and abandoning module TextureFormatPVR (129)
[2017.08.08-02.40.42:264][  5]LogModuleManager: Shutting down and abandoning module TextureFormatDXT (127)
[2017.08.08-02.40.42:280][  5]LogModuleManager: Shutting down and abandoning module TextureFormatIntelISPCTexComp (125)
[2017.08.08-02.40.42:283][  5]LogModuleManager: Shutting down and abandoning module TextureFormatASTC (123)
[2017.08.08-02.40.42:283][  5]LogModuleManager: Shutting down and abandoning module ImageWrapper (122)
[2017.08.08-02.40.42:284][  5]LogModuleManager: Shutting down and abandoning module TextureFormatAndroid (119)
[2017.08.08-02.40.42:284][  5]LogModuleManager: Shutting down and abandoning module AudioFormatOpus (117)
[2017.08.08-02.40.42:284][  5]LogModuleManager: Shutting down and abandoning module AudioFormatOgg (115)
[2017.08.08-02.40.42:284][  5]LogModuleManager: Shutting down and abandoning module AudioFormatADPCM (113)
[2017.08.08-02.40.42:284][  5]LogModuleManager: Shutting down and abandoning module LinuxTargetPlatform (111)
[2017.08.08-02.40.42:284][  5]LogModuleManager: Shutting down and abandoning module LinuxServerTargetPlatform (109)
[2017.08.08-02.40.42:284][  5]LogModuleManager: Shutting down and abandoning module LinuxNoEditorTargetPlatform (107)
[2017.08.08-02.40.42:284][  5]LogModuleManager: Shutting down and abandoning module LinuxClientTargetPlatform (105)
[2017.08.08-02.40.42:284][  5]LogModuleManager: Shutting down and abandoning module TVOSTargetPlatform (103)
[2017.08.08-02.40.42:284][  5]LogModuleManager: Shutting down and abandoning module Messaging (101)
[2017.08.08-02.40.42:284][  5]LogModuleManager: Shutting down and abandoning module IOSTargetPlatform (99)
[2017.08.08-02.40.42:284][  5]LogModuleManager: Shutting down and abandoning module HTML5TargetPlatform (97)
[2017.08.08-02.40.42:285][  5]LogModuleManager: Shutting down and abandoning module Android_PVRTCTargetPlatform (95)
[2017.08.08-02.40.42:292][  5]LogModuleManager: Shutting down and abandoning module Android_MultiTargetPlatform (93)
[2017.08.08-02.40.42:292][  5]LogModuleManager: Shutting down and abandoning module Android_ETC2TargetPlatform (91)
[2017.08.08-02.40.42:298][  5]LogModuleManager: Shutting down and abandoning module Android_ETC1TargetPlatform (89)
[2017.08.08-02.40.42:308][  5]LogModuleManager: Shutting down and abandoning module Android_DXTTargetPlatform (87)
[2017.08.08-02.40.42:329][  5]LogModuleManager: Shutting down and abandoning module Android_ATCTargetPlatform (85)
[2017.08.08-02.40.42:338][  5]LogModuleManager: Shutting down and abandoning module Android_ASTCTargetPlatform (83)
[2017.08.08-02.40.42:338][  5]LogModuleManager: Shutting down and abandoning module AndroidTargetPlatform (81)
[2017.08.08-02.40.42:355][  5]LogModuleManager: Shutting down and abandoning module WindowsTargetPlatform (79)
[2017.08.08-02.40.42:355][  5]LogModuleManager: Shutting down and abandoning module WindowsServerTargetPlatform (77)
[2017.08.08-02.40.42:355][  5]LogModuleManager: Shutting down and abandoning module WindowsNoEditorTargetPlatform (75)
[2017.08.08-02.40.42:355][  5]LogModuleManager: Shutting down and abandoning module WindowsClientTargetPlatform (73)
[2017.08.08-02.40.42:355][  5]LogModuleManager: Shutting down and abandoning module MacTargetPlatform (71)
[2017.08.08-02.40.42:355][  5]LogModuleManager: Shutting down and abandoning module MacServerTargetPlatform (69)
[2017.08.08-02.40.42:355][  5]LogModuleManager: Shutting down and abandoning module MacNoEditorTargetPlatform (67)
[2017.08.08-02.40.42:355][  5]LogModuleManager: Shutting down and abandoning module MacClientTargetPlatform (65)
[2017.08.08-02.40.42:356][  5]LogModuleManager: Shutting down and abandoning module AllDesktopTargetPlatform (63)
[2017.08.08-02.40.42:356][  5]LogModuleManager: Shutting down and abandoning module InputCore (60)
[2017.08.08-02.40.42:356][  5]LogModuleManager: Shutting down and abandoning module Settings (58)
[2017.08.08-02.40.42:356][  5]LogModuleManager: Shutting down and abandoning module OculusRift (56)
[2017.08.08-02.40.42:363][  5]LogModuleManager: Shutting down and abandoning module GearVRController (54)
[2017.08.08-02.40.42:363][  5]LogModuleManager: Shutting down and abandoning module GearVR (52)
[2017.08.08-02.40.42:381][  5]LogModuleManager: Shutting down and abandoning module ExampleDeviceProfileSelector (50)
[2017.08.08-02.40.42:381][  5]LogModuleManager: Shutting down and abandoning module OnlineBlueprintSupport (48)
[2017.08.08-02.40.42:381][  5]LogModuleManager: Shutting down and abandoning module OnlineSubsystem (44)
[2017.08.08-02.40.42:381][  5]LogOnline:Display: Unloading online subsystem: NULL
[2017.08.08-02.40.43:062][  5]LogModuleManager: Shutting down and abandoning module XMPP (43)
[2017.08.08-02.40.43:093][  5]LogModuleManager: Shutting down and abandoning module HTTP (41)
[2017.08.08-02.40.43:093][  5]LogHttp:Display: Http module shutting down, but needs to wait on 1 outstanding Http requests:
[2017.08.08-02.40.43:093][  5]LogHttp:Display: 	verb=[POST] url=[https://datarouter.ol.epicgames.com/datarouter/api/v1/public/data?SessionID=%7B7CCD1197-4B56-9C46-8312-C280AE1F9C58%7D&AppID=UEEditor.Rocket.Release&AppVersion=4.16.2-3514769%2B%2B%2BUE4%2BRelease-4.16&UserID=7f144887494934c52cd252a5331ee2ea%7Ce3994acd28764336bf7dadb9e4f843e0%7C526f72d9-8d90-4842-94ea-75b0c1e3a8fb&AppEnvironment=datacollector-binary&UploadType=eteventstream] status=Processing
[2017.08.08-02.40.43:115][  5]LogModuleManager: Shutting down and abandoning module SSL (40)
[2017.08.08-02.40.43:129][  5]LogModuleManager: Shutting down and abandoning module HTTPChunkInstaller (36)
[2017.08.08-02.40.43:141][  5]LogModuleManager: Shutting down and abandoning module AnimationModifiers (34)
[2017.08.08-02.40.43:155][  5]LogModuleManager: Shutting down and abandoning module PropertyEditor (33)
[2017.08.08-02.40.43:162][  5]LogModuleManager: Shutting down and abandoning module AudioEditor (30)
[2017.08.08-02.40.43:182][  5]LogModuleManager: Shutting down and abandoning module TextureCompressor (28)
[2017.08.08-02.40.43:190][  5]LogModuleManager: Shutting down and abandoning module ShaderCore (26)
[2017.08.08-02.40.43:190][  5]LogModuleManager: Shutting down and abandoning module Landscape (24)
[2017.08.08-02.40.43:190][  5]LogModuleManager: Shutting down and abandoning module SlateRHIRenderer (22)
[2017.08.08-02.40.43:207][  5]LogModuleManager: Shutting down and abandoning module OpenGLDrv (20)
[2017.08.08-02.40.43:223][  5]LogModuleManager: Shutting down and abandoning module D3D11RHI (18)
[2017.08.08-02.40.43:224][  5]LogModuleManager: Shutting down and abandoning module AnimGraphRuntime (16)
[2017.08.08-02.40.43:231][  5]LogModuleManager: Shutting down and abandoning module Renderer (14)
[2017.08.08-02.40.43:231][  5]LogModuleManager: Shutting down and abandoning module Engine (12)
[2017.08.08-02.40.43:231][  5]LogModuleManager: Shutting down and abandoning module CoreUObject (10)
[2017.08.08-02.40.43:231][  5]LogModuleManager: Shutting down and abandoning module NetworkFile (8)
[2017.08.08-02.40.43:238][  5]LogModuleManager: Shutting down and abandoning module StreamingFile (6)
[2017.08.08-02.40.43:246][  5]LogModuleManager: Shutting down and abandoning module SandboxFile (4)
[2017.08.08-02.40.43:257][  5]LogModuleManager: Shutting down and abandoning module PakFile (2)
[2017.08.08-02.40.43:275][  5]LogExit: Exiting.
[2017.08.08-02.40.43:292][  5]Log file closed, 08/07/17 19:40:43
