Log file open, 08/06/17 16:40:21
LogInit:Display: Running engine for game: CaptureTheFlag
LogPlatformFile: Not using cached read wrapper
LogInit:Display: RandInit(-1055241269) SRandInit(-1055241269).
LogTaskGraph: Started task graph with 5 named threads and 6 total threads with 1 sets of task threads.
LogStats: Stats thread started at 2.293689
LogInit: Using libcurl 7.47.1
LogInit:  - built for x86_64-pc-win32
LogInit:  - supports SSL with OpenSSL/1.0.2g
LogInit:  - supports HTTP deflate (compression) using libz 1.2.8
LogInit:  - other features:
LogInit:      CURL_VERSION_SSL
LogInit:      CURL_VERSION_LIBZ
LogInit:      CURL_VERSION_IPV6
LogInit:      CURL_VERSION_ASYNCHDNS
LogInit:      CURL_VERSION_LARGEFILE
LogInit:      CURL_VERSION_IDN
LogInit:  CurlRequestOptions (configurable via config and command line):
LogInit:  - bVerifyPeer = false  - Libcurl will NOT verify peer certificate
LogInit:  - bUseHttpProxy = false  - Libcurl will NOT use HTTP proxy
LogInit:  - bDontReuseConnections = false  - Libcurl will reuse connections
LogInit:  - CertBundlePath = nullptr  - Libcurl will use whatever was configured at build time.
LogInit: Build: ++UE4+Release-4.16-CL-3514769
LogInit: Engine Version: 4.16.2-3514769+++UE4+Release-4.16
LogInit: Compatible Engine Version: 4.16.0-3452394+++UE4+Release-4.16
LogInit: Net CL: 3452394
LogDevObjectVersion: Number of dev versions registered: 16
LogDevObjectVersion:   Dev-Blueprints (B0D832E4-1F89-4F0D-ACCF-7EB736FD4AA2): 9
LogDevObjectVersion:   Dev-Build (E1C64328-A22C-4D53-A36C-8E866417BD8C): 0
LogDevObjectVersion:   Dev-Core (375EC13C-06E4-48FB-B500-84F0262A717E): 2
LogDevObjectVersion:   Dev-Editor (E4B068ED-F494-42E9-A231-DA0B2E46BB41): 17
LogDevObjectVersion:   Dev-Framework (CFFC743F-43B0-4480-9391-14DF171D2073): 23
LogDevObjectVersion:   Dev-Mobile (B02B49B5-BB20-44E9-A304-32B752E40360): 0
LogDevObjectVersion:   Dev-Networking (A4E4105C-59A1-49B5-A7C5-40C4547EDFEE): 0
LogDevObjectVersion:   Dev-Online (39C831C9-5AE6-47DC-9A44-9C173E1C8E7C): 0
LogDevObjectVersion:   Dev-Physics (78F01B33-EBEA-4F98-B9B4-84EACCB95AA2): 0
LogDevObjectVersion:   Dev-Platform (6631380F-2D4D-43E0-8009-CF276956A95A): 0
LogDevObjectVersion:   Dev-Rendering (12F88B9F-8875-4AFC-A67C-D90C383ABD29): 15
LogDevObjectVersion:   Dev-Sequencer (7B5AE74C-D270-4C10-A958-57980B212A5A): 4
LogDevObjectVersion:   Dev-VR (D7296918-1DD6-4BDD-9DE2-64A83CC13884): 0
LogDevObjectVersion:   Dev-LoadTimes (C2A15278-BFE7-4AFE-6C17-90FF531DF755): 1
LogDevObjectVersion:   Private-Geometry (6EACA3D4-40EC-4CC1-B786-8BED09428FC5): 1
LogDevObjectVersion:   Dev-AnimPhys (29E575DD-E0A3-4627-9D10-D276232CDCEA): 3
LogInit: Compiled (64-bit): Jun 29 2017 02:03:24
LogInit: Compiled with Visual C++: 19.00.24215.01
LogInit: Build Configuration: Development
LogInit: Branch Name: ++UE4+Release-4.16
LogInit: Command line:  
LogInit: Base directory: C:/Program Files/Epic Games/UE_4.16/Engine/Binaries/Win64/
LogInit: Installed Engine Build: 1
LogInit: Presizing for max 8388607 objects, including 0 objects not considered by GC, pre-allocating 0 bytes for permanent pool.
LogInit: Object subsystem initialized
[2017.08.06-23.40.23:188][  0]LogInit: Selected Device Profile: [Windows]
[2017.08.06-23.40.23:188][  0]LogInit: Applying CVar settings loaded from the selected device profile: [Windows]
[2017.08.06-23.40.23:300][  0]LogInit: Computer: DESKTOP-FLFRCNR
[2017.08.06-23.40.23:300][  0]LogInit: User: visgu
[2017.08.06-23.40.23:300][  0]LogInit: CPU Page size=4096, Cores=2
[2017.08.06-23.40.23:300][  0]LogInit: High frequency timer resolution =2.145337 MHz
[2017.08.06-23.40.23:320][  0]LogMemory: Memory total: Physical=7.9GB (8GB approx)
[2017.08.06-23.40.23:320][  0]LogMemory: Platform Memory Stats for Windows
[2017.08.06-23.40.23:320][  0]LogMemory: Process Physical Memory: 273.45 MB used, 273.45 MB peak
[2017.08.06-23.40.23:320][  0]LogMemory: Process Virtual Memory: 266.84 MB used, 266.84 MB peak
[2017.08.06-23.40.23:320][  0]LogMemory: Physical Memory: 5198.95 MB used,  2863.75 MB free, 8062.71 MB total
[2017.08.06-23.40.23:320][  0]LogMemory: Virtual Memory: 629.34 MB used,  2863.75 MB free, 134217728.00 MB total
[2017.08.06-23.40.24:271][  0]LogInit: Using OS detected language (en-US).
[2017.08.06-23.40.24:271][  0]LogInit: Using OS detected locale (en-US).
[2017.08.06-23.40.24:461][  0]LogTextLocalizationManager: No specific localization for 'en-US' exists, so the 'en' localization will be used.
[2017.08.06-23.40.27:227][  0]LogD3D11RHI: D3D11 adapters:
[2017.08.06-23.40.27:237][  0]LogD3D11RHI:    0. 'Intel(R) HD Graphics 5500' (Feature Level 11_0)
[2017.08.06-23.40.27:237][  0]LogD3D11RHI:       128/0/4031 MB DedicatedVideo/DedicatedSystem/SharedSystem, Outputs:1, VendorId:0x8086
[2017.08.06-23.40.27:238][  0]LogD3D11RHI:    1. 'Microsoft Basic Render Driver' (Feature Level 11_0)
[2017.08.06-23.40.27:238][  0]LogD3D11RHI:       0/0/4031 MB DedicatedVideo/DedicatedSystem/SharedSystem, Outputs:0, VendorId:0x1414
[2017.08.06-23.40.27:238][  0]LogD3D11RHI: Chosen D3D11 Adapter: 0
[2017.08.06-23.40.27:266][  0]LogD3D11RHI: Creating new Direct3DDevice
[2017.08.06-23.40.27:266][  0]LogD3D11RHI:     GPU DeviceId: 0x1616 (for the marketing name, search the web for "GPU Device Id")
[2017.08.06-23.40.27:266][  0]LogWindows: EnumDisplayDevices:
[2017.08.06-23.40.27:266][  0]LogWindows:    0. 'Intel(R) HD Graphics 5500' (P:1 D:1)
[2017.08.06-23.40.27:267][  0]LogWindows:    1. 'Intel(R) HD Graphics 5500' (P:0 D:0)
[2017.08.06-23.40.27:267][  0]LogWindows:    2. 'Intel(R) HD Graphics 5500' (P:0 D:0)
[2017.08.06-23.40.27:267][  0]LogWindows: DebugString: FoundDriverCount:3 
[2017.08.06-23.40.27:267][  0]LogD3D11RHI:     Adapter Name: Intel(R) HD Graphics 5500
[2017.08.06-23.40.27:267][  0]LogD3D11RHI:   Driver Version: 20.19.15.4549 (internal:20.19.15.4549, unified:20.19.15.4549)
[2017.08.06-23.40.27:267][  0]LogD3D11RHI:      Driver Date: 11-10-2016
[2017.08.06-23.40.27:267][  0]LogRHI: Texture pool is 1361 MB (70% of 1945 MB)
[2017.08.06-23.40.27:284][  0]LogD3D11RHI: Async texture creation enabled
[2017.08.06-23.40.27:836][  0]LogD3D11RHI: GPU Timing Frequency: 12.500000 (Debug: 2 0)
[2017.08.06-23.40.28:037][  0]LogShaderCompilers: Guid format shader working directory is -33 characters bigger than the processId version (../../../../../../Users/visgu/OneDrive/Documents/Unreal Projects/CaptureTheFlag/Intermediate/Shaders/WorkingDirectory/5396/).
[2017.08.06-23.40.28:037][  0]LogShaderCompilers: Cleaned the shader compiler working directory 'C:/Users/visgu/AppData/Local/Temp/UnrealShaderWorkingDir/6EEEBB02477887015BDE198CCFF3C910/'.
[2017.08.06-23.40.28:056][  0]LogShaderCompilers:Display: Using Local Shader Compiler.
[2017.08.06-23.40.32:054][  0]LogTemp:Display: Loaded TP AllDesktopTargetPlatform
[2017.08.06-23.40.32:147][  0]LogTemp:Display: Loaded TP MacClientTargetPlatform
[2017.08.06-23.40.32:232][  0]LogTemp:Display: Loaded TP MacNoEditorTargetPlatform
[2017.08.06-23.40.32:316][  0]LogTemp:Display: Loaded TP MacServerTargetPlatform
[2017.08.06-23.40.32:416][  0]LogTemp:Display: Loaded TP MacTargetPlatform
[2017.08.06-23.40.32:510][  0]LogTemp:Display: Loaded TP WindowsClientTargetPlatform
[2017.08.06-23.40.32:595][  0]LogTemp:Display: Loaded TP WindowsNoEditorTargetPlatform
[2017.08.06-23.40.32:678][  0]LogTemp:Display: Loaded TP WindowsServerTargetPlatform
[2017.08.06-23.40.32:762][  0]LogTemp:Display: Loaded TP WindowsTargetPlatform
[2017.08.06-23.40.32:870][  0]LogTemp:Display: Loaded TP AndroidTargetPlatform
[2017.08.06-23.40.32:981][  0]LogTemp:Display: Loaded TP Android_ASTCTargetPlatform
[2017.08.06-23.40.33:070][  0]LogTemp:Display: Loaded TP Android_ATCTargetPlatform
[2017.08.06-23.40.33:153][  0]LogTemp:Display: Loaded TP Android_DXTTargetPlatform
[2017.08.06-23.40.33:242][  0]LogTemp:Display: Loaded TP Android_ETC1TargetPlatform
[2017.08.06-23.40.33:341][  0]LogTemp:Display: Loaded TP Android_ETC2TargetPlatform
[2017.08.06-23.40.33:527][  0]LogTemp:Display: Loaded TP Android_MultiTargetPlatform
[2017.08.06-23.40.33:527][  0]LogTemp:Display: Loaded TP Android_PVRTCTargetPlatform
[2017.08.06-23.40.33:612][  0]LogTemp:Display: Loaded TP HTML5TargetPlatform
[2017.08.06-23.40.33:836][  0]LogTemp:Display: Loaded TP IOSTargetPlatform
[2017.08.06-23.40.33:889][  0]LogTemp:Display: Loaded TP TVOSTargetPlatform
[2017.08.06-23.40.33:996][  0]LogTemp:Display: Loaded TP LinuxClientTargetPlatform
[2017.08.06-23.40.34:098][  0]LogTemp:Display: Loaded TP LinuxNoEditorTargetPlatform
[2017.08.06-23.40.34:184][  0]LogTemp:Display: Loaded TP LinuxServerTargetPlatform
[2017.08.06-23.40.34:299][  0]LogTemp:Display: Loaded TP LinuxTargetPlatform
[2017.08.06-23.40.34:299][  0]LogTargetPlatformManager:Display: Building Assets For Windows
[2017.08.06-23.40.38:045][  0]LogDerivedDataCache:Display: Max Cache Size: 512 MB
[2017.08.06-23.40.41:438][  0]LogDerivedDataCache: Loaded boot cache 3.39s 90MB C:/Users/visgu/AppData/Local/UnrealEngine/4.16/DerivedDataCache/Boot.ddc.
[2017.08.06-23.40.41:438][  0]LogDerivedDataCache:Display: Loaded Boot cache: C:/Users/visgu/AppData/Local/UnrealEngine/4.16/DerivedDataCache/Boot.ddc
[2017.08.06-23.40.41:438][  0]LogDerivedDataCache: FDerivedDataBackendGraph:  Pak pak cache file ../../../../../../Users/visgu/OneDrive/Documents/Unreal Projects/CaptureTheFlag/DerivedDataCache/DDC.ddp not found, will not use a pak cache.
[2017.08.06-23.40.41:438][  0]LogDerivedDataCache: Unable to find inner node Pak for hierarchical cache Hierarchy.
[2017.08.06-23.40.41:438][  0]LogDerivedDataCache: FDerivedDataBackendGraph:  CompressedPak pak cache file ../../../../../../Users/visgu/OneDrive/Documents/Unreal Projects/CaptureTheFlag/DerivedDataCache/Compressed.ddp not found, will not use a pak cache.
[2017.08.06-23.40.41:438][  0]LogDerivedDataCache: Unable to find inner node CompressedPak for hierarchical cache Hierarchy.
[2017.08.06-23.40.41:517][  0]LogDerivedDataCache:Display: Pak cache opened for reading ../../../Engine/DerivedDataCache/Compressed.ddp.
[2017.08.06-23.40.41:568][  0]LogDerivedDataCache: Using Local data cache path C:/Users/visgu/AppData/Local/UnrealEngine/Common/DerivedDataCache: Writable
[2017.08.06-23.40.41:853][  0]LogMaterial: Verifying Global Shaders for PCD3D_SM5
[2017.08.06-23.40.42:071][  0]LogSlate: Using Freetype 2.6.0
[2017.08.06-23.40.42:239][  0]LogSlate: SlateFontCache - WITH_FREETYPE: 1, WITH_HARFBUZZ: 1
[2017.08.06-23.40.42:239][  0]LogSlate: SlateFontCache - WITH_FREETYPE: 1, WITH_HARFBUZZ: 1
[2017.08.06-23.40.56:602][  0]LogInit: Selected Device Profile: [Windows]
[2017.08.06-23.40.58:208][  0]LogContentStreaming: Texture pool size is 0.00 MB
[2017.08.06-23.40.59:241][  0]LogMeshUtilities: Using QuadricMeshReduction for automatic static mesh reduction
[2017.08.06-23.40.59:460][  0]LogSimplygon: Simplygon DLL not present - disabling.
[2017.08.06-23.40.59:648][  0]LogMeshUtilities: Using SimplygonSwarm for distributed automatic mesh merging
[2017.08.06-23.40.59:648][  0]LogMeshUtilities: No automatic skeletal mesh reduction module available
[2017.08.06-23.40.59:648][  0]LogMeshUtilities: No automatic mesh merging module available
[2017.08.06-23.41.07:512][  0]LogNetVersion: CaptureTheFlag , NetCL: 3452394, EngineNetVer: 2, GameNetVer: 0 (Checksum: 317260116)
[2017.08.06-23.41.08:082][  0]LogAssetRegistry: FAssetRegistry took 0.0512 seconds to start up
[2017.08.06-23.41.09:612][  0]LogPackageLocalizationCache: Processed 4 localized package path(s) for 2 prioritized culture(s) in 1.401237 seconds
[2017.08.06-23.41.09:672][  0]LogUObjectArray: 34194 objects as part of root set at end of initial load.
[2017.08.06-23.41.09:672][  0]LogUObjectAllocator: 7260416 out of 0 bytes used by permanent object pool.
[2017.08.06-23.41.09:680][  0]LogUObjectArray: CloseDisregardForGC: 0/0 objects in disregard for GC pool
[2017.08.06-23.41.09:883][  0]LogInit: WinSock: version 1.1 (2.2), MaxSocks=32767, MaxUdp=65467
[2017.08.06-23.41.33:884][  0]LogTcpMessaging: Initializing TcpMessaging bridge
[2017.08.06-23.41.33:951][  0]LogUdpMessaging: Initializing bridge on interface 0.0.0.0:0 to multicast group 230.0.0.1:6666.
[2017.08.06-23.41.35:709][  0]LogMaterial: Uniform references updated for custom material expression Custom.
[2017.08.06-23.41.37:128][  0]SourceControl: Info Source control is disabled
[2017.08.06-23.41.40:827][  0]LogAndroidPermission: UAndroidPermissionCallbackProxy::GetInstance
[2017.08.06-23.41.42:595][  0]LogEngine: Initializing Engine...
[2017.08.06-23.41.42:656][  0]LogHMD: Failed to initialize OpenVR with code 110
[2017.08.06-23.41.43:474][  0]LogStats: UGameplayTagsManager::ConstructGameplayTagTree: Construct from data asset -  0.000 s
[2017.08.06-23.41.43:475][  0]LogStats: UGameplayTagsManager::ConstructGameplayTagTree: GameplayTagTreeChangedEvent.Broadcast -  0.000 s
[2017.08.06-23.41.44:548][  0]LogAIModule: Creating AISystem for world Untitled
[2017.08.06-23.41.44:969][  0]LogInit: XAudio2 using 'Speakers (Realtek High Definition Audio)' : 2 channels at 48 kHz using 32 bits per sample (channel mask 0x3)
[2017.08.06-23.41.45:016][  0]LogInit: FAudioDevice initialized.
[2017.08.06-23.41.45:092][  0]LogDerivedDataCache: Saved boot cache 0.07s 90MB C:/Users/visgu/AppData/Local/UnrealEngine/4.16/DerivedDataCache/Boot.ddc.
[2017.08.06-23.41.45:102][  0]LogInit: Texture streaming: Enabled
[2017.08.06-23.41.45:554][  0]LogEngineSessionManager: EngineSessionManager initialized
[2017.08.06-23.41.46:949][  0]LogInit: Transaction tracking system initialized
[2017.08.06-23.41.48:364][  0]BlueprintLog: New page: Editor Load
[2017.08.06-23.41.51:458][  0]LocalizationService: Info Localization service is disabled
[2017.08.06-23.41.53:503][  0]LogConsoleResponse:Display: 
[2017.08.06-23.41.57:519][  0]LogFileCache: Scanning file cache for directory 'C:/Users/visgu/OneDrive/Documents/Unreal Projects/CaptureTheFlag/Content/' took 0.06s
[2017.08.06-23.41.57:519][  0]LogCook:Display: Max memory allowance for cook 16384mb min free memory 0mb
[2017.08.06-23.41.57:519][  0]LogCook:Display: Mobile HDR setting 1
[2017.08.06-23.42.03:447][  0]Cmd: MAP LOAD FILE="../../../../../../Users/visgu/OneDrive/Documents/Unreal Projects/CaptureTheFlag/Content/TopDownBP/Maps/TopDownExampleMap.umap" TEMPLATE=0 SHOWPROGRESS=1 FEATURELEVEL=3
[2017.08.06-23.42.03:522][  0]LightingResults: New page: Lighting Build
[2017.08.06-23.42.03:992][  0]MapCheck: New page: Map Check
[2017.08.06-23.42.03:992][  0]LightingResults: New page: Lighting Build
[2017.08.06-23.42.09:215][  0]LogAIModule: Creating AISystem for world TopDownExampleMap
[2017.08.06-23.42.11:240][  0]LogEditorServer: Finished looking for orphan Actors (0.000 secs)
[2017.08.06-23.42.11:646][  0]Cmd: MAP CHECKDEP NOCLEARLOG
[2017.08.06-23.42.11:814][  0]MapCheck: Info Map check complete: 0 Error(s), 0 Warning(s), took 156.045ms to complete.
[2017.08.06-23.42.11:814][  0]LogFileHelpers: Loading map 'TopDownExampleMap' took 8.399
[2017.08.06-23.42.14:504][  0]LogCollectionManager: Loaded 0 collections in 0.002394 seconds
[2017.08.06-23.42.14:730][  0]LogFileCache: Scanning file cache for directory 'C:/Users/visgu/OneDrive/Documents/Unreal Projects/CaptureTheFlag/Saved/Collections/' took 0.01s
[2017.08.06-23.42.14:730][  0]LogFileCache: Scanning file cache for directory 'C:/Users/visgu/OneDrive/Documents/Unreal Projects/CaptureTheFlag/Content/Developers/visgu/Collections/' took 0.01s
[2017.08.06-23.42.14:730][  0]LogFileCache: Scanning file cache for directory 'C:/Users/visgu/OneDrive/Documents/Unreal Projects/CaptureTheFlag/Content/Collections/' took 0.01s
[2017.08.06-23.42.14:730][  0]LogCollectionManager: Rebuilt the GUID cache for 0 collections in 0.000002 seconds
[2017.08.06-23.42.14:744][  0]LogContentBrowser: Native class hierarchy populated in 0.0123 seconds. Added 2329 classes and 491 folders.
[2017.08.06-23.42.14:999][  0]LogContentBrowser: Native class hierarchy updated for 'WidgetCarousel' in 0.0007 seconds. Added 0 classes and 0 folders.
[2017.08.06-23.42.15:952][  0]LogContentBrowser: Native class hierarchy updated for 'AddContentDialog' in 0.0007 seconds. Added 0 classes and 0 folders.
[2017.08.06-23.42.16:126][  0]LogContentBrowser: Native class hierarchy updated for 'SceneOutliner' in 0.0007 seconds. Added 1 classes and 2 folders.
[2017.08.06-23.42.16:973][  0]LogCrashTracker: Crashtracker disabled due to settings.
[2017.08.06-23.42.18:542][  0]LogUObjectGlobals:Warning: Failed to find object 'Class None.'
[2017.08.06-23.42.18:738][  0]LogContentBrowser: Native class hierarchy updated for 'HierarchicalLODOutliner' in 0.0007 seconds. Added 1 classes and 2 folders.
[2017.08.06-23.42.18:738][  0]LogLoad: (Engine Initialization) Total time: 128.75 seconds
[2017.08.06-23.42.18:738][  0]LogLoad: (Engine Initialization) Total Blueprint compile time: 1.46 seconds
[2017.08.06-23.42.18:738][  0]LogExternalProfiler: No external profilers were discovered.  External profiling features will not be available.
[2017.08.06-23.42.18:926][  0]LogWindowsTextInputMethodSystem:Display: IME system now deactivated.
[2017.08.06-23.42.18:932][  0]LogOcInput: OculusInput pre-init called
[2017.08.06-23.42.18:943][  0]LogHMD: Starting GearVRController plugin
[2017.08.06-23.42.19:484][  0]SourceControl: Info On branch master
[2017.08.06-23.42.19:484][  0]SourceControl: Info Initial commit
[2017.08.06-23.42.19:484][  0]SourceControl: Info Untracked files:
[2017.08.06-23.42.19:484][  0]SourceControl: Info   (use "git add <file>..." to include in what will be committed)
[2017.08.06-23.42.19:485][  0]SourceControl: Info 	.bash_history
[2017.08.06-23.42.19:485][  0]SourceControl: Info 	.gitconfig
[2017.08.06-23.42.19:485][  0]SourceControl: Info 	.nuget/
[2017.08.06-23.42.19:485][  0]SourceControl: Info 	.oracle_jre_usage/
[2017.08.06-23.42.19:485][  0]SourceControl: Info 	3D Objects/
[2017.08.06-23.42.19:485][  0]SourceControl: Info 	AppData/
[2017.08.06-23.42.19:485][  0]SourceControl: Info 	Contacts/
[2017.08.06-23.42.19:485][  0]SourceControl: Info 	Desktop/
[2017.08.06-23.42.19:485][  0]SourceControl: Info 	Documents/
[2017.08.06-23.42.19:485][  0]SourceControl: Info 	Downloads/
[2017.08.06-23.42.19:485][  0]SourceControl: Info 	Dropbox/
[2017.08.06-23.42.19:485][  0]SourceControl: Info 	Favorites/
[2017.08.06-23.42.19:485][  0]SourceControl: Info 	IntelGraphicsProfiles/
[2017.08.06-23.42.19:485][  0]SourceControl: Info 	Links/
[2017.08.06-23.42.19:485][  0]SourceControl: Info 	Music/
[2017.08.06-23.42.19:485][  0]SourceControl: Info 	NTUSER.DAT
[2017.08.06-23.42.19:485][  0]SourceControl: Info 	NTUSER.DAT{95ad8d55-643f-11e7-8df2-a05b8a9582f2}.TxR.0.regtrans-ms
[2017.08.06-23.42.19:485][  0]SourceControl: Info 	NTUSER.DAT{95ad8d55-643f-11e7-8df2-a05b8a9582f2}.TxR.1.regtrans-ms
[2017.08.06-23.42.19:485][  0]SourceControl: Info 	NTUSER.DAT{95ad8d55-643f-11e7-8df2-a05b8a9582f2}.TxR.2.regtrans-ms
[2017.08.06-23.42.19:485][  0]SourceControl: Info 	NTUSER.DAT{95ad8d55-643f-11e7-8df2-a05b8a9582f2}.TxR.blf
[2017.08.06-23.42.19:485][  0]SourceControl: Info 	NTUSER.DAT{95ad8d56-643f-11e7-8df2-a05b8a9582f2}.TM.blf
[2017.08.06-23.42.19:485][  0]SourceControl: Info 	NTUSER.DAT{95ad8d56-643f-11e7-8df2-a05b8a9582f2}.TMContainer00000000000000000001.regtrans-ms
[2017.08.06-23.42.19:485][  0]SourceControl: Info 	NTUSER.DAT{95ad8d56-643f-11e7-8df2-a05b8a9582f2}.TMContainer00000000000000000002.regtrans-ms
[2017.08.06-23.42.19:485][  0]SourceControl: Info 	OneDrive/
[2017.08.06-23.42.19:485][  0]SourceControl: Info 	Pictures/
[2017.08.06-23.42.19:485][  0]SourceControl: Info 	Saved Games/
[2017.08.06-23.42.19:485][  0]SourceControl: Info 	Searches/
[2017.08.06-23.42.19:485][  0]SourceControl: Info 	Tracing/
[2017.08.06-23.42.19:485][  0]SourceControl: Info 	Videos/
[2017.08.06-23.42.19:485][  0]SourceControl: Info 	ntuser.dat.LOG1
[2017.08.06-23.42.19:485][  0]SourceControl: Info 	ntuser.dat.LOG2
[2017.08.06-23.42.19:485][  0]SourceControl: Info 	ntuser.ini
[2017.08.06-23.42.19:485][  0]SourceControl: Info nothing added to commit but untracked files present (use "git add" to track)
[2017.08.06-23.42.19:528][  0]LogContentStreaming: Texture pool size now 1000 MB
[2017.08.06-23.42.19:766][  0]LogSlate: Took 0.019979 seconds to synchronously load lazily loaded font '../../../Engine/Content/Slate/Fonts/Roboto-Regular.ttf' (155K)
[2017.08.06-23.42.19:803][  0]LogSlate: Took 0.016885 seconds to synchronously load lazily loaded font '../../../Engine/Content/Slate/Fonts/Roboto-Bold.ttf' (160K)
[2017.08.06-23.42.19:931][  0]LogSlate: Took 0.013689 seconds to synchronously load lazily loaded font '../../../Engine/Content/Editor/Slate/Fonts/FontAwesome.ttf' (139K)
[2017.08.06-23.42.21:366][  1]LogRenderer: Reallocating scene render targets to support 708x360 NumSamples 1 (Frame:1).
[2017.08.06-23.42.23:355][  3]LogAssetRegistry: Asset discovery search completed in 75.2958 seconds
[2017.08.06-23.42.23:380][  3]LogCollectionManager: Rebuilt the object cache for 0 collections in 0.000001 seconds (found 0 objects)
[2017.08.06-23.42.23:380][  3]LogCollectionManager: Fixed up redirectors for 0 collections in 0.000787 seconds (updated 0 objects)
[2017.08.06-23.42.27:038][187]LogSlate: Took 0.018068 seconds to synchronously load lazily loaded font '../../../Engine/Content/Slate/Fonts/Roboto-Light.ttf' (159K)
[2017.08.06-23.42.34:718][341]Cmd: MAP LOAD FILE="../../../Engine/Content/Maps/Templates/Template_Default.umap" TEMPLATE=1 SHOWPROGRESS=1 FEATURELEVEL=3
[2017.08.06-23.42.34:772][341]LogSlate: Took 0.000342 seconds to synchronously load lazily loaded font '../../../Engine/Content/Slate/Fonts/Roboto-Light.ttf' (159K)
[2017.08.06-23.42.34:808][341]LightingResults: New page: Lighting Build
[2017.08.06-23.42.34:809][341]LoadErrors: New page: Loading map: Template_Default.umap
[2017.08.06-23.42.35:012][341]MapCheck: New page: Map Check
[2017.08.06-23.42.35:012][341]LightingResults: New page: Lighting Build
[2017.08.06-23.42.35:477][341]LogAIModule: Creating AISystem for world Untitled_1
[2017.08.06-23.42.35:505][341]LogActorComponent: RegisterComponentWithWorld: (/Temp/Untitled_1.Untitled_1:PersistentLevel.WorldSettings_1.StaticMeshComponent0) Trying to register component with IsPendingKill() == true. Aborting.
[2017.08.06-23.42.35:567][341]LogEditorServer: Finished looking for orphan Actors (0.000 secs)
[2017.08.06-23.42.35:717][341]Cmd: MAP CHECKDEP NOCLEARLOG
[2017.08.06-23.42.35:805][341]MapCheck: Info Map check complete: 0 Error(s), 0 Warning(s), took 87.96ms to complete.
[2017.08.06-23.42.35:805][341]LogFileHelpers: Loading map 'Template_Default' took 1.179
[2017.08.06-23.42.40:073][508]LogEditorViewport: Clicking on Actor (LMB): StaticMeshActor (Floor)
[2017.08.06-23.42.43:766][578]LogEditorViewport: Clicking on Actor (LMB): PlayerStart (Player Start)
[2017.08.06-23.42.44:927][620]LogEditorViewport: Clicking on Actor (LMB): StaticMeshActor (Floor)
[2017.08.06-23.42.58:416][868]LogEditorViewport: Clicking on Actor (LMB): StaticMeshActor (Floor)
[2017.08.06-23.43.04:189][ 81]LogEditorViewport: Clicking on Actor (LMB): StaticMeshActor (Floor)
[2017.08.06-23.43.05:178][117]LogEditorViewport: Clicking on Actor (LMB): StaticMeshActor (Floor)
[2017.08.06-23.43.06:294][158]LogEditorViewport: Clicking on Actor (LMB): StaticMeshActor (Floor)
[2017.08.06-23.43.07:145][189]LogEditorViewport: Clicking on Actor (LMB): PlayerStart (Player Start)
[2017.08.06-23.43.08:019][224]LogEditorViewport: Clicking on Actor (LMB): StaticMeshActor (Floor)
[2017.08.06-23.43.15:087][490]Cmd: DELETE
[2017.08.06-23.43.15:087][490]Cmd: ACTOR DELETE
[2017.08.06-23.43.15:386][490]LogEditorActor: Deleted Actor: StaticMeshActor
[2017.08.06-23.43.15:489][490]LogEditorActor: Deleted 1 Actors (0.165 secs)
[2017.08.06-23.43.15:736][502]SourceControl:Error: Error fatal: Invalid path '/Temp': No such file or directory
[2017.08.06-23.43.29:214][677]LogMaterial: Missing cached shader map for material LayerVisMaterial, compiling. 
[2017.08.06-23.43.29:428][677]LogMaterial: Missing cached shader map for material SelectBrushMaterial, compiling. 
[2017.08.06-23.43.29:507][677]LogMaterial: Missing cached shader map for material SelectBrushMaterial, compiling. 
[2017.08.06-23.43.29:656][677]LogMaterial: Missing cached shader map for material MaskBrushMaterial, compiling. 
[2017.08.06-23.43.29:949][677]LogMaterial: Missing cached shader map for material LandscapeLayerUsageMaterial, compiling. 
[2017.08.06-23.43.30:470][677]LogMaterial: Missing cached shader map for material CircleBrushMaterial, compiling. 
[2017.08.06-23.43.30:520][677]LogMaterial: Missing cached shader map for material CircleBrushMaterial, compiling. 
[2017.08.06-23.43.30:560][677]LogMaterial: Missing cached shader map for material CircleBrushMaterial, compiling. 
[2017.08.06-23.43.30:619][677]LogMaterial: Missing cached shader map for material CircleBrushMaterial, compiling. 
[2017.08.06-23.43.30:696][677]LogMaterial: Missing cached shader map for material AlphaBrushMaterial, compiling. 
[2017.08.06-23.43.30:755][677]LogMaterial: Missing cached shader map for material CircleBrushMaterial, compiling. 
[2017.08.06-23.43.30:838][677]LogMaterial: Missing cached shader map for material MaskBrushMaterial, compiling. 
[2017.08.06-23.43.31:099][677]LogTexture:Display: Building textures: Texture2D_2 (G8, 128X128)
[2017.08.06-23.43.42:652][895]LogRenderer: Reallocating scene render targets to support 740x372 NumSamples 1 (Frame:1525).
[2017.08.06-23.43.45:406][999]LogRenderer: Reallocating scene render targets to support 764x372 NumSamples 1 (Frame:1627).
[2017.08.06-23.43.45:482][  0]LogRenderer: Reallocating scene render targets to support 776x372 NumSamples 1 (Frame:1629).
[2017.08.06-23.43.45:599][  1]LogRenderer: Reallocating scene render targets to support 780x372 NumSamples 1 (Frame:1631).
[2017.08.06-23.43.45:676][  2]LogRenderer: Reallocating scene render targets to support 784x372 NumSamples 1 (Frame:1633).
[2017.08.06-23.43.45:989][ 14]LogRenderer: Reallocating scene render targets to support 788x372 NumSamples 1 (Frame:1635).
[2017.08.06-23.43.46:065][ 15]LogRenderer: Reallocating scene render targets to support 792x372 NumSamples 1 (Frame:1637).
[2017.08.06-23.43.46:169][ 16]LogRenderer: Reallocating scene render targets to support 796x372 NumSamples 1 (Frame:1639).
[2017.08.06-23.43.46:244][ 17]LogRenderer: Reallocating scene render targets to support 800x372 NumSamples 1 (Frame:1641).
[2017.08.06-23.43.48:963][119]LogRenderer: Reallocating scene render targets to support 804x372 NumSamples 1 (Frame:1735).
[2017.08.06-23.43.49:045][120]LogRenderer: Reallocating scene render targets to support 808x372 NumSamples 1 (Frame:1737).
[2017.08.06-23.43.49:135][121]LogRenderer: Reallocating scene render targets to support 812x372 NumSamples 1 (Frame:1739).
[2017.08.06-23.43.49:222][122]LogRenderer: Reallocating scene render targets to support 824x372 NumSamples 1 (Frame:1741).
[2017.08.06-23.43.49:296][123]LogRenderer: Reallocating scene render targets to support 828x372 NumSamples 1 (Frame:1743).
[2017.08.06-23.43.49:367][124]LogRenderer: Reallocating scene render targets to support 832x372 NumSamples 1 (Frame:1745).
[2017.08.06-23.43.49:535][129]LogRenderer: Reallocating scene render targets to support 836x372 NumSamples 1 (Frame:1749).
[2017.08.06-23.43.55:882][353]LogRenderer: Reallocating scene render targets to support 836x376 NumSamples 1 (Frame:1966).
[2017.08.06-23.43.55:965][354]LogRenderer: Reallocating scene render targets to support 836x380 NumSamples 1 (Frame:1968).
[2017.08.06-23.43.56:068][355]LogRenderer: Reallocating scene render targets to support 836x396 NumSamples 1 (Frame:1970).
[2017.08.06-23.43.56:162][356]LogRenderer: Reallocating scene render targets to support 836x412 NumSamples 1 (Frame:1972).
[2017.08.06-23.43.56:322][361]LogRenderer: Reallocating scene render targets to support 836x420 NumSamples 1 (Frame:1974).
[2017.08.06-23.43.56:474][363]LogRenderer: Reallocating scene render targets to support 836x424 NumSamples 1 (Frame:1978).
[2017.08.06-23.44.28:581][689]LogSlate: Took 0.000564 seconds to synchronously load lazily loaded font '../../../Engine/Content/Slate/Fonts/Roboto-Light.ttf' (159K)
[2017.08.06-23.49.36:382][849]LogTexture:Display: Building textures: Texture2D_0 (BGRA8, 512X512)
[2017.08.06-23.49.36:407][849]LogMaterial: Missing cached shader map for material M_Ground_Grass, compiling. 
[2017.08.06-23.50.11:894][946]Cmd: TRANSACTION UNDO
[2017.08.06-23.50.11:894][946]LogEditorTransaction: Undo Clicking on Actors
[2017.08.06-23.50.14:319][ 83]Cmd: TRANSACTION UNDO
[2017.08.06-23.50.14:319][ 83]LogEditorTransaction: Undo Landscape Editing: Sculpt
[2017.08.06-23.50.18:025][227]Cmd: TRANSACTION UNDO
[2017.08.06-23.50.18:026][227]LogEditorTransaction: Undo Creating New Landscape
[2017.08.06-23.50.22:617][367]LogEditorViewport: Clicking on Actor (LMB): BP_Sky_Sphere_C (Sky Sphere)
[2017.08.06-23.50.28:660][542]LogTexture:Display: Building textures: Texture2D_1 (BGRA8, 512X512)
[2017.08.06-23.50.33:869][716]Cmd: TRANSACTION UNDO
[2017.08.06-23.50.33:869][716]LogEditorTransaction: Undo Creating New Landscape
[2017.08.06-23.50.44:715][ 44]LogTexture:Display: Building textures: Texture2D_2 (BGRA8, 512X512)
[2017.08.06-23.52.33:368][855]LogSavePackage: Save=607.51ms
[2017.08.06-23.52.33:368][855]LogSavePackage: Moving '../../../../../../Users/visgu/OneDrive/Documents/Unreal Projects/CaptureTheFlag/Saved/Untitled_1_Auto16D0A2FD54FB6C38FC8B91F9CE6BB8C1F.tmp' to '../../../../../../Users/visgu/OneDrive/Documents/Unreal Projects/CaptureTheFlag/Saved/Autosaves/Temp/Untitled_1_Auto1.umap'
[2017.08.06-23.52.33:372][855]LogSavePackage:Display: Finished SavePackage ../../../../../../Users/visgu/OneDrive/Documents/Unreal Projects/CaptureTheFlag/Saved/Autosaves/Temp/Untitled_1_Auto1.umap
[2017.08.06-23.52.33:420][855]LogFileHelpers: Editor autosave (incl. sublevels) for '/Temp/Untitled_1' took 0.854
[2017.08.06-23.52.33:420][855]LogFileHelpers: Editor autosave (incl. sublevels) for all levels took 0.854
[2017.08.06-23.55.58:898][571]LogEditorViewport: Clicking on Actor (context menu): LandscapeGizmoActiveActor (LandscapeGizmoActiveActor)
[2017.08.06-23.56.10:134][993]Cmd: TRANSACTION UNDO
[2017.08.06-23.56.10:134][993]LogEditorTransaction: Undo Landscape Editing: Sculpt
[2017.08.06-23.56.10:151][993]LogTexture:Display: Building textures: Texture2D_2 (BGRA8, 512X512)
[2017.08.06-23.56.14:334][213]Cmd: TRANSACTION UNDO
[2017.08.06-23.56.14:334][213]LogEditorTransaction: Undo Clicking on Actors (context menu)
[2017.08.06-23.56.16:508][332]Cmd: TRANSACTION UNDO
[2017.08.06-23.56.16:508][332]LogEditorTransaction: Undo Landscape Editing: Sculpt
[2017.08.06-23.56.16:523][332]LogTexture:Display: Building textures: Texture2D_2 (BGRA8, 512X512)
[2017.08.06-23.56.18:951][423]Cmd: TRANSACTION UNDO
[2017.08.06-23.56.18:951][423]LogEditorTransaction: Undo Landscape Editing: Sculpt
[2017.08.06-23.56.18:967][423]LogTexture:Display: Building textures: Texture2D_2 (BGRA8, 512X512)
[2017.08.06-23.56.21:392][516]Cmd: TRANSACTION UNDO
[2017.08.06-23.56.21:392][516]LogEditorTransaction: Undo Landscape Editing: Sculpt
[2017.08.06-23.56.21:406][516]LogTexture:Display: Building textures: Texture2D_2 (BGRA8, 512X512)
[2017.08.06-23.56.24:613][648]Cmd: TRANSACTION UNDO
[2017.08.06-23.56.24:613][648]LogEditorTransaction: Undo Landscape Editing: Sculpt
[2017.08.06-23.56.35:528][ 46]Cmd: TRANSACTION UNDO
[2017.08.06-23.56.35:528][ 46]LogEditorTransaction: Undo Landscape Editing: Sculpt
[2017.08.06-23.56.58:409][745]Cmd: TRANSACTION UNDO
[2017.08.06-23.56.58:409][745]LogEditorTransaction: Undo Landscape Editing: Sculpt
[2017.08.06-23.57.22:336][544]Cmd: TRANSACTION UNDO
[2017.08.06-23.57.22:336][544]LogEditorTransaction: Undo Landscape Editing: Sculpt
[2017.08.06-23.57.29:464][761]Cmd: TRANSACTION UNDO
[2017.08.06-23.57.29:464][761]LogEditorTransaction: Undo Landscape Editing: Sculpt
[2017.08.06-23.57.52:513][422]Cmd: TRANSACTION UNDO
[2017.08.06-23.57.52:513][422]LogEditorTransaction: Undo Landscape Editing: Sculpt
[2017.08.06-23.59.33:092][305]LogEditorViewport: Clicking on Actor (double click): PlayerStart (Player Start)
[2017.08.06-23.59.33:561][320]LogEditorViewport: Clicking on Actor (double click): PlayerStart (Player Start)
[2017.08.06-23.59.36:126][423]Cmd: TRANSACTION UNDO
[2017.08.06-23.59.36:126][423]LogEditorTransaction: Undo Clicking on Actors (double-click)
[2017.08.06-23.59.37:939][528]Cmd: TRANSACTION UNDO
[2017.08.06-23.59.37:939][528]LogEditorTransaction: Undo Clicking on Actors (double-click)
[2017.08.06-23.59.45:979][794]Cmd: TRANSACTION UNDO
[2017.08.06-23.59.45:979][794]LogEditorTransaction: Undo Landscape Editing: Sculpt
[2017.08.06-23.59.48:197][909]Cmd: TRANSACTION UNDO
[2017.08.06-23.59.48:197][909]LogEditorTransaction: Undo Clicking on Actors
[2017.08.06-23.59.53:961][113]LogTemp: Repeting last play command: Selected Viewport
[2017.08.06-23.59.54:123][113]LogPlayLevel: PlayLevel: No blueprints needed recompiling
[2017.08.06-23.59.54:191][113]PIE: New page: PIE session: Untitled_1 (Aug 6, 2017, 9:59:54 AM)
[2017.08.06-23.59.54:203][113]LogPlayLevel: Creating play world package: /Temp/UEDPIE_0_Untitled_1
[2017.08.06-23.59.54:302][113]LogPlayLevel: PIE: StaticDuplicateObject took: (0.098648s)
[2017.08.06-23.59.54:302][113]LogAIModule: Creating AISystem for world Untitled_1
[2017.08.06-23.59.54:303][113]LogPlayLevel: PIE: World Init took: (0.000920s)
[2017.08.06-23.59.54:312][113]LogPlayLevel: PIE: Created PIE world by copying editor world from /Temp/Untitled_1.Untitled_1 to /Temp/UEDPIE_0_Untitled_1.Untitled_1 (0.109271s)
[2017.08.06-23.59.54:395][113]LogInit: XAudio2 using 'Speakers (Realtek High Definition Audio)' : 2 channels at 48 kHz using 32 bits per sample (channel mask 0x3)
[2017.08.06-23.59.54:412][113]LogInit: FAudioDevice initialized.
[2017.08.06-23.59.54:505][113]LogLoad: Game class is 'TopDownGameMode_C'
[2017.08.06-23.59.54:634][113]LogWorld: Bringing World /Temp/UEDPIE_0_Untitled_1.Untitled_1 up for play (max tick rate 60) at 2017.08.06-16.59.54
[2017.08.06-23.59.54:661][113]LogWorld: Bringing up level for play took: 0.029396
[2017.08.06-23.59.54:805][113]LogGameMode: FindPlayerStart: PATHS NOT DEFINED or NO PLAYERSTART with positive rating
[2017.08.06-23.59.55:035][113]LogContentBrowser: Native class hierarchy updated for 'MovieSceneCapture' in 0.0008 seconds. Added 11 classes and 0 folders.
[2017.08.06-23.59.55:098][113]PIE: Info Play in editor start time for /Temp/UEDPIE_0_Untitled_1 1.279
[2017.08.07-00.00.14:235][896]Cmd: TRANSACTION UNDO
[2017.08.07-00.00.14:235][896]LogEditorTransaction: Undo Clicking on Actors
[2017.08.07-00.04.38:083][856]LogSavePackage: Save=269.39ms
[2017.08.07-00.04.38:083][856]LogSavePackage: Moving '../../../../../../Users/visgu/OneDrive/Documents/Unreal Projects/CaptureTheFlag/Saved/Untitled_1_Auto24A85B1654012162D1940B89D989DDA6D.tmp' to '../../../../../../Users/visgu/OneDrive/Documents/Unreal Projects/CaptureTheFlag/Saved/Autosaves/Temp/Untitled_1_Auto2.umap'
[2017.08.07-00.04.38:087][856]LogSavePackage:Display: Finished SavePackage ../../../../../../Users/visgu/OneDrive/Documents/Unreal Projects/CaptureTheFlag/Saved/Autosaves/Temp/Untitled_1_Auto2.umap
[2017.08.07-00.04.38:090][856]LogFileHelpers: Editor autosave (incl. sublevels) for '/Temp/Untitled_1' took 0.321
[2017.08.07-00.04.38:090][856]LogFileHelpers: Editor autosave (incl. sublevels) for all levels took 0.321
[2017.08.07-00.07.31:150][942]Cmd: TRANSACTION UNDO
[2017.08.07-00.07.31:150][942]LogEditorTransaction: Undo Landscape Editing: Sculpt
[2017.08.07-00.07.31:213][942]LogTexture:Display: Building textures: Texture2D_2 (BGRA8, 512X512)
[2017.08.07-00.07.47:228][365]Cmd: TRANSACTION UNDO
[2017.08.07-00.07.47:228][365]LogEditorTransaction: Undo Landscape Editing: Sculpt
[2017.08.07-00.08.15:550][156]LogEditorViewport: Clicking on Actor (double click): PlayerStart (Player Start)
[2017.08.07-00.08.16:143][175]Cmd: TRANSACTION UNDO
[2017.08.07-00.08.16:143][175]LogEditorTransaction: Undo Clicking on Actors (double-click)
[2017.08.07-00.08.17:487][215]Cmd: TRANSACTION UNDO
[2017.08.07-00.08.17:487][215]LogEditorTransaction: Undo Landscape Editing: Sculpt
[2017.08.07-00.08.18:260][234]Cmd: TRANSACTION UNDO
[2017.08.07-00.08.18:260][234]LogEditorTransaction: Undo Set Actor Visibility
[2017.08.07-00.08.23:160][358]Cmd: TRANSACTION REDO
[2017.08.07-00.08.23:161][358]LogEditorTransaction: Redo Set Actor Visibility
[2017.08.07-00.08.37:387][734]Cmd: TRANSACTION UNDO
[2017.08.07-00.08.37:387][734]LogEditorTransaction: Undo Landscape Editing: Sculpt
[2017.08.07-00.08.37:957][746]Cmd: TRANSACTION UNDO
[2017.08.07-00.08.37:957][746]LogEditorTransaction: Undo Set Actor Visibility
[2017.08.07-00.08.38:579][762]Cmd: TRANSACTION UNDO
[2017.08.07-00.08.38:579][762]LogEditorTransaction: Undo Set Actor Visibility
[2017.08.07-00.08.39:238][779]Cmd: TRANSACTION UNDO
[2017.08.07-00.08.39:238][779]LogEditorTransaction: Undo Landscape Editing: Sculpt
[2017.08.07-00.08.39:778][792]Cmd: TRANSACTION UNDO
[2017.08.07-00.08.39:778][792]LogEditorTransaction: Undo Clicking on Actors
[2017.08.07-00.08.51:905][136]LogEditorViewport: Clicking on Actor (LMB): Landscape (Landscape2)
[2017.08.07-00.08.55:027][220]Cmd: TRANSACTION UNDO
[2017.08.07-00.08.55:028][220]LogEditorTransaction: Undo Clicking on Actors
[2017.08.07-00.08.56:093][249]Cmd: TRANSACTION UNDO
[2017.08.07-00.08.56:093][249]LogEditorTransaction: Undo Landscape Editing: Sculpt
[2017.08.07-00.09.04:058][478]LogEditorViewport: Clicking on Actor (LMB): PlayerStart (Player Start)
[2017.08.07-00.09.14:919][784]LogNavigationPoint: PostEditMove Clear paths rebuilt
[2017.08.07-00.09.17:754][864]LogEditorViewport: Clicking on Actor (context menu): PlayerStart (Player Start)
[2017.08.07-00.09.21:473][968]LogEditorViewport: Clicking on Actor (LMB): Landscape (Landscape2)
[2017.08.07-00.09.22:444][994]LogEditorViewport: Clicking on Actor (LMB): PlayerStart (Player Start)
[2017.08.07-00.09.31:425][250]LogNavigationPoint: PostEditMove Clear paths rebuilt
[2017.08.07-00.09.38:080][439]LogNavigationPoint: PostEditMove Clear paths rebuilt
[2017.08.07-00.09.48:241][719]SourceControl:Error: Error fatal: Invalid path '/Temp': No such file or directory
[2017.08.07-00.09.52:395][727]SourceControl:Error: Error fatal: Invalid path '/Temp': No such file or directory
[2017.08.07-00.09.54:687][788]SourceControl:Error: Error fatal: Invalid path '/Temp': No such file or directory
[2017.08.07-00.10.06:277][788]Cmd: OBJ SAVEPACKAGE PACKAGE="/Game/Test" FILE="../../../../../../Users/visgu/OneDrive/Documents/Unreal Projects/CaptureTheFlag/Content/Test.umap" SILENT=true AUTOSAVING=false KEEPDIRTY=false
[2017.08.07-00.10.06:590][788]LogSavePackage: Save=260.30ms
[2017.08.07-00.10.06:590][788]LogSavePackage: Moving '../../../../../../Users/visgu/OneDrive/Documents/Unreal Projects/CaptureTheFlag/Saved/Test2D8772E44ABA849EB7D0FCA27CF03E99.tmp' to '../../../../../../Users/visgu/OneDrive/Documents/Unreal Projects/CaptureTheFlag/Content/Test.umap'
[2017.08.07-00.10.06:595][788]LogSavePackage:Display: Finished SavePackage ../../../../../../Users/visgu/OneDrive/Documents/Unreal Projects/CaptureTheFlag/Content/Test.umap
[2017.08.07-00.10.06:926][788]LogFileHelpers: Saving map 'Test' took 1.771
[2017.08.07-00.10.07:356][802]SourceControl:Error: Error fatal: Invalid path '/Temp': No such file or directory
[2017.08.07-00.13.59:975][528]Cmd: TRANSACTION UNDO
[2017.08.07-00.13.59:975][528]LogEditorTransaction: Undo Landscape Editing: Sculpt
[2017.08.07-00.14.00:049][528]LogTexture:Display: Building textures: Texture2D_66 (BGRA8, 512X512)
[2017.08.07-00.14.00:275][529]Cmd: TRANSACTION UNDO
[2017.08.07-00.14.00:275][529]LogEditorTransaction: Undo Landscape Editing: Sculpt
[2017.08.07-00.14.00:303][529]LogTexture:Display: Building textures: Texture2D_66 (BGRA8, 512X512)
[2017.08.07-00.14.00:354][529]Cmd: TRANSACTION UNDO
[2017.08.07-00.14.00:354][529]LogEditorTransaction: Undo Landscape Editing: Sculpt
[2017.08.07-00.16.59:378][480]LogEditorViewport: Clicking on Actor (LMB): Landscape (Landscape2)
[2017.08.07-00.17.38:981][524]LogEditorViewport: Clicking on Actor (LMB): Landscape (Landscape2)
[2017.08.07-00.17.50:904][829]LogEditorViewport: Clicking on Actor (LMB): PlayerStart (Player Start)
[2017.08.07-00.17.54:506][929]LogNavigationPoint: PostEditMove Clear paths rebuilt
[2017.08.07-00.17.56:441][982]LogTemp: Repeting last play command: Selected Viewport
[2017.08.07-00.17.56:465][982]LogPlayLevel: PlayLevel: No blueprints needed recompiling
[2017.08.07-00.17.56:466][982]PIE: New page: PIE session: Test (Aug 6, 2017, 10:17:56 AM)
[2017.08.07-00.17.56:466][982]LogPlayLevel: Creating play world package: /Game/UEDPIE_0_Test
[2017.08.07-00.17.56:499][982]LogPlayLevel: PIE: StaticDuplicateObject took: (0.033235s)
[2017.08.07-00.17.56:500][982]LogAIModule: Creating AISystem for world Test
[2017.08.07-00.17.56:501][982]LogPlayLevel: PIE: World Init took: (0.001339s)
[2017.08.07-00.17.56:501][982]LogPlayLevel: PIE: Created PIE world by copying editor world from /Game/Test.Test to /Game/UEDPIE_0_Test.Test (0.035093s)
[2017.08.07-00.17.56:539][982]LogInit: XAudio2 using 'Speakers (Realtek High Definition Audio)' : 2 channels at 48 kHz using 32 bits per sample (channel mask 0x3)
[2017.08.07-00.17.56:560][982]LogInit: FAudioDevice initialized.
[2017.08.07-00.17.56:594][982]LogLoad: Game class is 'TopDownGameMode_C'
[2017.08.07-00.17.56:599][982]LogWorld: Bringing World /Game/UEDPIE_0_Test.Test up for play (max tick rate 60) at 2017.08.06-17.17.56
[2017.08.07-00.17.56:599][982]LogWorld: Bringing up level for play took: 0.004325
[2017.08.07-00.17.56:603][982]PIE: Info Play in editor start time for /Game/UEDPIE_0_Test 0.785
[2017.08.07-00.18.30:120][226]LogEditorViewport: Clicking on Actor (LMB): Landscape (Landscape2)
[2017.08.07-00.18.31:075][250]LogEditorViewport: Clicking on Actor (LMB): PlayerStart (Player Start)
[2017.08.07-00.18.41:393][540]LogSlate: Took 0.020360 seconds to synchronously load lazily loaded font '../../../Engine/Content/Editor/Slate/Fonts/Roboto-Italic.ttf' (157K)
[2017.08.07-00.18.43:200][593]LogEditorViewport: Clicking on Actor (LMB): DirectionalLight (Light Source)
[2017.08.07-00.18.45:512][657]LogEditorViewport: Clicking on Actor (LMB): AtmosphericFog (Atmospheric Fog)
[2017.08.07-00.18.48:604][744]LogEditorViewport: Clicking on Actor (LMB): DirectionalLight (Light Source)
[2017.08.07-00.18.49:932][780]LogEditorViewport: Clicking on Actor (LMB): Landscape (Landscape2)
[2017.08.07-00.18.50:999][807]LogEditorViewport: Clicking on Actor (LMB): PlayerStart (Player Start)
[2017.08.07-00.18.52:403][845]LogTemp: Repeting last play command: Selected Viewport
[2017.08.07-00.18.52:429][845]LogPlayLevel: PlayLevel: No blueprints needed recompiling
[2017.08.07-00.18.52:429][845]PIE: New page: PIE session: Test (Aug 6, 2017, 10:18:52 AM)
[2017.08.07-00.18.52:429][845]LogPlayLevel: Creating play world package: /Game/UEDPIE_0_Test
[2017.08.07-00.18.52:460][845]LogPlayLevel: PIE: StaticDuplicateObject took: (0.030996s)
[2017.08.07-00.18.52:461][845]LogAIModule: Creating AISystem for world Test
[2017.08.07-00.18.52:461][845]LogPlayLevel: PIE: World Init took: (0.001204s)
[2017.08.07-00.18.52:462][845]LogPlayLevel: PIE: Created PIE world by copying editor world from /Game/Test.Test to /Game/UEDPIE_0_Test.Test (0.032574s)
[2017.08.07-00.18.52:492][845]LogInit: XAudio2 using 'Speakers (Realtek High Definition Audio)' : 2 channels at 48 kHz using 32 bits per sample (channel mask 0x3)
[2017.08.07-00.18.52:509][845]LogInit: FAudioDevice initialized.
[2017.08.07-00.18.52:541][845]LogLoad: Game class is 'TopDownGameMode_C'
[2017.08.07-00.18.52:545][845]LogWorld: Bringing World /Game/UEDPIE_0_Test.Test up for play (max tick rate 60) at 2017.08.06-17.18.52
[2017.08.07-00.18.52:545][845]LogWorld: Bringing up level for play took: 0.003208
[2017.08.07-00.18.52:548][845]PIE: Info Play in editor start time for /Game/UEDPIE_0_Test 0.729
[2017.08.07-00.19.32:306][166]LogTemp: Repeting last play command: Selected Viewport
[2017.08.07-00.19.32:328][166]LogPlayLevel: PlayLevel: No blueprints needed recompiling
[2017.08.07-00.19.32:328][166]PIE: New page: PIE session: Test (Aug 6, 2017, 10:19:32 AM)
[2017.08.07-00.19.32:328][166]LogPlayLevel: Creating play world package: /Game/UEDPIE_0_Test
[2017.08.07-00.19.32:360][166]LogPlayLevel: PIE: StaticDuplicateObject took: (0.031702s)
[2017.08.07-00.19.32:362][166]LogAIModule: Creating AISystem for world Test
[2017.08.07-00.19.32:363][166]LogPlayLevel: PIE: World Init took: (0.002132s)
[2017.08.07-00.19.32:363][166]LogPlayLevel: PIE: Created PIE world by copying editor world from /Game/Test.Test to /Game/UEDPIE_0_Test.Test (0.034405s)
[2017.08.07-00.19.32:395][166]LogInit: XAudio2 using 'Speakers (Realtek High Definition Audio)' : 2 channels at 48 kHz using 32 bits per sample (channel mask 0x3)
[2017.08.07-00.19.32:413][166]LogInit: FAudioDevice initialized.
[2017.08.07-00.19.32:446][166]LogLoad: Game class is 'TopDownGameMode_C'
[2017.08.07-00.19.32:449][166]LogWorld: Bringing World /Game/UEDPIE_0_Test.Test up for play (max tick rate 60) at 2017.08.06-17.19.32
[2017.08.07-00.19.32:492][166]LogWorld: Bringing up level for play took: 0.045380
[2017.08.07-00.19.32:494][166]PIE: Info Play in editor start time for /Game/UEDPIE_0_Test 0.676
[2017.08.07-00.19.41:405][484]Cmd: OBJ SAVEPACKAGE PACKAGE="/Game/Test" FILE="../../../../../../Users/visgu/OneDrive/Documents/Unreal Projects/CaptureTheFlag/Content/Test.umap" SILENT=true AUTOSAVING=false KEEPDIRTY=false
[2017.08.07-00.19.41:472][484]LogTexture:Display: Building textures: Texture2D_66 (BGRA8, 512X512)
[2017.08.07-00.19.41:719][484]LogSavePackage: Save=284.26ms
[2017.08.07-00.19.41:720][484]LogSavePackage: Moving '../../../../../../Users/visgu/OneDrive/Documents/Unreal Projects/CaptureTheFlag/Saved/Test1892BBEA4259C546E036769785718366.tmp' to '../../../../../../Users/visgu/OneDrive/Documents/Unreal Projects/CaptureTheFlag/Content/Test.umap'
[2017.08.07-00.19.41:723][484]LogSavePackage:Display: Finished SavePackage ../../../../../../Users/visgu/OneDrive/Documents/Unreal Projects/CaptureTheFlag/Content/Test.umap
[2017.08.07-00.51.30:551][263]LogHttp:Warning: 00000206859F5C00: request failed, libcurl error: 6 (Couldn't resolve host name)
[2017.08.07-00.51.30:551][263]LogHttp:Warning: 00000206859F5C00: libcurl info message cache 0 (Found bundle for host datarouter.ol.epicgames.com: 0x206b3237fe8 [can pipeline])
[2017.08.07-00.51.30:551][263]LogHttp:Warning: 00000206859F5C00: libcurl info message cache 1 (Re-using existing connection! (#24) with host datarouter.ol.epicgames.com)
[2017.08.07-00.51.30:551][263]LogHttp:Warning: 00000206859F5C00: libcurl info message cache 2 (Connected to datarouter.ol.epicgames.com (107.21.56.155) port 443 (#24))
[2017.08.07-00.51.30:551][263]LogHttp:Warning: 00000206859F5C00: libcurl info message cache 3 (upload completely sent off: 365 out of 365 bytes)
[2017.08.07-00.51.30:551][263]LogHttp:Warning: 00000206859F5C00: libcurl info message cache 4 (SSL read: error:00000000:lib(0):func(0):reason(0), errno 10054)
[2017.08.07-00.51.30:551][263]LogHttp:Warning: 00000206859F5C00: libcurl info message cache 5 (Connection died, retrying a fresh connect)
[2017.08.07-00.51.30:551][263]LogHttp:Warning: 00000206859F5C00: libcurl info message cache 6 (Closing connection 24)
[2017.08.07-00.51.30:551][263]LogHttp:Warning: 00000206859F5C00: libcurl info message cache 7 (Issue another request to this URL: 'https://datarouter.ol.epicgames.com/datarouter/api/v1/public/data?SessionID=%7B3EB78F31-4347-DFD2-FCD3-E1A1C5F3BBEB%7D&AppID=UEEditor.Rocket.Release&AppVersion=4.16.2-3514769%2B%2B%2BUE4%2BRelease-4.16&UserID=7f144887494934c52cd252a5331ee2ea%7Ce3994acd28764336bf7dadb9e4f843e0%7C526f72d9-8d90-4842-94ea-75b0c1e3a8fb&AppEnvironment=datacollector-binary&UploadType=eteventstream')
[2017.08.07-00.51.30:551][263]LogHttp:Warning: 00000206859F5C00: libcurl info message cache 8 (Could not resolve host: datarouter.ol.epicgames.com)
[2017.08.07-00.51.30:551][263]LogHttp:Warning: 00000206859F5C00: libcurl info message cache 9 (Closing connection 25)
[2017.08.08-02.30.50:944][799]LogD3D11RHI: Timed out while waiting for GPU to catch up. (500 ms)
[2017.08.08-02.33.46:424][375]LogWindowsTextInputMethodSystem:Display: IME system now deactivated.
[2017.08.08-02.33.46:941][376]Cmd: QUIT_EDITOR
[2017.08.08-02.33.48:155][376]LogExit: Preparing to exit.
[2017.08.08-02.33.49:471][376]LogDirectoryWatcher: A directory notification for 'C:/Users/visgu/OneDrive/Documents/Unreal Projects/CaptureTheFlag/Content/' was aborted.
[2017.08.08-02.33.49:666][376]LogExit: Editor shut down
[2017.08.08-02.33.49:732][376]LogExit: Transaction tracking system shut down
[2017.08.08-02.33.52:574][376]LogObj: Freed 0b from 0 cluster array pools.
[2017.08.08-02.33.52:575][376]LogExit: Object subsystem successfully closed.
[2017.08.08-02.33.53:064][376]LogD3D11RHI: Shutdown
[2017.08.08-02.33.53:064][376]LogD3D11RHI: CleanupD3DDevice
[2017.08.08-02.33.53:407][376]LogD3D11RHI: ~FD3D11DynamicRHI
[2017.08.08-02.33.53:731][376]LogModuleManager: Shutting down and abandoning module MovieSceneCapture (528)
[2017.08.08-02.33.53:731][376]LogModuleManager: Shutting down and abandoning module NewLevelDialog (526)
[2017.08.08-02.33.53:731][376]LogModuleManager: Shutting down and abandoning module HierarchicalLODOutliner (524)
[2017.08.08-02.33.53:731][376]LogModuleManager: Shutting down and abandoning module CrashTracker (522)
[2017.08.08-02.33.53:731][376]LogModuleManager: Shutting down and abandoning module SceneOutliner (520)
[2017.08.08-02.33.53:731][376]LogModuleManager: Shutting down and abandoning module AddContentDialog (518)
[2017.08.08-02.33.53:731][376]LogDirectoryWatcher: A directory notification for 'C:/Program Files/Epic Games/UE_4.16/FeaturePacks/' was aborted.
[2017.08.08-02.33.53:740][376]LogModuleManager: Shutting down and abandoning module WidgetCarousel (517)
[2017.08.08-02.33.53:740][376]LogModuleManager: Shutting down and abandoning module EditorWidgets (514)
[2017.08.08-02.33.53:740][376]LogModuleManager: Shutting down and abandoning module CollectionManager (512)
[2017.08.08-02.33.53:740][376]LogDirectoryWatcher: A directory notification for 'C:/Users/visgu/OneDrive/Documents/Unreal Projects/CaptureTheFlag/Content/Collections/' was aborted.
[2017.08.08-02.33.53:740][376]LogDirectoryWatcher: A directory notification for 'C:/Users/visgu/OneDrive/Documents/Unreal Projects/CaptureTheFlag/Content/Developers/visgu/Collections/' was aborted.
[2017.08.08-02.33.53:740][376]LogDirectoryWatcher: A directory notification for 'C:/Users/visgu/OneDrive/Documents/Unreal Projects/CaptureTheFlag/Saved/Collections/' was aborted.
[2017.08.08-02.33.53:740][376]LogModuleManager: Shutting down and abandoning module StatsViewer (510)
[2017.08.08-02.33.53:741][376]LogModuleManager: Shutting down and abandoning module FoliageEdit (508)
[2017.08.08-02.33.53:741][376]LogModuleManager: Shutting down and abandoning module LandscapeEditor (506)
[2017.08.08-02.33.54:055][376]LogModuleManager: Shutting down and abandoning module MeshPaintMode (504)
[2017.08.08-02.33.54:055][376]LogModuleManager: Shutting down and abandoning module SceneDepthPickerMode (502)
[2017.08.08-02.33.54:055][376]LogModuleManager: Shutting down and abandoning module ActorPickerMode (500)
[2017.08.08-02.33.54:055][376]LogModuleManager: Shutting down and abandoning module GeometryMode (498)
[2017.08.08-02.33.54:055][376]LogModuleManager: Shutting down and abandoning module TextureAlignMode (496)
[2017.08.08-02.33.54:055][376]LogModuleManager: Shutting down and abandoning module BspMode (494)
[2017.08.08-02.33.54:055][376]LogModuleManager: Shutting down and abandoning module HardwareSurvey (492)
[2017.08.08-02.33.54:055][376]LogModuleManager: Shutting down and abandoning module SequenceRecorderSections (490)
[2017.08.08-02.33.54:056][376]LogModuleManager: Shutting down and abandoning module AutomationWorker (488)
[2017.08.08-02.33.54:056][376]LogModuleManager: Shutting down and abandoning module MatineeToLevelSequence (486)
[2017.08.08-02.33.54:056][376]LogModuleManager: Shutting down and abandoning module LevelSequenceEditor (484)
[2017.08.08-02.33.54:056][376]LogModuleManager: Shutting down and abandoning module PlacementMode (483)
[2017.08.08-02.33.54:056][376]LogModuleManager: Shutting down and abandoning module WmfMediaFactory (480)
[2017.08.08-02.33.54:056][376]LogModuleManager: Shutting down and abandoning module WmfMediaEditor (478)
[2017.08.08-02.33.54:056][376]LogModuleManager: Shutting down and abandoning module AvfMediaFactory (476)
[2017.08.08-02.33.54:056][376]LogModuleManager: Shutting down and abandoning module AvfMediaEditor (474)
[2017.08.08-02.33.54:056][376]LogModuleManager: Shutting down and abandoning module AndroidMediaFactory (472)
[2017.08.08-02.33.54:056][376]LogModuleManager: Shutting down and abandoning module Media (471)
[2017.08.08-02.33.54:056][376]LogModuleManager: Shutting down and abandoning module AndroidMediaEditor (468)
[2017.08.08-02.33.54:057][376]LogModuleManager: Shutting down and abandoning module CharacterAI (466)
[2017.08.08-02.33.54:057][376]LogModuleManager: Shutting down and abandoning module AudioCapture (464)
[2017.08.08-02.33.54:057][376]LogModuleManager: Shutting down and abandoning module SequenceRecorder (463)
[2017.08.08-02.33.54:104][376]LogModuleManager: Shutting down and abandoning module SmartSnapping (460)
[2017.08.08-02.33.54:104][376]LogModuleManager: Shutting down and abandoning module SessionServices (458)
[2017.08.08-02.33.54:104][376]LogModuleManager: Shutting down and abandoning module ViewportSnapping (456)
[2017.08.08-02.33.54:104][376]LogModuleManager: Shutting down and abandoning module ViewportInteraction (454)
[2017.08.08-02.33.54:104][376]LogModuleManager: Shutting down and abandoning module ClothPainter (452)
[2017.08.08-02.33.54:104][376]LogModuleManager: Shutting down and abandoning module LogVisualizer (450)
[2017.08.08-02.33.54:104][376]LogModuleManager: Shutting down and abandoning module IntroTutorials (448)
[2017.08.08-02.33.54:105][376]LogModuleManager: Shutting down and abandoning module GameProjectGeneration (447)
[2017.08.08-02.33.54:105][376]LogModuleManager: Shutting down and abandoning module EditorLiveStreaming (444)
[2017.08.08-02.33.54:105][376]LogModuleManager: Shutting down and abandoning module IOSPlatformEditor (442)
[2017.08.08-02.33.54:105][376]LogModuleManager: Shutting down and abandoning module HTML5PlatformEditor (440)
[2017.08.08-02.33.54:105][376]LogModuleManager: Shutting down and abandoning module AndroidPlatformEditor (438)
[2017.08.08-02.33.54:105][376]LogModuleManager: Shutting down and abandoning module AndroidDeviceDetection (437)
[2017.08.08-02.33.54:528][376]LogModuleManager: Shutting down and abandoning module IOSRuntimeSettings (434)
[2017.08.08-02.33.54:528][376]LogModuleManager: Shutting down and abandoning module AndroidRuntimeSettings (432)
[2017.08.08-02.33.54:528][376]LogModuleManager: Shutting down and abandoning module InputBindingEditor (430)
[2017.08.08-02.33.54:528][376]LogModuleManager: Shutting down and abandoning module MergeActors (428)
[2017.08.08-02.33.54:528][376]LogModuleManager: Shutting down and abandoning module SizeMap (426)
[2017.08.08-02.33.54:528][376]LogModuleManager: Shutting down and abandoning module TreeMap (424)
[2017.08.08-02.33.54:528][376]LogModuleManager: Shutting down and abandoning module ReferenceViewer (422)
[2017.08.08-02.33.54:528][376]LogModuleManager: Shutting down and abandoning module LocalizationDashboard (420)
[2017.08.08-02.33.54:528][376]LogModuleManager: Shutting down and abandoning module LocalizationService (419)
[2017.08.08-02.33.54:528][376]LogModuleManager: Shutting down and abandoning module HardwareTargeting (416)
[2017.08.08-02.33.54:528][376]LogModuleManager: Shutting down and abandoning module DeviceProfileEditor (414)
[2017.08.08-02.33.54:528][376]LogModuleManager: Shutting down and abandoning module UndoHistory (412)
[2017.08.08-02.33.54:528][376]LogModuleManager: Shutting down and abandoning module UserFeedback (410)
[2017.08.08-02.33.54:528][376]LogModuleManager: Shutting down and abandoning module XmlParser (408)
[2017.08.08-02.33.54:528][376]LogModuleManager: Shutting down and abandoning module Blutility (406)
[2017.08.08-02.33.54:528][376]LogModuleManager: Shutting down and abandoning module ProjectSettingsViewer (404)
[2017.08.08-02.33.54:529][376]LogModuleManager: Shutting down and abandoning module ProjectTargetPlatformEditor (403)
[2017.08.08-02.33.54:529][376]LogModuleManager: Shutting down and abandoning module EditorSettingsViewer (400)
[2017.08.08-02.33.54:529][376]LogModuleManager: Shutting down and abandoning module SettingsEditor (398)
[2017.08.08-02.33.54:529][376]LogModuleManager: Shutting down and abandoning module ProjectLauncher (396)
[2017.08.08-02.33.54:529][376]LogModuleManager: Shutting down and abandoning module SessionFrontend (394)
[2017.08.08-02.33.54:529][376]LogModuleManager: Shutting down and abandoning module ProfilerClient (392)
[2017.08.08-02.33.54:529][376]LogModuleManager: Shutting down and abandoning module DeviceManager (390)
[2017.08.08-02.33.54:529][376]LogModuleManager: Shutting down and abandoning module TargetDeviceServices (389)
[2017.08.08-02.33.54:596][376]LogModuleManager: Shutting down and abandoning module AutomationController (386)
[2017.08.08-02.33.54:596][376]LogModuleManager: Shutting down and abandoning module AutomationWindow (384)
[2017.08.08-02.33.54:596][376]LogModuleManager: Shutting down and abandoning module Layers (382)
[2017.08.08-02.33.54:596][376]LogModuleManager: Shutting down and abandoning module ComponentVisualizers (380)
[2017.08.08-02.33.54:596][376]LogModuleManager: Shutting down and abandoning module DetailCustomizations (378)
[2017.08.08-02.33.54:612][376]LogModuleManager: Shutting down and abandoning module PackagesDialog (376)
[2017.08.08-02.33.54:613][376]LogModuleManager: Shutting down and abandoning module Persona (374)
[2017.08.08-02.33.54:675][376]LogModuleManager: Shutting down and abandoning module AdvancedPreviewScene (373)
[2017.08.08-02.33.54:675][376]LogModuleManager: Shutting down and abandoning module AnimGraph (371)
[2017.08.08-02.33.54:675][376]LogModuleManager: Shutting down and abandoning module Kismet (368)
[2017.08.08-02.33.54:707][376]LogModuleManager: Shutting down and abandoning module ClassViewer (366)
[2017.08.08-02.33.54:707][376]LogModuleManager: Shutting down and abandoning module Toolbox (364)
[2017.08.08-02.33.54:707][376]LogModuleManager: Shutting down and abandoning module ModuleUI (362)
[2017.08.08-02.33.54:707][376]LogModuleManager: Shutting down and abandoning module MovieSceneTools (360)
[2017.08.08-02.33.54:764][376]LogModuleManager: Shutting down and abandoning module OutputLog (358)
[2017.08.08-02.33.54:764][376]LogModuleManager: Shutting down and abandoning module GammaUI (356)
[2017.08.08-02.33.54:764][376]LogModuleManager: Shutting down and abandoning module Documentation (354)
[2017.08.08-02.33.54:764][376]LogModuleManager: Shutting down and abandoning module MovieSceneTracks (352)
[2017.08.08-02.33.54:764][376]LogModuleManager: Shutting down and abandoning module MovieScene (350)
[2017.08.08-02.33.54:764][376]LogModuleManager: Shutting down and abandoning module Niagara (348)
[2017.08.08-02.33.54:764][376]LogModuleManager: Shutting down and abandoning module NiagaraEditor (347)
[2017.08.08-02.33.54:784][376]LogModuleManager: Shutting down and abandoning module StreamingPauseRendering (344)
[2017.08.08-02.33.54:784][376]LogModuleManager: Shutting down and abandoning module AnalyticsET (342)
[2017.08.08-02.33.54:784][376]LogModuleManager: Shutting down and abandoning module PortalServices (340)
[2017.08.08-02.33.54:784][376]LogModuleManager: Shutting down and abandoning module PortalRpc (338)
[2017.08.08-02.33.54:784][376]LogModuleManager: Shutting down and abandoning module MessagingRpc (336)
[2017.08.08-02.33.54:784][376]LogModuleManager: Shutting down and abandoning module AIModule (334)
[2017.08.08-02.33.54:784][376]LogModuleManager: Shutting down and abandoning module GameplayDebugger (333)
[2017.08.08-02.33.54:784][376]LogModuleManager: Shutting down and abandoning module AITestSuite (331)
[2017.08.08-02.33.54:784][376]LogModuleManager: Shutting down and abandoning module ProfilerService (328)
[2017.08.08-02.33.54:847][376]LogModuleManager: Shutting down and abandoning module TaskGraph (326)
[2017.08.08-02.33.54:847][376]LogModuleManager: Shutting down and abandoning module SteamVRController (324)
[2017.08.08-02.33.54:847][376]LogModuleManager: Shutting down and abandoning module SteamVR (322)
[2017.08.08-02.33.54:847][376]LogModuleManager: Shutting down and abandoning module ProceduralMeshComponentEditor (320)
[2017.08.08-02.33.54:847][376]LogModuleManager: Shutting down and abandoning module ProceduralMeshComponent (318)
[2017.08.08-02.33.54:847][376]LogModuleManager: Shutting down and abandoning module OculusLibrary (316)
[2017.08.08-02.33.54:847][376]LogModuleManager: Shutting down and abandoning module OculusInput (314)
[2017.08.08-02.33.54:847][376]LogModuleManager: Shutting down and abandoning module MobilePatchingUtils (312)
[2017.08.08-02.33.54:847][376]LogModuleManager: Shutting down and abandoning module CustomMeshComponent (310)
[2017.08.08-02.33.54:847][376]LogModuleManager: Shutting down and abandoning module CableComponent (308)
[2017.08.08-02.33.54:847][376]LogModuleManager: Shutting down and abandoning module ArchVisCharacter (306)
[2017.08.08-02.33.54:847][376]LogModuleManager: Shutting down and abandoning module AndroidPermission (304)
[2017.08.08-02.33.54:848][376]LogModuleManager: Shutting down and abandoning module MediaPlayerEditor (300)
[2017.08.08-02.33.54:848][376]LogModuleManager: Shutting down and abandoning module HTML5Networking (298)
[2017.08.08-02.33.54:848][376]LogModuleManager: Shutting down and abandoning module AlembicImporter (296)
[2017.08.08-02.33.54:848][376]LogModuleManager: Shutting down and abandoning module AlembicLibrary (295)
[2017.08.08-02.33.54:848][376]LogModuleManager: Shutting down and abandoning module GeometryCache (294)
[2017.08.08-02.33.54:848][376]LogModuleManager: Shutting down and abandoning module GeometryCacheEd (293)
[2017.08.08-02.33.54:848][376]LogModuleManager: Shutting down and abandoning module SuperSearchEditor (288)
[2017.08.08-02.33.54:848][376]LogModuleManager: Shutting down and abandoning module SuperSearch (287)
[2017.08.08-02.33.54:848][376]LogModuleManager: Shutting down and abandoning module SpeedTreeImporter (284)
[2017.08.08-02.33.54:848][376]LogModuleManager: Shutting down and abandoning module PluginBrowser (282)
[2017.08.08-02.33.54:848][376]LogModuleManager: Shutting down and abandoning module MobileLauncherProfileWizard (280)
[2017.08.08-02.33.54:848][376]LogModuleManager: Shutting down and abandoning module VisualStudioSourceCodeAccess (278)
[2017.08.08-02.33.54:848][376]LogModuleManager: Shutting down and abandoning module DesktopPlatform (277)
[2017.08.08-02.33.54:848][376]LogModuleManager: Shutting down and abandoning module UObjectPlugin (274)
[2017.08.08-02.33.54:848][376]LogModuleManager: Shutting down and abandoning module SubversionSourceControl (272)
[2017.08.08-02.33.54:848][376]LogModuleManager: Shutting down and abandoning module PerforceSourceControl (270)
[2017.08.08-02.33.54:848][376]LogModuleManager: Shutting down and abandoning module GitSourceControl (268)
[2017.08.08-02.33.54:848][376]LogModuleManager: Shutting down and abandoning module SourceControl (267)
[2017.08.08-02.33.54:848][376]LogModuleManager: Shutting down and abandoning module LightPropagationVolumeEditor (264)
[2017.08.08-02.33.54:848][376]LogModuleManager: Shutting down and abandoning module PaperTiledImporter (262)
[2017.08.08-02.33.54:848][376]LogModuleManager: Shutting down and abandoning module PaperSpriteSheetImporter (260)
[2017.08.08-02.33.54:848][376]LogModuleManager: Shutting down and abandoning module Paper2DEditor (258)
[2017.08.08-02.33.54:848][376]LogModuleManager: Shutting down and abandoning module MeshPaint (257)
[2017.08.08-02.33.54:848][376]LogModuleManager: Shutting down and abandoning module LevelEditor (255)
[2017.08.08-02.33.54:854][376]LogModuleManager: Shutting down and abandoning module PixelInspectorModule (254)
[2017.08.08-02.33.54:854][376]LogModuleManager: Shutting down and abandoning module MainFrame (252)
[2017.08.08-02.33.54:854][376]LogModuleManager: Shutting down and abandoning module HotReload (251)
[2017.08.08-02.33.54:907][376]LogModuleManager: Shutting down and abandoning module PhysXVehiclesEditor (246)
[2017.08.08-02.33.54:907][376]LogModuleManager: Shutting down and abandoning module PhysXVehicles (244)
[2017.08.08-02.33.54:907][376]LogModuleManager: Shutting down and abandoning module LocationServicesBPLibrary (242)
[2017.08.08-02.33.54:907][376]LogModuleManager: Shutting down and abandoning module ImmediatePhysicsEditor (240)
[2017.08.08-02.33.54:907][376]LogModuleManager: Shutting down and abandoning module ImmediatePhysics (238)
[2017.08.08-02.33.54:907][376]LogModuleManager: Shutting down and abandoning module UdpMessaging (236)
[2017.08.08-02.33.55:008][376]LogModuleManager: Shutting down and abandoning module TcpMessaging (234)
[2017.08.08-02.33.55:108][376]LogModuleManager: Shutting down and abandoning module GameplayTagsEditor (232)
[2017.08.08-02.33.55:108][376]LogModuleManager: Shutting down and abandoning module FacialAnimationEditor (230)
[2017.08.08-02.33.55:108][376]LogModuleManager: Shutting down and abandoning module FacialAnimation (228)
[2017.08.08-02.33.55:108][376]LogModuleManager: Shutting down and abandoning module AssetManagerEditor (226)
[2017.08.08-02.33.55:108][376]LogModuleManager: Shutting down and abandoning module GraphEditor (225)
[2017.08.08-02.33.55:123][376]LogModuleManager: Shutting down and abandoning module ContentBrowser (223)
[2017.08.08-02.33.55:127][376]LogModuleManager: Shutting down and abandoning module LightPropagationVolumeRuntime (220)
[2017.08.08-02.33.55:127][376]LogModuleManager: Shutting down and abandoning module Paper2D (218)
[2017.08.08-02.33.55:127][376]LogModuleManager: Shutting down and abandoning module WindowsMoviePlayer (216)
[2017.08.08-02.33.55:127][376]LogModuleManager: Shutting down and abandoning module WmfMedia (214)
[2017.08.08-02.33.55:127][376]LogModuleManager: Shutting down and abandoning module ClothingSystemEditor (212)
[2017.08.08-02.33.55:127][376]LogModuleManager: Shutting down and abandoning module ClothingSystemRuntime (210)
[2017.08.08-02.33.55:127][376]LogModuleManager: Shutting down and abandoning module MediaAssets (208)
[2017.08.08-02.33.55:127][376]LogModuleManager: Shutting down and abandoning module GameLiveStreaming (206)
[2017.08.08-02.33.55:127][376]LogModuleManager: Shutting down and abandoning module VREditor (204)
[2017.08.08-02.33.55:127][376]LogModuleManager: Shutting down and abandoning module StringTableEditor (202)
[2017.08.08-02.33.55:127][376]LogModuleManager: Shutting down and abandoning module GameplayTasksEditor (200)
[2017.08.08-02.33.55:127][376]LogModuleManager: Shutting down and abandoning module BehaviorTreeEditor (198)
[2017.08.08-02.33.55:127][376]LogModuleManager: Shutting down and abandoning module FunctionalTesting (196)
[2017.08.08-02.33.55:127][376]LogModuleManager: Shutting down and abandoning module CollisionAnalyzer (194)
[2017.08.08-02.33.55:128][376]LogModuleManager: Shutting down and abandoning module UMG (192)
[2017.08.08-02.33.55:128][376]LogModuleManager: Shutting down and abandoning module UMGEditor (191)
[2017.08.08-02.33.55:153][376]LogModuleManager: Shutting down and abandoning module Sequencer (190)
[2017.08.08-02.33.55:206][376]LogModuleManager: Shutting down and abandoning module AssetTools (188)
[2017.08.08-02.33.55:206][376]LogModuleManager: Shutting down and abandoning module MessageLog (187)
[2017.08.08-02.33.55:206][376]LogModuleManager: Shutting down and abandoning module WorkspaceMenuStructure (186)
[2017.08.08-02.33.55:206][376]LogModuleManager: Shutting down and abandoning module SlateReflector (180)
[2017.08.08-02.33.55:206][376]LogModuleManager: Shutting down and abandoning module Slate (178)
[2017.08.08-02.33.55:206][376]LogModuleManager: Shutting down and abandoning module EditorStyle (176)
[2017.08.08-02.33.55:328][376]LogModuleManager: Shutting down and abandoning module SourceCodeAccess (174)
[2017.08.08-02.33.55:328][376]LogModuleManager: Shutting down and abandoning module HeadMountedDisplay (172)
[2017.08.08-02.33.55:328][376]LogModuleManager: Shutting down and abandoning module XAudio2 (170)
[2017.08.08-02.33.55:328][376]LogModuleManager: Shutting down and abandoning module Networking (168)
[2017.08.08-02.33.55:329][376]LogModuleManager: Shutting down and abandoning module Core (164)
[2017.08.08-02.33.55:329][376]LogModuleManager: Shutting down and abandoning module AssetRegistry (162)
[2017.08.08-02.33.55:564][376]LogDirectoryWatcher: A directory notification for '../../../Engine/Content/' was aborted.
[2017.08.08-02.33.55:565][376]LogDirectoryWatcher: A directory notification for '../../../../../../Users/visgu/OneDrive/Documents/Unreal Projects/CaptureTheFlag/Content/' was aborted.
[2017.08.08-02.33.55:565][376]LogDirectoryWatcher: A directory notification for '../../../Engine/Plugins/2D/Paper2D/Content/' was aborted.
[2017.08.08-02.33.55:565][376]LogDirectoryWatcher: A directory notification for '../../../Engine/Plugins/Runtime/GearVR/Content/' was aborted.
[2017.08.08-02.33.55:577][376]LogModuleManager: Shutting down and abandoning module DirectoryWatcher (161)
[2017.08.08-02.33.55:591][376]LogModuleManager: Shutting down and abandoning module KismetCompiler (158)
[2017.08.08-02.33.55:591][376]LogModuleManager: Shutting down and abandoning module LevelSequence (156)
[2017.08.08-02.33.55:591][376]LogModuleManager: Shutting down and abandoning module PhysXFormats (154)
[2017.08.08-02.33.55:592][376]LogModuleManager: Shutting down and abandoning module MeshUtilities (152)
[2017.08.08-02.33.55:592][376]LogModuleManager: Shutting down and abandoning module SimplygonSwarm (151)
[2017.08.08-02.33.55:592][376]LogModuleManager: Shutting down and abandoning module SimplygonMeshReduction (149)
[2017.08.08-02.33.55:592][376]LogModuleManager: Shutting down and abandoning module QuadricMeshReduction (147)
[2017.08.08-02.33.55:592][376]LogModuleManager: Shutting down and abandoning module DerivedDataCache (144)
[2017.08.08-02.33.55:674][376]LogDerivedDataCache: Shutdown
[2017.08.08-02.33.55:674][376]LogModuleManager: Shutting down and abandoning module TargetPlatform (142)
[2017.08.08-02.33.55:674][376]LogModuleManager: Shutting down and abandoning module VulkanShaderFormat (141)
[2017.08.08-02.33.55:674][376]LogModuleManager: Shutting down and abandoning module ShaderFormatVectorVM (139)
[2017.08.08-02.33.55:675][376]LogModuleManager: Shutting down and abandoning module ShaderFormatOpenGL (137)
[2017.08.08-02.33.55:675][376]LogModuleManager: Shutting down and abandoning module ShaderFormatD3D (135)
[2017.08.08-02.33.55:675][376]LogModuleManager: Shutting down and abandoning module MetalShaderFormat (133)
[2017.08.08-02.33.55:675][376]LogModuleManager: Shutting down and abandoning module TextureFormatUncompressed (131)
[2017.08.08-02.33.55:675][376]LogModuleManager: Shutting down and abandoning module TextureFormatPVR (129)
[2017.08.08-02.33.55:675][376]LogModuleManager: Shutting down and abandoning module TextureFormatDXT (127)
[2017.08.08-02.33.55:675][376]LogModuleManager: Shutting down and abandoning module TextureFormatIntelISPCTexComp (125)
[2017.08.08-02.33.55:675][376]LogModuleManager: Shutting down and abandoning module TextureFormatASTC (123)
[2017.08.08-02.33.55:675][376]LogModuleManager: Shutting down and abandoning module ImageWrapper (122)
[2017.08.08-02.33.55:675][376]LogModuleManager: Shutting down and abandoning module TextureFormatAndroid (119)
[2017.08.08-02.33.55:675][376]LogModuleManager: Shutting down and abandoning module AudioFormatOpus (117)
[2017.08.08-02.33.55:675][376]LogModuleManager: Shutting down and abandoning module AudioFormatOgg (115)
[2017.08.08-02.33.55:675][376]LogModuleManager: Shutting down and abandoning module AudioFormatADPCM (113)
[2017.08.08-02.33.55:675][376]LogModuleManager: Shutting down and abandoning module LinuxTargetPlatform (111)
[2017.08.08-02.33.55:675][376]LogModuleManager: Shutting down and abandoning module LinuxServerTargetPlatform (109)
[2017.08.08-02.33.55:675][376]LogModuleManager: Shutting down and abandoning module LinuxNoEditorTargetPlatform (107)
[2017.08.08-02.33.55:675][376]LogModuleManager: Shutting down and abandoning module LinuxClientTargetPlatform (105)
[2017.08.08-02.33.55:675][376]LogModuleManager: Shutting down and abandoning module TVOSTargetPlatform (103)
[2017.08.08-02.33.55:675][376]LogModuleManager: Shutting down and abandoning module Messaging (101)
[2017.08.08-02.33.55:676][376]LogModuleManager: Shutting down and abandoning module IOSTargetPlatform (99)
[2017.08.08-02.33.55:676][376]LogModuleManager: Shutting down and abandoning module HTML5TargetPlatform (97)
[2017.08.08-02.33.55:676][376]LogModuleManager: Shutting down and abandoning module Android_PVRTCTargetPlatform (95)
[2017.08.08-02.33.55:676][376]LogModuleManager: Shutting down and abandoning module Android_MultiTargetPlatform (93)
[2017.08.08-02.33.55:676][376]LogModuleManager: Shutting down and abandoning module Android_ETC2TargetPlatform (91)
[2017.08.08-02.33.55:676][376]LogModuleManager: Shutting down and abandoning module Android_ETC1TargetPlatform (89)
[2017.08.08-02.33.55:676][376]LogModuleManager: Shutting down and abandoning module Android_DXTTargetPlatform (87)
[2017.08.08-02.33.55:676][376]LogModuleManager: Shutting down and abandoning module Android_ATCTargetPlatform (85)
[2017.08.08-02.33.55:676][376]LogModuleManager: Shutting down and abandoning module Android_ASTCTargetPlatform (83)
[2017.08.08-02.33.55:676][376]LogModuleManager: Shutting down and abandoning module AndroidTargetPlatform (81)
[2017.08.08-02.33.55:676][376]LogModuleManager: Shutting down and abandoning module WindowsTargetPlatform (79)
[2017.08.08-02.33.55:676][376]LogModuleManager: Shutting down and abandoning module WindowsServerTargetPlatform (77)
[2017.08.08-02.33.55:676][376]LogModuleManager: Shutting down and abandoning module WindowsNoEditorTargetPlatform (75)
[2017.08.08-02.33.55:676][376]LogModuleManager: Shutting down and abandoning module WindowsClientTargetPlatform (73)
[2017.08.08-02.33.55:676][376]LogModuleManager: Shutting down and abandoning module MacTargetPlatform (71)
[2017.08.08-02.33.55:676][376]LogModuleManager: Shutting down and abandoning module MacServerTargetPlatform (69)
[2017.08.08-02.33.55:676][376]LogModuleManager: Shutting down and abandoning module MacNoEditorTargetPlatform (67)
[2017.08.08-02.33.55:676][376]LogModuleManager: Shutting down and abandoning module MacClientTargetPlatform (65)
[2017.08.08-02.33.55:676][376]LogModuleManager: Shutting down and abandoning module AllDesktopTargetPlatform (63)
[2017.08.08-02.33.55:676][376]LogModuleManager: Shutting down and abandoning module InputCore (60)
[2017.08.08-02.33.55:676][376]LogModuleManager: Shutting down and abandoning module Settings (58)
[2017.08.08-02.33.55:676][376]LogModuleManager: Shutting down and abandoning module OculusRift (56)
[2017.08.08-02.33.55:676][376]LogModuleManager: Shutting down and abandoning module GearVRController (54)
[2017.08.08-02.33.55:676][376]LogModuleManager: Shutting down and abandoning module GearVR (52)
[2017.08.08-02.33.55:676][376]LogModuleManager: Shutting down and abandoning module ExampleDeviceProfileSelector (50)
[2017.08.08-02.33.55:676][376]LogModuleManager: Shutting down and abandoning module OnlineBlueprintSupport (48)
[2017.08.08-02.33.55:676][376]LogModuleManager: Shutting down and abandoning module OnlineSubsystem (44)
[2017.08.08-02.33.55:676][376]LogOnline:Display: Unloading online subsystem: NULL
[2017.08.08-02.33.55:677][376]LogModuleManager: Shutting down and abandoning module XMPP (43)
[2017.08.08-02.33.55:677][376]LogModuleManager: Shutting down and abandoning module HTTP (41)
[2017.08.08-02.33.55:677][376]LogHttp:Display: Http module shutting down, but needs to wait on 1 outstanding Http requests:
[2017.08.08-02.33.55:677][376]LogHttp:Display: 	verb=[POST] url=[https://datarouter.ol.epicgames.com/datarouter/api/v1/public/data?SessionID=%7B3EB78F31-4347-DFD2-FCD3-E1A1C5F3BBEB%7D&AppID=UEEditor.Rocket.Release&AppVersion=4.16.2-3514769%2B%2B%2BUE4%2BRelease-4.16&UserID=7f144887494934c52cd252a5331ee2ea%7Ce3994acd28764336bf7dadb9e4f843e0%7C526f72d9-8d90-4842-94ea-75b0c1e3a8fb&AppEnvironment=datacollector-binary&UploadType=eteventstream] status=Processing
[2017.08.08-02.33.55:707][376]LogModuleManager: Shutting down and abandoning module SSL (40)
[2017.08.08-02.33.55:710][376]LogModuleManager: Shutting down and abandoning module HTTPChunkInstaller (36)
[2017.08.08-02.33.55:710][376]LogModuleManager: Shutting down and abandoning module AnimationModifiers (34)
[2017.08.08-02.33.55:710][376]LogModuleManager: Shutting down and abandoning module PropertyEditor (33)
[2017.08.08-02.33.55:710][376]LogModuleManager: Shutting down and abandoning module AudioEditor (30)
[2017.08.08-02.33.55:804][376]LogModuleManager: Shutting down and abandoning module TextureCompressor (28)
[2017.08.08-02.33.55:804][376]LogModuleManager: Shutting down and abandoning module ShaderCore (26)
[2017.08.08-02.33.55:804][376]LogModuleManager: Shutting down and abandoning module Landscape (24)
[2017.08.08-02.33.55:804][376]LogModuleManager: Shutting down and abandoning module SlateRHIRenderer (22)
[2017.08.08-02.33.55:815][376]LogModuleManager: Shutting down and abandoning module OpenGLDrv (20)
[2017.08.08-02.33.55:815][376]LogModuleManager: Shutting down and abandoning module D3D11RHI (18)
[2017.08.08-02.33.55:815][376]LogModuleManager: Shutting down and abandoning module AnimGraphRuntime (16)
[2017.08.08-02.33.55:815][376]LogModuleManager: Shutting down and abandoning module Renderer (14)
[2017.08.08-02.33.55:815][376]LogModuleManager: Shutting down and abandoning module Engine (12)
[2017.08.08-02.33.55:815][376]LogModuleManager: Shutting down and abandoning module CoreUObject (10)
[2017.08.08-02.33.55:815][376]LogModuleManager: Shutting down and abandoning module NetworkFile (8)
[2017.08.08-02.33.55:815][376]LogModuleManager: Shutting down and abandoning module StreamingFile (6)
[2017.08.08-02.33.55:815][376]LogModuleManager: Shutting down and abandoning module SandboxFile (4)
[2017.08.08-02.33.55:815][376]LogModuleManager: Shutting down and abandoning module PakFile (2)
[2017.08.08-02.33.55:817][376]LogExit: Exiting.
[2017.08.08-02.33.55:844][376]Log file closed, 08/07/17 19:33:55
