Log file open, 08/05/17 14:05:55
LogInit:Display: Running engine for game: CaptureTheFlag
LogPlatformFile: Not using cached read wrapper
LogInit:Display: RandInit(-119247570) SRandInit(-119247570).
LogTaskGraph: Started task graph with 5 named threads and 6 total threads with 1 sets of task threads.
LogStats: Stats thread started at 0.198888
LogInit: Using libcurl 7.47.1
LogInit:  - built for x86_64-pc-win32
LogInit:  - supports SSL with OpenSSL/1.0.2g
LogInit:  - supports HTTP deflate (compression) using libz 1.2.8
LogInit:  - other features:
LogInit:      CURL_VERSION_SSL
LogInit:      CURL_VERSION_LIBZ
LogInit:      CURL_VERSION_IPV6
LogInit:      CURL_VERSION_ASYNCHDNS
LogInit:      CURL_VERSION_LARGEFILE
LogInit:      CURL_VERSION_IDN
LogInit:  CurlRequestOptions (configurable via config and command line):
LogInit:  - bVerifyPeer = false  - Libcurl will NOT verify peer certificate
LogInit:  - bUseHttpProxy = false  - Libcurl will NOT use HTTP proxy
LogInit:  - bDontReuseConnections = false  - Libcurl will reuse connections
LogInit:  - CertBundlePath = nullptr  - Libcurl will use whatever was configured at build time.
LogInit: Build: ++UE4+Release-4.16-CL-3514769
LogInit: Engine Version: 4.16.2-3514769+++UE4+Release-4.16
LogInit: Compatible Engine Version: 4.16.0-3452394+++UE4+Release-4.16
LogInit: Net CL: 3452394
LogDevObjectVersion: Number of dev versions registered: 16
LogDevObjectVersion:   Dev-Blueprints (B0D832E4-1F89-4F0D-ACCF-7EB736FD4AA2): 9
LogDevObjectVersion:   Dev-Build (E1C64328-A22C-4D53-A36C-8E866417BD8C): 0
LogDevObjectVersion:   Dev-Core (375EC13C-06E4-48FB-B500-84F0262A717E): 2
LogDevObjectVersion:   Dev-Editor (E4B068ED-F494-42E9-A231-DA0B2E46BB41): 17
LogDevObjectVersion:   Dev-Framework (CFFC743F-43B0-4480-9391-14DF171D2073): 23
LogDevObjectVersion:   Dev-Mobile (B02B49B5-BB20-44E9-A304-32B752E40360): 0
LogDevObjectVersion:   Dev-Networking (A4E4105C-59A1-49B5-A7C5-40C4547EDFEE): 0
LogDevObjectVersion:   Dev-Online (39C831C9-5AE6-47DC-9A44-9C173E1C8E7C): 0
LogDevObjectVersion:   Dev-Physics (78F01B33-EBEA-4F98-B9B4-84EACCB95AA2): 0
LogDevObjectVersion:   Dev-Platform (6631380F-2D4D-43E0-8009-CF276956A95A): 0
LogDevObjectVersion:   Dev-Rendering (12F88B9F-8875-4AFC-A67C-D90C383ABD29): 15
LogDevObjectVersion:   Dev-Sequencer (7B5AE74C-D270-4C10-A958-57980B212A5A): 4
LogDevObjectVersion:   Dev-VR (D7296918-1DD6-4BDD-9DE2-64A83CC13884): 0
LogDevObjectVersion:   Dev-LoadTimes (C2A15278-BFE7-4AFE-6C17-90FF531DF755): 1
LogDevObjectVersion:   Private-Geometry (6EACA3D4-40EC-4CC1-B786-8BED09428FC5): 1
LogDevObjectVersion:   Dev-AnimPhys (29E575DD-E0A3-4627-9D10-D276232CDCEA): 3
LogInit: Compiled (64-bit): Jun 29 2017 02:03:24
LogInit: Compiled with Visual C++: 19.00.24215.01
LogInit: Build Configuration: Development
LogInit: Branch Name: ++UE4+Release-4.16
LogInit: Command line:  
LogInit: Base directory: C:/Program Files/Epic Games/UE_4.16/Engine/Binaries/Win64/
LogInit: Installed Engine Build: 1
LogInit: Presizing for max 8388607 objects, including 0 objects not considered by GC, pre-allocating 0 bytes for permanent pool.
LogInit: Object subsystem initialized
[2017.08.05-21.05.56:492][  0]LogInit: Selected Device Profile: [Windows]
[2017.08.05-21.05.56:492][  0]LogInit: Applying CVar settings loaded from the selected device profile: [Windows]
[2017.08.05-21.05.56:519][  0]LogInit: Computer: DESKTOP-FLFRCNR
[2017.08.05-21.05.56:519][  0]LogInit: User: visgu
[2017.08.05-21.05.56:519][  0]LogInit: CPU Page size=4096, Cores=2
[2017.08.05-21.05.56:519][  0]LogInit: High frequency timer resolution =2.145337 MHz
[2017.08.05-21.05.56:519][  0]LogMemory: Memory total: Physical=7.9GB (8GB approx)
[2017.08.05-21.05.56:520][  0]LogMemory: Platform Memory Stats for Windows
[2017.08.05-21.05.56:520][  0]LogMemory: Process Physical Memory: 273.22 MB used, 273.22 MB peak
[2017.08.05-21.05.56:520][  0]LogMemory: Process Virtual Memory: 266.64 MB used, 266.64 MB peak
[2017.08.05-21.05.56:520][  0]LogMemory: Physical Memory: 5150.85 MB used,  2911.86 MB free, 8062.71 MB total
[2017.08.05-21.05.56:520][  0]LogMemory: Virtual Memory: 629.34 MB used,  2911.86 MB free, 134217728.00 MB total
[2017.08.05-21.05.56:735][  0]LogInit: Using OS detected language (en-US).
[2017.08.05-21.05.56:735][  0]LogInit: Using OS detected locale (en-US).
[2017.08.05-21.05.56:741][  0]LogTextLocalizationManager: No specific localization for 'en-US' exists, so the 'en' localization will be used.
[2017.08.05-21.05.58:652][  0]LogD3D11RHI: D3D11 adapters:
[2017.08.05-21.05.58:660][  0]LogD3D11RHI:    0. 'Intel(R) HD Graphics 5500' (Feature Level 11_0)
[2017.08.05-21.05.58:660][  0]LogD3D11RHI:       128/0/4031 MB DedicatedVideo/DedicatedSystem/SharedSystem, Outputs:1, VendorId:0x8086
[2017.08.05-21.05.58:664][  0]LogD3D11RHI:    1. 'Microsoft Basic Render Driver' (Feature Level 11_0)
[2017.08.05-21.05.58:664][  0]LogD3D11RHI:       0/0/4031 MB DedicatedVideo/DedicatedSystem/SharedSystem, Outputs:0, VendorId:0x1414
[2017.08.05-21.05.58:664][  0]LogD3D11RHI: Chosen D3D11 Adapter: 0
[2017.08.05-21.05.58:676][  0]LogD3D11RHI: Creating new Direct3DDevice
[2017.08.05-21.05.58:676][  0]LogD3D11RHI:     GPU DeviceId: 0x1616 (for the marketing name, search the web for "GPU Device Id")
[2017.08.05-21.05.58:676][  0]LogWindows: EnumDisplayDevices:
[2017.08.05-21.05.58:676][  0]LogWindows:    0. 'Intel(R) HD Graphics 5500' (P:1 D:1)
[2017.08.05-21.05.58:677][  0]LogWindows:    1. 'Intel(R) HD Graphics 5500' (P:0 D:0)
[2017.08.05-21.05.58:677][  0]LogWindows:    2. 'Intel(R) HD Graphics 5500' (P:0 D:0)
[2017.08.05-21.05.58:677][  0]LogWindows: DebugString: FoundDriverCount:3 
[2017.08.05-21.05.58:677][  0]LogD3D11RHI:     Adapter Name: Intel(R) HD Graphics 5500
[2017.08.05-21.05.58:677][  0]LogD3D11RHI:   Driver Version: 20.19.15.4549 (internal:20.19.15.4549, unified:20.19.15.4549)
[2017.08.05-21.05.58:677][  0]LogD3D11RHI:      Driver Date: 11-10-2016
[2017.08.05-21.05.58:677][  0]LogRHI: Texture pool is 1361 MB (70% of 1945 MB)
[2017.08.05-21.05.58:684][  0]LogD3D11RHI: Async texture creation enabled
[2017.08.05-21.05.58:691][  0]LogD3D11RHI: GPU Timing Frequency: 12.500000 (Debug: 2 0)
[2017.08.05-21.05.58:692][  0]LogShaderCompilers: Guid format shader working directory is -34 characters bigger than the processId version (../../../../../../Users/visgu/OneDrive/Documents/Unreal Projects/CaptureTheFlag/Intermediate/Shaders/WorkingDirectory/12120/).
[2017.08.05-21.05.58:692][  0]LogShaderCompilers: Cleaned the shader compiler working directory 'C:/Users/visgu/AppData/Local/Temp/UnrealShaderWorkingDir/6BD754594F256BAD29F8D299C82D8935/'.
[2017.08.05-21.05.58:692][  0]LogShaderCompilers:Display: Using Local Shader Compiler.
[2017.08.05-21.06.01:158][  0]LogTemp:Display: Loaded TP AllDesktopTargetPlatform
[2017.08.05-21.06.01:267][  0]LogTemp:Display: Loaded TP MacClientTargetPlatform
[2017.08.05-21.06.01:383][  0]LogTemp:Display: Loaded TP MacNoEditorTargetPlatform
[2017.08.05-21.06.01:497][  0]LogTemp:Display: Loaded TP MacServerTargetPlatform
[2017.08.05-21.06.01:603][  0]LogTemp:Display: Loaded TP MacTargetPlatform
[2017.08.05-21.06.01:739][  0]LogTemp:Display: Loaded TP WindowsClientTargetPlatform
[2017.08.05-21.06.01:872][  0]LogTemp:Display: Loaded TP WindowsNoEditorTargetPlatform
[2017.08.05-21.06.01:993][  0]LogTemp:Display: Loaded TP WindowsServerTargetPlatform
[2017.08.05-21.06.02:104][  0]LogTemp:Display: Loaded TP WindowsTargetPlatform
[2017.08.05-21.06.02:227][  0]LogTemp:Display: Loaded TP AndroidTargetPlatform
[2017.08.05-21.06.02:342][  0]LogTemp:Display: Loaded TP Android_ASTCTargetPlatform
[2017.08.05-21.06.02:456][  0]LogTemp:Display: Loaded TP Android_ATCTargetPlatform
[2017.08.05-21.06.02:572][  0]LogTemp:Display: Loaded TP Android_DXTTargetPlatform
[2017.08.05-21.06.02:727][  0]LogTemp:Display: Loaded TP Android_ETC1TargetPlatform
[2017.08.05-21.06.02:855][  0]LogTemp:Display: Loaded TP Android_ETC2TargetPlatform
[2017.08.05-21.06.03:085][  0]LogTemp:Display: Loaded TP Android_MultiTargetPlatform
[2017.08.05-21.06.03:085][  0]LogTemp:Display: Loaded TP Android_PVRTCTargetPlatform
[2017.08.05-21.06.03:174][  0]LogTemp:Display: Loaded TP HTML5TargetPlatform
[2017.08.05-21.06.03:356][  0]LogTemp:Display: Loaded TP IOSTargetPlatform
[2017.08.05-21.06.03:425][  0]LogTemp:Display: Loaded TP TVOSTargetPlatform
[2017.08.05-21.06.03:549][  0]LogTemp:Display: Loaded TP LinuxClientTargetPlatform
[2017.08.05-21.06.03:682][  0]LogTemp:Display: Loaded TP LinuxNoEditorTargetPlatform
[2017.08.05-21.06.03:784][  0]LogTemp:Display: Loaded TP LinuxServerTargetPlatform
[2017.08.05-21.06.03:901][  0]LogTemp:Display: Loaded TP LinuxTargetPlatform
[2017.08.05-21.06.03:901][  0]LogTargetPlatformManager:Display: Building Assets For Windows
[2017.08.05-21.06.05:139][  0]LogDerivedDataCache:Display: Max Cache Size: 512 MB
[2017.08.05-21.06.05:342][  0]LogDerivedDataCache: Loaded boot cache 0.20s 90MB C:/Users/visgu/AppData/Local/UnrealEngine/4.16/DerivedDataCache/Boot.ddc.
[2017.08.05-21.06.05:342][  0]LogDerivedDataCache:Display: Loaded Boot cache: C:/Users/visgu/AppData/Local/UnrealEngine/4.16/DerivedDataCache/Boot.ddc
[2017.08.05-21.06.05:342][  0]LogDerivedDataCache: FDerivedDataBackendGraph:  Pak pak cache file ../../../../../../Users/visgu/OneDrive/Documents/Unreal Projects/CaptureTheFlag/DerivedDataCache/DDC.ddp not found, will not use a pak cache.
[2017.08.05-21.06.05:342][  0]LogDerivedDataCache: Unable to find inner node Pak for hierarchical cache Hierarchy.
[2017.08.05-21.06.05:342][  0]LogDerivedDataCache: FDerivedDataBackendGraph:  CompressedPak pak cache file ../../../../../../Users/visgu/OneDrive/Documents/Unreal Projects/CaptureTheFlag/DerivedDataCache/Compressed.ddp not found, will not use a pak cache.
[2017.08.05-21.06.05:342][  0]LogDerivedDataCache: Unable to find inner node CompressedPak for hierarchical cache Hierarchy.
[2017.08.05-21.06.05:376][  0]LogDerivedDataCache:Display: Pak cache opened for reading ../../../Engine/DerivedDataCache/Compressed.ddp.
[2017.08.05-21.06.05:389][  0]LogDerivedDataCache: Using Local data cache path C:/Users/visgu/AppData/Local/UnrealEngine/Common/DerivedDataCache: Writable
[2017.08.05-21.06.05:418][  0]LogMaterial: Verifying Global Shaders for PCD3D_SM5
[2017.08.05-21.06.05:419][  0]LogSlate: Using Freetype 2.6.0
[2017.08.05-21.06.05:420][  0]LogSlate: SlateFontCache - WITH_FREETYPE: 1, WITH_HARFBUZZ: 1
[2017.08.05-21.06.05:420][  0]LogSlate: SlateFontCache - WITH_FREETYPE: 1, WITH_HARFBUZZ: 1
[2017.08.05-21.06.06:092][  0]LogInit: Selected Device Profile: [Windows]
[2017.08.05-21.06.06:237][  0]LogContentStreaming: Texture pool size is 0.00 MB
[2017.08.05-21.06.06:668][  0]LogMeshUtilities: Using QuadricMeshReduction for automatic static mesh reduction
[2017.08.05-21.06.06:776][  0]LogSimplygon: Simplygon DLL not present - disabling.
[2017.08.05-21.06.06:917][  0]LogMeshUtilities: Using SimplygonSwarm for distributed automatic mesh merging
[2017.08.05-21.06.06:917][  0]LogMeshUtilities: No automatic skeletal mesh reduction module available
[2017.08.05-21.06.06:917][  0]LogMeshUtilities: No automatic mesh merging module available
[2017.08.05-21.06.08:222][  0]LogNetVersion: CaptureTheFlag , NetCL: 3452394, EngineNetVer: 2, GameNetVer: 0 (Checksum: 317260116)
[2017.08.05-21.06.08:330][  0]LogAssetRegistry: FAssetRegistry took 0.0329 seconds to start up
[2017.08.05-21.06.08:461][  0]LogPackageLocalizationCache: Processed 4 localized package path(s) for 2 prioritized culture(s) in 0.068036 seconds
[2017.08.05-21.06.08:473][  0]LogUObjectArray: 34194 objects as part of root set at end of initial load.
[2017.08.05-21.06.08:473][  0]LogUObjectAllocator: 7260424 out of 0 bytes used by permanent object pool.
[2017.08.05-21.06.08:473][  0]LogUObjectArray: CloseDisregardForGC: 0/0 objects in disregard for GC pool
[2017.08.05-21.06.08:677][  0]LogInit: WinSock: version 1.1 (2.2), MaxSocks=32767, MaxUdp=65467
[2017.08.05-21.06.14:161][  0]LogTcpMessaging: Initializing TcpMessaging bridge
[2017.08.05-21.06.14:241][  0]LogUdpMessaging: Initializing bridge on interface 0.0.0.0:0 to multicast group 230.0.0.1:6666.
[2017.08.05-21.06.15:479][  0]LogMaterial: Uniform references updated for custom material expression Custom.
[2017.08.05-21.06.16:470][  0]LogConfig:Warning: Failed to saved backup for config[SourceControlSettings]
[2017.08.05-21.06.16:471][  0]SourceControl: Info Source control is disabled
[2017.08.05-21.06.16:473][  0]SourceControl: Info Source control is disabled
[2017.08.05-21.06.16:596][  0]SourceControl: Info Source control is disabled
[2017.08.05-21.06.16:709][  0]SourceControl: Info Source control is disabled
[2017.08.05-21.06.18:524][  0]LogAndroidPermission: UAndroidPermissionCallbackProxy::GetInstance
[2017.08.05-21.06.20:000][  0]LogEngine: Initializing Engine...
[2017.08.05-21.06.20:001][  0]LogHMD: Failed to initialize OpenVR with code 110
[2017.08.05-21.06.20:449][  0]LogStats: UGameplayTagsManager::ConstructGameplayTagTree: Construct from data asset -  0.000 s
[2017.08.05-21.06.20:449][  0]LogStats: UGameplayTagsManager::ConstructGameplayTagTree: GameplayTagTreeChangedEvent.Broadcast -  0.000 s
[2017.08.05-21.06.20:788][  0]LogAIModule: Creating AISystem for world Untitled
[2017.08.05-21.06.20:801][  0]LogInit: XAudio2 using 'Speakers (Realtek High Definition Audio)' : 2 channels at 48 kHz using 32 bits per sample (channel mask 0x3)
[2017.08.05-21.06.20:845][  0]LogInit: FAudioDevice initialized.
[2017.08.05-21.06.20:946][  0]LogDerivedDataCache: Saved boot cache 0.10s 90MB C:/Users/visgu/AppData/Local/UnrealEngine/4.16/DerivedDataCache/Boot.ddc.
[2017.08.05-21.06.20:970][  0]LogInit: Texture streaming: Enabled
[2017.08.05-21.06.21:246][  0]LogEngineSessionManager: EngineSessionManager initialized
[2017.08.05-21.06.21:883][  0]LogInit: Transaction tracking system initialized
[2017.08.05-21.06.22:668][  0]BlueprintLog: New page: Editor Load
[2017.08.05-21.06.25:149][  0]LocalizationService: Info Localization service is disabled
[2017.08.05-21.06.26:835][  0]LogConsoleResponse:Display: 
[2017.08.05-21.06.27:266][  0]LogCook:Display: Max memory allowance for cook 16384mb min free memory 0mb
[2017.08.05-21.06.27:266][  0]LogCook:Display: Mobile HDR setting 1
[2017.08.05-21.06.27:689][  0]LogFileCache: Scanning file cache for directory 'C:/Users/visgu/OneDrive/Documents/Unreal Projects/CaptureTheFlag/Content/' took 0.04s
[2017.08.05-21.06.30:046][  0]SourceControl: Info Source control is disabled
[2017.08.05-21.06.30:046][  0]Cmd: MAP LOAD FILE="../../../../../../Users/visgu/OneDrive/Documents/Unreal Projects/CaptureTheFlag/Content/TopDownBP/Maps/TopDownExampleMap.umap" TEMPLATE=0 SHOWPROGRESS=1 FEATURELEVEL=3
[2017.08.05-21.06.30:136][  0]LightingResults: New page: Lighting Build
[2017.08.05-21.06.30:242][  0]MapCheck: New page: Map Check
[2017.08.05-21.06.30:242][  0]LightingResults: New page: Lighting Build
[2017.08.05-21.06.34:114][  0]LogAIModule: Creating AISystem for world TopDownExampleMap
[2017.08.05-21.06.34:751][  0]LogEditorServer: Finished looking for orphan Actors (0.000 secs)
[2017.08.05-21.06.34:895][  0]Cmd: MAP CHECKDEP NOCLEARLOG
[2017.08.05-21.06.35:032][  0]MapCheck: Info Map check complete: 0 Error(s), 0 Warning(s), took 137.127ms to complete.
[2017.08.05-21.06.35:032][  0]LogFileHelpers: Loading map 'TopDownExampleMap' took 4.986
[2017.08.05-21.06.36:147][  0]LogCollectionManager: Loaded 0 collections in 0.003287 seconds
[2017.08.05-21.06.36:354][  0]LogFileCache: Scanning file cache for directory 'C:/Users/visgu/OneDrive/Documents/Unreal Projects/CaptureTheFlag/Saved/Collections/' took 0.01s
[2017.08.05-21.06.36:354][  0]LogFileCache: Scanning file cache for directory 'C:/Users/visgu/OneDrive/Documents/Unreal Projects/CaptureTheFlag/Content/Developers/visgu/Collections/' took 0.01s
[2017.08.05-21.06.36:354][  0]LogFileCache: Scanning file cache for directory 'C:/Users/visgu/OneDrive/Documents/Unreal Projects/CaptureTheFlag/Content/Collections/' took 0.01s
[2017.08.05-21.06.36:354][  0]LogCollectionManager: Rebuilt the GUID cache for 0 collections in 0.000002 seconds
[2017.08.05-21.06.36:373][  0]LogContentBrowser: Native class hierarchy populated in 0.0169 seconds. Added 2329 classes and 491 folders.
[2017.08.05-21.06.36:602][  0]LogContentBrowser: Native class hierarchy updated for 'WidgetCarousel' in 0.0012 seconds. Added 0 classes and 0 folders.
[2017.08.05-21.06.37:712][  0]LogContentBrowser: Native class hierarchy updated for 'AddContentDialog' in 0.0012 seconds. Added 0 classes and 0 folders.
[2017.08.05-21.06.37:835][  0]LogContentBrowser: Native class hierarchy updated for 'SceneOutliner' in 0.0018 seconds. Added 1 classes and 2 folders.
[2017.08.05-21.06.38:532][  0]LogCrashTracker: Crashtracker disabled due to settings.
[2017.08.05-21.06.39:099][  0]LogSlate: Took 0.000392 seconds to synchronously load lazily loaded font '../../../Engine/Content/Slate/Fonts/Roboto-Regular.ttf' (155K)
[2017.08.05-21.06.39:103][  0]LogSlate: Took 0.000356 seconds to synchronously load lazily loaded font '../../../Engine/Content/Slate/Fonts/Roboto-Bold.ttf' (160K)
[2017.08.05-21.06.39:239][  0]LogSlate: Took 0.016524 seconds to synchronously load lazily loaded font '../../../Engine/Content/Editor/Slate/Fonts/FontAwesome.ttf' (139K)
[2017.08.05-21.06.40:031][  0]LogRenderer: Reallocating scene render targets to support 740x372 NumSamples 1 (Frame:1).
[2017.08.05-21.06.42:588][  0]LogContentBrowser: Native class hierarchy updated for 'HierarchicalLODOutliner' in 0.0009 seconds. Added 1 classes and 2 folders.
[2017.08.05-21.06.42:588][  0]LogLoad: (Engine Initialization) Total time: 50.35 seconds
[2017.08.05-21.06.42:588][  0]LogLoad: (Engine Initialization) Total Blueprint compile time: 0.80 seconds
[2017.08.05-21.06.42:588][  0]LogExternalProfiler: No external profilers were discovered.  External profiling features will not be available.
[2017.08.05-21.06.42:599][  0]LogOcInput: OculusInput pre-init called
[2017.08.05-21.06.42:599][  0]LogHMD: Starting GearVRController plugin
[2017.08.05-21.06.42:753][  0]LogContentStreaming: Texture pool size now 1000 MB
[2017.08.05-21.06.42:850][  0]LogSlate: Took 0.019763 seconds to synchronously load lazily loaded font '../../../Engine/Content/Slate/Fonts/Roboto-Light.ttf' (159K)
[2017.08.05-21.06.43:205][  2]LogAssetRegistry: Asset discovery search completed in 34.8975 seconds
[2017.08.05-21.06.43:210][  2]LogCollectionManager: Rebuilt the object cache for 0 collections in 0.000002 seconds (found 0 objects)
[2017.08.05-21.06.43:210][  2]LogCollectionManager: Fixed up redirectors for 0 collections in 0.000317 seconds (updated 0 objects)
[2017.08.05-21.08.00:172][292]LogLinker:Warning: Can't find file '/Game/Mannequin/Character/Mesh/UE4_Mannequin_Skeleton'
[2017.08.05-21.08.00:172][292]LogLinker:Warning: Can't find file '/Game/Mannequin/Character/Mesh/UE4_Mannequin_Skeleton'
[2017.08.05-21.08.00:185][292]LogUObjectGlobals:Warning: Failed to find object 'Object /Game/Mannequin/Character/Mesh/UE4_Mannequin_Skeleton.UE4_Mannequin_Skeleton'
[2017.08.05-21.08.29:541][216]LogTemp: Repeting last play command: Selected Viewport
[2017.08.05-21.08.33:591][216]LogBlueprintUserMessages: Early PlayInEditor Detection: Level '/Game/TopDownBP/Maps/TopDownExampleMap.TopDownExampleMap:PersistentLevel' has LevelScriptBlueprint '/Game/TopDownBP/Maps/TopDownExampleMap.TopDownExampleMap:PersistentLevel.TopDownExampleMap' with GeneratedClass '/Game/TopDownBP/Maps/TopDownExampleMap.TopDownExampleMap_C' with ClassGeneratedBy '/Game/TopDownBP/Maps/TopDownExampleMap.TopDownExampleMap:PersistentLevel.TopDownExampleMap'
[2017.08.05-21.08.33:610][216]LogPlayLevel: PlayLevel: No blueprints needed recompiling
[2017.08.05-21.08.33:694][216]PIE: New page: PIE session: TopDownExampleMap (Aug 5, 2017, 7:08:33 AM)
[2017.08.05-21.08.33:711][216]LogPlayLevel: Creating play world package: /Game/TopDownBP/Maps/UEDPIE_0_TopDownExampleMap
[2017.08.05-21.08.33:873][216]LogPlayLevel: PIE: StaticDuplicateObject took: (0.161872s)
[2017.08.05-21.08.33:875][216]LogAIModule: Creating AISystem for world TopDownExampleMap
[2017.08.05-21.08.33:875][216]LogPlayLevel: PIE: World Init took: (0.002374s)
[2017.08.05-21.08.33:891][216]LogPlayLevel: PIE: Created PIE world by copying editor world from /Game/TopDownBP/Maps/TopDownExampleMap.TopDownExampleMap to /Game/TopDownBP/Maps/UEDPIE_0_TopDownExampleMap.TopDownExampleMap (0.180289s)
[2017.08.05-21.08.34:124][216]LogInit: XAudio2 using 'Speakers (Realtek High Definition Audio)' : 2 channels at 48 kHz using 32 bits per sample (channel mask 0x3)
[2017.08.05-21.08.34:152][216]LogInit: FAudioDevice initialized.
[2017.08.05-21.08.34:273][216]LogLoad: Game class is 'TopDownGameMode_C'
[2017.08.05-21.08.34:426][216]LogWorld: Bringing World /Game/TopDownBP/Maps/UEDPIE_0_TopDownExampleMap.TopDownExampleMap up for play (max tick rate 0) at 2017.08.05-14.08.34
[2017.08.05-21.08.34:454][216]LogWorld: Bringing up level for play took: 0.038827
[2017.08.05-21.08.34:807][216]LogContentBrowser: Native class hierarchy updated for 'MovieSceneCapture' in 0.0009 seconds. Added 11 classes and 0 folders.
[2017.08.05-21.08.34:855][216]PIE: Info Play in editor start time for /Game/TopDownBP/Maps/UEDPIE_0_TopDownExampleMap 1.018
[2017.08.05-21.08.34:855][216]LogBlueprintUserMessages: Late PlayInEditor Detection: Level '/Game/TopDownBP/Maps/TopDownExampleMap.TopDownExampleMap:PersistentLevel' has LevelScriptBlueprint '/Game/TopDownBP/Maps/TopDownExampleMap.TopDownExampleMap:PersistentLevel.TopDownExampleMap' with GeneratedClass '/Game/TopDownBP/Maps/TopDownExampleMap.TopDownExampleMap_C' with ClassGeneratedBy '/Game/TopDownBP/Maps/TopDownExampleMap.TopDownExampleMap:PersistentLevel.TopDownExampleMap'
[2017.08.05-21.09.31:658][608]LogBlueprintUserMessages: Early EndPlayMap Detection: Level '/Game/TopDownBP/Maps/TopDownExampleMap.TopDownExampleMap:PersistentLevel' has LevelScriptBlueprint '/Game/TopDownBP/Maps/TopDownExampleMap.TopDownExampleMap:PersistentLevel.TopDownExampleMap' with GeneratedClass '/Game/TopDownBP/Maps/TopDownExampleMap.TopDownExampleMap_C' with ClassGeneratedBy '/Game/TopDownBP/Maps/TopDownExampleMap.TopDownExampleMap:PersistentLevel.TopDownExampleMap'
[2017.08.05-21.09.31:789][608]LogBlueprintUserMessages: Late EndPlayMap Detection: Level '/Game/TopDownBP/Maps/TopDownExampleMap.TopDownExampleMap:PersistentLevel' has LevelScriptBlueprint '/Game/TopDownBP/Maps/TopDownExampleMap.TopDownExampleMap:PersistentLevel.TopDownExampleMap' with GeneratedClass '/Game/TopDownBP/Maps/TopDownExampleMap.TopDownExampleMap_C' with ClassGeneratedBy '/Game/TopDownBP/Maps/TopDownExampleMap.TopDownExampleMap:PersistentLevel.TopDownExampleMap'
[2017.08.05-21.10.37:330][704]LogEditorViewport: Clicking on Actor (LMB): StaticMeshActor (Floor)
[2017.08.05-21.14.50:598][870]LogSlate: Took 0.020798 seconds to synchronously load lazily loaded font '../../../Engine/Content/Editor/Slate/Fonts/Roboto-Italic.ttf' (157K)
[2017.08.05-21.14.56:729][ 54]LogEditorViewport: Clicking on Actor (LMB): StaticMeshActor (Floor)
[2017.08.05-21.14.57:803][ 84]LogEditorViewport: Clicking on Actor (LMB): StaticMeshActor (Floor)
[2017.08.05-21.14.58:805][112]LogEditorViewport: Clicking on Actor (LMB): StaticMeshActor (Floor)
[2017.08.05-21.15.15:252][607]LogEditorViewport: Clicking on Actor (LMB): StaticMeshActor (Floor)
[2017.08.05-21.15.16:365][638]LogEditorViewport: Clicking on Actor (LMB): TopDownCharacter_C (TopDownCharacter)
[2017.08.05-21.15.21:176][777]LogEditorViewport: Clicking on Actor (LMB): Pawn (Pawn)
[2017.08.05-21.15.31:955][ 83]Cmd: DELETE
[2017.08.05-21.15.31:955][ 83]Cmd: ACTOR DELETE
[2017.08.05-21.15.32:149][ 83]LogEditorActor: Deleted Actor: Pawn
[2017.08.05-21.15.32:206][ 83]LogEditorActor: Deleted 1 Actors (0.060 secs)
[2017.08.05-21.15.35:540][191]LogEditorViewport: Clicking on Actor (LMB): DirectionalLight (Light Source)
[2017.08.05-21.15.38:831][286]LogEditorViewport: Clicking on Actor (LMB): StaticMeshActor (Cube21)
[2017.08.05-21.15.40:058][320]LogEditorViewport: Clicking on Actor (LMB): StaticMeshActor (Floor)
[2017.08.05-21.15.42:091][378]LogTemp: Repeting last play command: Selected Viewport
[2017.08.05-21.15.42:112][378]LogBlueprintUserMessages: Early PlayInEditor Detection: Level '/Game/TopDownBP/Maps/TopDownExampleMap.TopDownExampleMap:PersistentLevel' has LevelScriptBlueprint '/Game/TopDownBP/Maps/TopDownExampleMap.TopDownExampleMap:PersistentLevel.TopDownExampleMap' with GeneratedClass '/Game/TopDownBP/Maps/TopDownExampleMap.TopDownExampleMap_C' with ClassGeneratedBy '/Game/TopDownBP/Maps/TopDownExampleMap.TopDownExampleMap:PersistentLevel.TopDownExampleMap'
[2017.08.05-21.15.42:112][378]LogPlayLevel: PlayLevel: No blueprints needed recompiling
[2017.08.05-21.15.42:112][378]PIE: New page: PIE session: TopDownExampleMap (Aug 5, 2017, 7:15:42 AM)
[2017.08.05-21.15.42:112][378]LogPlayLevel: Creating play world package: /Game/TopDownBP/Maps/UEDPIE_0_TopDownExampleMap
[2017.08.05-21.15.42:198][378]LogPlayLevel: PIE: StaticDuplicateObject took: (0.085769s)
[2017.08.05-21.15.42:201][378]LogAIModule: Creating AISystem for world TopDownExampleMap
[2017.08.05-21.15.42:202][378]LogPlayLevel: PIE: World Init took: (0.003168s)
[2017.08.05-21.15.42:202][378]LogPlayLevel: PIE: Created PIE world by copying editor world from /Game/TopDownBP/Maps/TopDownExampleMap.TopDownExampleMap to /Game/TopDownBP/Maps/UEDPIE_0_TopDownExampleMap.TopDownExampleMap (0.089365s)
[2017.08.05-21.15.42:239][378]LogInit: XAudio2 using 'Speakers (Realtek High Definition Audio)' : 2 channels at 48 kHz using 32 bits per sample (channel mask 0x3)
[2017.08.05-21.15.42:267][378]LogInit: FAudioDevice initialized.
[2017.08.05-21.15.42:330][378]LogLoad: Game class is 'TopDownGameMode_C'
[2017.08.05-21.15.42:336][378]LogWorld: Bringing World /Game/TopDownBP/Maps/UEDPIE_0_TopDownExampleMap.TopDownExampleMap up for play (max tick rate 0) at 2017.08.05-14.15.42
[2017.08.05-21.15.42:336][378]LogWorld: Bringing up level for play took: 0.005085
[2017.08.05-21.15.42:338][378]PIE: Info Play in editor start time for /Game/TopDownBP/Maps/UEDPIE_0_TopDownExampleMap 0.501
[2017.08.05-21.15.42:338][378]LogBlueprintUserMessages: Late PlayInEditor Detection: Level '/Game/TopDownBP/Maps/TopDownExampleMap.TopDownExampleMap:PersistentLevel' has LevelScriptBlueprint '/Game/TopDownBP/Maps/TopDownExampleMap.TopDownExampleMap:PersistentLevel.TopDownExampleMap' with GeneratedClass '/Game/TopDownBP/Maps/TopDownExampleMap.TopDownExampleMap_C' with ClassGeneratedBy '/Game/TopDownBP/Maps/TopDownExampleMap.TopDownExampleMap:PersistentLevel.TopDownExampleMap'
[2017.08.05-21.15.55:197][912]LogBlueprintUserMessages: Early EndPlayMap Detection: Level '/Game/TopDownBP/Maps/TopDownExampleMap.TopDownExampleMap:PersistentLevel' has LevelScriptBlueprint '/Game/TopDownBP/Maps/TopDownExampleMap.TopDownExampleMap:PersistentLevel.TopDownExampleMap' with GeneratedClass '/Game/TopDownBP/Maps/TopDownExampleMap.TopDownExampleMap_C' with ClassGeneratedBy '/Game/TopDownBP/Maps/TopDownExampleMap.TopDownExampleMap:PersistentLevel.TopDownExampleMap'
[2017.08.05-21.15.55:292][912]LogBlueprintUserMessages: Late EndPlayMap Detection: Level '/Game/TopDownBP/Maps/TopDownExampleMap.TopDownExampleMap:PersistentLevel' has LevelScriptBlueprint '/Game/TopDownBP/Maps/TopDownExampleMap.TopDownExampleMap:PersistentLevel.TopDownExampleMap' with GeneratedClass '/Game/TopDownBP/Maps/TopDownExampleMap.TopDownExampleMap_C' with ClassGeneratedBy '/Game/TopDownBP/Maps/TopDownExampleMap.TopDownExampleMap:PersistentLevel.TopDownExampleMap'
[2017.08.05-21.17.58:038][314]LogSlate: Took 0.000199 seconds to synchronously load lazily loaded font '../../../Engine/Content/Slate/Fonts/Roboto-Light.ttf' (159K)
[2017.08.05-21.17.58:054][314]LogSlate: Took 0.000204 seconds to synchronously load lazily loaded font '../../../Engine/Content/Slate/Fonts/Roboto-Light.ttf' (159K)
[2017.08.05-21.17.58:930][314]LogSavePackage: Save=688.78ms
[2017.08.05-21.17.58:930][314]LogSavePackage: Moving '../../../../../../Users/visgu/OneDrive/Documents/Unreal Projects/CaptureTheFlag/Saved/TopDownExampleMap_Auto1159C28284A584DC12A4B9E927460F5BC.tmp' to '../../../../../../Users/visgu/OneDrive/Documents/Unreal Projects/CaptureTheFlag/Saved/Autosaves/Game/TopDownBP/Maps/TopDownExampleMap_Auto1.umap'
[2017.08.05-21.17.58:935][314]LogSavePackage:Display: Finished SavePackage ../../../../../../Users/visgu/OneDrive/Documents/Unreal Projects/CaptureTheFlag/Saved/Autosaves/Game/TopDownBP/Maps/TopDownExampleMap_Auto1.umap
[2017.08.05-21.17.58:938][314]LogFileHelpers: Editor autosave (incl. sublevels) for '/Game/TopDownBP/Maps/TopDownExampleMap' took 0.824
[2017.08.05-21.17.58:938][314]LogFileHelpers: Editor autosave (incl. sublevels) for all levels took 0.824
[2017.08.05-21.43.24:530][819]SourceControl:Error: Error Failed to enable Git source control. You need to install Git and specify a valid path to git executable.
[2017.08.05-21.43.56:345][719]SourceControl: Info Source control is disabled
[2017.08.05-21.44.46:295][996]LogTemp: Repeting last play command: Selected Viewport
[2017.08.05-21.44.46:336][996]LogBlueprintUserMessages: Early PlayInEditor Detection: Level '/Game/TopDownBP/Maps/TopDownExampleMap.TopDownExampleMap:PersistentLevel' has LevelScriptBlueprint '/Game/TopDownBP/Maps/TopDownExampleMap.TopDownExampleMap:PersistentLevel.TopDownExampleMap' with GeneratedClass '/Game/TopDownBP/Maps/TopDownExampleMap.TopDownExampleMap_C' with ClassGeneratedBy '/Game/TopDownBP/Maps/TopDownExampleMap.TopDownExampleMap:PersistentLevel.TopDownExampleMap'
[2017.08.05-21.44.46:336][996]LogPlayLevel: PlayLevel: No blueprints needed recompiling
[2017.08.05-21.44.46:336][996]PIE: New page: PIE session: TopDownExampleMap (Aug 5, 2017, 7:44:46 AM)
[2017.08.05-21.44.46:337][996]LogPlayLevel: Creating play world package: /Game/TopDownBP/Maps/UEDPIE_0_TopDownExampleMap
[2017.08.05-21.44.46:409][996]LogPlayLevel: PIE: StaticDuplicateObject took: (0.071949s)
[2017.08.05-21.44.46:414][996]LogAIModule: Creating AISystem for world TopDownExampleMap
[2017.08.05-21.44.46:414][996]LogPlayLevel: PIE: World Init took: (0.004490s)
[2017.08.05-21.44.46:414][996]LogPlayLevel: PIE: Created PIE world by copying editor world from /Game/TopDownBP/Maps/TopDownExampleMap.TopDownExampleMap to /Game/TopDownBP/Maps/UEDPIE_0_TopDownExampleMap.TopDownExampleMap (0.077936s)
[2017.08.05-21.44.46:483][996]LogInit: XAudio2 using 'Speakers (Realtek High Definition Audio)' : 2 channels at 48 kHz using 32 bits per sample (channel mask 0x3)
[2017.08.05-21.44.46:517][996]LogInit: FAudioDevice initialized.
[2017.08.05-21.44.46:565][996]LogLoad: Game class is 'TopDownGameMode_C'
[2017.08.05-21.44.46:569][996]LogWorld: Bringing World /Game/TopDownBP/Maps/UEDPIE_0_TopDownExampleMap.TopDownExampleMap up for play (max tick rate 0) at 2017.08.05-14.44.46
[2017.08.05-21.44.46:570][996]LogWorld: Bringing up level for play took: 0.004268
[2017.08.05-21.44.46:574][996]PIE: Info Play in editor start time for /Game/TopDownBP/Maps/UEDPIE_0_TopDownExampleMap 0.737
[2017.08.05-21.44.46:574][996]LogBlueprintUserMessages: Late PlayInEditor Detection: Level '/Game/TopDownBP/Maps/TopDownExampleMap.TopDownExampleMap:PersistentLevel' has LevelScriptBlueprint '/Game/TopDownBP/Maps/TopDownExampleMap.TopDownExampleMap:PersistentLevel.TopDownExampleMap' with GeneratedClass '/Game/TopDownBP/Maps/TopDownExampleMap.TopDownExampleMap_C' with ClassGeneratedBy '/Game/TopDownBP/Maps/TopDownExampleMap.TopDownExampleMap:PersistentLevel.TopDownExampleMap'
[2017.08.05-21.45.09:847][858]LogBlueprintUserMessages: Early EndPlayMap Detection: Level '/Game/TopDownBP/Maps/TopDownExampleMap.TopDownExampleMap:PersistentLevel' has LevelScriptBlueprint '/Game/TopDownBP/Maps/TopDownExampleMap.TopDownExampleMap:PersistentLevel.TopDownExampleMap' with GeneratedClass '/Game/TopDownBP/Maps/TopDownExampleMap.TopDownExampleMap_C' with ClassGeneratedBy '/Game/TopDownBP/Maps/TopDownExampleMap.TopDownExampleMap:PersistentLevel.TopDownExampleMap'
[2017.08.05-21.45.09:959][858]LogBlueprintUserMessages: Late EndPlayMap Detection: Level '/Game/TopDownBP/Maps/TopDownExampleMap.TopDownExampleMap:PersistentLevel' has LevelScriptBlueprint '/Game/TopDownBP/Maps/TopDownExampleMap.TopDownExampleMap:PersistentLevel.TopDownExampleMap' with GeneratedClass '/Game/TopDownBP/Maps/TopDownExampleMap.TopDownExampleMap_C' with ClassGeneratedBy '/Game/TopDownBP/Maps/TopDownExampleMap.TopDownExampleMap:PersistentLevel.TopDownExampleMap'
[2017.08.05-21.45.18:681][110]LogEditorViewport: Clicking on Actor (LMB): StaticMeshActor (Cube)
[2017.08.05-21.45.21:648][196]LogEditorViewport: Clicking on Actor (LMB): StaticMeshActor (Cube26)
[2017.08.05-21.45.33:449][363]LogEditorViewport: Clicking on Actor (LMB): StaticMeshActor (Cube26)
[2017.08.05-21.45.50:192][885]LogEditorViewport: Clicking on Actor (context menu): StaticMeshActor (Cube26)
[2017.08.05-21.45.51:965][936]LogEditorViewport: Clicking on Actor (LMB): StaticMeshActor (Floor)
[2017.08.05-21.45.53:055][963]LogEditorViewport: Clicking on Actor (LMB): StaticMeshActor (Cube26)
[2017.08.05-21.46.02:301][210]Cmd: DELETE
[2017.08.05-21.46.02:301][210]Cmd: ACTOR DELETE
[2017.08.05-21.46.02:302][210]LogEditorActor: Deleted Actor: StaticMeshActor
[2017.08.05-21.46.02:347][210]LogEditorActor: Deleted 1 Actors (0.046 secs)
[2017.08.05-21.46.04:558][262]LogEditorViewport: Clicking on Actor (LMB): StaticMeshActor (Floor)
[2017.08.05-21.46.12:282][474]LogEditorViewport: Clicking on Actor (LMB): TopDownCharacter_C (TopDownCharacter)
[2017.08.05-21.46.16:928][590]LogEditorViewport: Clicking on Actor (LMB): StaticMeshActor (Floor)
[2017.08.05-21.46.18:083][616]LogEditorViewport: Clicking on Actor (LMB): TopDownCharacter_C (TopDownCharacter)
[2017.08.05-21.46.20:275][671]LogEditorViewport: Clicking on Actor (LMB): StaticMeshActor (Floor)
[2017.08.05-21.47.27:054][920]LogSavePackage: Save=235.18ms
[2017.08.05-21.47.27:054][920]LogSavePackage: Moving '../../../../../../Users/visgu/OneDrive/Documents/Unreal Projects/CaptureTheFlag/Saved/TopDownExampleMap_Auto200D1232742034CF9F4EE4F87FBE22126.tmp' to '../../../../../../Users/visgu/OneDrive/Documents/Unreal Projects/CaptureTheFlag/Saved/Autosaves/Game/TopDownBP/Maps/TopDownExampleMap_Auto2.umap'
[2017.08.05-21.47.27:056][920]LogSavePackage:Display: Finished SavePackage ../../../../../../Users/visgu/OneDrive/Documents/Unreal Projects/CaptureTheFlag/Saved/Autosaves/Game/TopDownBP/Maps/TopDownExampleMap_Auto2.umap
[2017.08.05-21.47.27:058][920]LogFileHelpers: Editor autosave (incl. sublevels) for '/Game/TopDownBP/Maps/TopDownExampleMap' took 0.298
[2017.08.05-21.47.27:058][920]LogFileHelpers: Editor autosave (incl. sublevels) for all levels took 0.298
[2017.08.05-22.04.18:807][403]Cmd: QUIT_EDITOR
[2017.08.05-22.04.19:490][403]LogWindowsTextInputMethodSystem:Display: IME system now deactivated.
[2017.08.05-22.04.19:549][403]LogExit: Preparing to exit.
[2017.08.05-22.04.20:706][403]LogDirectoryWatcher: A directory notification for 'C:/Users/visgu/OneDrive/Documents/Unreal Projects/CaptureTheFlag/Content/' was aborted.
[2017.08.05-22.04.20:973][403]LogExit: Editor shut down
[2017.08.05-22.04.21:020][403]LogExit: Transaction tracking system shut down
[2017.08.05-22.04.21:214][403]LogObj: Freed 0b from 0 cluster array pools.
[2017.08.05-22.04.21:215][403]LogExit: Object subsystem successfully closed.
[2017.08.05-22.04.21:255][403]LogD3D11RHI: Shutdown
[2017.08.05-22.04.21:255][403]LogD3D11RHI: CleanupD3DDevice
[2017.08.05-22.04.21:630][403]LogD3D11RHI: ~FD3D11DynamicRHI
[2017.08.05-22.04.21:677][403]LogModuleManager: Shutting down and abandoning module MovieSceneCapture (526)
[2017.08.05-22.04.21:687][403]LogModuleManager: Shutting down and abandoning module HierarchicalLODOutliner (524)
[2017.08.05-22.04.21:687][403]LogModuleManager: Shutting down and abandoning module CrashTracker (522)
[2017.08.05-22.04.21:687][403]LogModuleManager: Shutting down and abandoning module SceneOutliner (520)
[2017.08.05-22.04.21:687][403]LogModuleManager: Shutting down and abandoning module AddContentDialog (518)
[2017.08.05-22.04.21:688][403]LogDirectoryWatcher: A directory notification for 'C:/Program Files/Epic Games/UE_4.16/FeaturePacks/' was aborted.
[2017.08.05-22.04.21:707][403]LogModuleManager: Shutting down and abandoning module WidgetCarousel (517)
[2017.08.05-22.04.21:707][403]LogModuleManager: Shutting down and abandoning module EditorWidgets (514)
[2017.08.05-22.04.21:707][403]LogModuleManager: Shutting down and abandoning module CollectionManager (512)
[2017.08.05-22.04.21:707][403]LogDirectoryWatcher: A directory notification for 'C:/Users/visgu/OneDrive/Documents/Unreal Projects/CaptureTheFlag/Content/Collections/' was aborted.
[2017.08.05-22.04.21:707][403]LogDirectoryWatcher: A directory notification for 'C:/Users/visgu/OneDrive/Documents/Unreal Projects/CaptureTheFlag/Content/Developers/visgu/Collections/' was aborted.
[2017.08.05-22.04.21:707][403]LogDirectoryWatcher: A directory notification for 'C:/Users/visgu/OneDrive/Documents/Unreal Projects/CaptureTheFlag/Saved/Collections/' was aborted.
[2017.08.05-22.04.21:707][403]LogModuleManager: Shutting down and abandoning module StatsViewer (510)
[2017.08.05-22.04.21:707][403]LogModuleManager: Shutting down and abandoning module FoliageEdit (508)
[2017.08.05-22.04.21:707][403]LogModuleManager: Shutting down and abandoning module LandscapeEditor (506)
[2017.08.05-22.04.21:707][403]LogModuleManager: Shutting down and abandoning module MeshPaintMode (504)
[2017.08.05-22.04.21:707][403]LogModuleManager: Shutting down and abandoning module SceneDepthPickerMode (502)
[2017.08.05-22.04.21:707][403]LogModuleManager: Shutting down and abandoning module ActorPickerMode (500)
[2017.08.05-22.04.21:707][403]LogModuleManager: Shutting down and abandoning module GeometryMode (498)
[2017.08.05-22.04.21:707][403]LogModuleManager: Shutting down and abandoning module TextureAlignMode (496)
[2017.08.05-22.04.21:707][403]LogModuleManager: Shutting down and abandoning module BspMode (494)
[2017.08.05-22.04.21:707][403]LogModuleManager: Shutting down and abandoning module HardwareSurvey (492)
[2017.08.05-22.04.21:707][403]LogModuleManager: Shutting down and abandoning module SequenceRecorderSections (490)
[2017.08.05-22.04.21:707][403]LogModuleManager: Shutting down and abandoning module AutomationWorker (488)
[2017.08.05-22.04.21:707][403]LogModuleManager: Shutting down and abandoning module MatineeToLevelSequence (486)
[2017.08.05-22.04.21:707][403]LogModuleManager: Shutting down and abandoning module LevelSequenceEditor (484)
[2017.08.05-22.04.21:708][403]LogModuleManager: Shutting down and abandoning module PlacementMode (483)
[2017.08.05-22.04.21:708][403]LogModuleManager: Shutting down and abandoning module WmfMediaFactory (480)
[2017.08.05-22.04.21:708][403]LogModuleManager: Shutting down and abandoning module WmfMediaEditor (478)
[2017.08.05-22.04.21:708][403]LogModuleManager: Shutting down and abandoning module AvfMediaFactory (476)
[2017.08.05-22.04.21:708][403]LogModuleManager: Shutting down and abandoning module AvfMediaEditor (474)
[2017.08.05-22.04.21:708][403]LogModuleManager: Shutting down and abandoning module AndroidMediaFactory (472)
[2017.08.05-22.04.21:708][403]LogModuleManager: Shutting down and abandoning module Media (471)
[2017.08.05-22.04.21:708][403]LogModuleManager: Shutting down and abandoning module AndroidMediaEditor (468)
[2017.08.05-22.04.21:708][403]LogModuleManager: Shutting down and abandoning module CharacterAI (466)
[2017.08.05-22.04.21:708][403]LogModuleManager: Shutting down and abandoning module AudioCapture (464)
[2017.08.05-22.04.21:708][403]LogModuleManager: Shutting down and abandoning module SequenceRecorder (463)
[2017.08.05-22.04.21:708][403]LogModuleManager: Shutting down and abandoning module SmartSnapping (460)
[2017.08.05-22.04.21:708][403]LogModuleManager: Shutting down and abandoning module SessionServices (458)
[2017.08.05-22.04.21:708][403]LogModuleManager: Shutting down and abandoning module ViewportSnapping (456)
[2017.08.05-22.04.21:708][403]LogModuleManager: Shutting down and abandoning module ViewportInteraction (454)
[2017.08.05-22.04.21:708][403]LogModuleManager: Shutting down and abandoning module ClothPainter (452)
[2017.08.05-22.04.21:708][403]LogModuleManager: Shutting down and abandoning module LogVisualizer (450)
[2017.08.05-22.04.21:708][403]LogModuleManager: Shutting down and abandoning module IntroTutorials (448)
[2017.08.05-22.04.21:708][403]LogModuleManager: Shutting down and abandoning module GameProjectGeneration (447)
[2017.08.05-22.04.21:708][403]LogModuleManager: Shutting down and abandoning module EditorLiveStreaming (444)
[2017.08.05-22.04.21:708][403]LogModuleManager: Shutting down and abandoning module IOSPlatformEditor (442)
[2017.08.05-22.04.21:708][403]LogModuleManager: Shutting down and abandoning module HTML5PlatformEditor (440)
[2017.08.05-22.04.21:708][403]LogModuleManager: Shutting down and abandoning module AndroidPlatformEditor (438)
[2017.08.05-22.04.21:708][403]LogModuleManager: Shutting down and abandoning module AndroidDeviceDetection (437)
[2017.08.05-22.04.22:013][403]LogModuleManager: Shutting down and abandoning module IOSRuntimeSettings (434)
[2017.08.05-22.04.22:013][403]LogModuleManager: Shutting down and abandoning module AndroidRuntimeSettings (432)
[2017.08.05-22.04.22:013][403]LogModuleManager: Shutting down and abandoning module InputBindingEditor (430)
[2017.08.05-22.04.22:013][403]LogModuleManager: Shutting down and abandoning module MergeActors (428)
[2017.08.05-22.04.22:013][403]LogModuleManager: Shutting down and abandoning module SizeMap (426)
[2017.08.05-22.04.22:013][403]LogModuleManager: Shutting down and abandoning module TreeMap (424)
[2017.08.05-22.04.22:013][403]LogModuleManager: Shutting down and abandoning module ReferenceViewer (422)
[2017.08.05-22.04.22:013][403]LogModuleManager: Shutting down and abandoning module LocalizationDashboard (420)
[2017.08.05-22.04.22:013][403]LogModuleManager: Shutting down and abandoning module LocalizationService (419)
[2017.08.05-22.04.22:013][403]LogModuleManager: Shutting down and abandoning module HardwareTargeting (416)
[2017.08.05-22.04.22:013][403]LogModuleManager: Shutting down and abandoning module DeviceProfileEditor (414)
[2017.08.05-22.04.22:013][403]LogModuleManager: Shutting down and abandoning module UndoHistory (412)
[2017.08.05-22.04.22:013][403]LogModuleManager: Shutting down and abandoning module UserFeedback (410)
[2017.08.05-22.04.22:013][403]LogModuleManager: Shutting down and abandoning module XmlParser (408)
[2017.08.05-22.04.22:013][403]LogModuleManager: Shutting down and abandoning module Blutility (406)
[2017.08.05-22.04.22:013][403]LogModuleManager: Shutting down and abandoning module ProjectSettingsViewer (404)
[2017.08.05-22.04.22:013][403]LogModuleManager: Shutting down and abandoning module ProjectTargetPlatformEditor (403)
[2017.08.05-22.04.22:014][403]LogModuleManager: Shutting down and abandoning module EditorSettingsViewer (400)
[2017.08.05-22.04.22:014][403]LogModuleManager: Shutting down and abandoning module SettingsEditor (398)
[2017.08.05-22.04.22:014][403]LogModuleManager: Shutting down and abandoning module ProjectLauncher (396)
[2017.08.05-22.04.22:014][403]LogModuleManager: Shutting down and abandoning module SessionFrontend (394)
[2017.08.05-22.04.22:014][403]LogModuleManager: Shutting down and abandoning module ProfilerClient (392)
[2017.08.05-22.04.22:014][403]LogModuleManager: Shutting down and abandoning module DeviceManager (390)
[2017.08.05-22.04.22:014][403]LogModuleManager: Shutting down and abandoning module TargetDeviceServices (389)
[2017.08.05-22.04.22:077][403]LogModuleManager: Shutting down and abandoning module AutomationController (386)
[2017.08.05-22.04.22:077][403]LogModuleManager: Shutting down and abandoning module AutomationWindow (384)
[2017.08.05-22.04.22:077][403]LogModuleManager: Shutting down and abandoning module Layers (382)
[2017.08.05-22.04.22:077][403]LogModuleManager: Shutting down and abandoning module ComponentVisualizers (380)
[2017.08.05-22.04.22:077][403]LogModuleManager: Shutting down and abandoning module DetailCustomizations (378)
[2017.08.05-22.04.22:077][403]LogModuleManager: Shutting down and abandoning module PackagesDialog (376)
[2017.08.05-22.04.22:078][403]LogModuleManager: Shutting down and abandoning module Persona (374)
[2017.08.05-22.04.22:078][403]LogModuleManager: Shutting down and abandoning module AdvancedPreviewScene (373)
[2017.08.05-22.04.22:078][403]LogModuleManager: Shutting down and abandoning module AnimGraph (371)
[2017.08.05-22.04.22:078][403]LogModuleManager: Shutting down and abandoning module Kismet (368)
[2017.08.05-22.04.22:079][403]LogModuleManager: Shutting down and abandoning module ClassViewer (366)
[2017.08.05-22.04.22:079][403]LogModuleManager: Shutting down and abandoning module Toolbox (364)
[2017.08.05-22.04.22:079][403]LogModuleManager: Shutting down and abandoning module ModuleUI (362)
[2017.08.05-22.04.22:079][403]LogModuleManager: Shutting down and abandoning module MovieSceneTools (360)
[2017.08.05-22.04.22:080][403]LogModuleManager: Shutting down and abandoning module OutputLog (358)
[2017.08.05-22.04.22:080][403]LogModuleManager: Shutting down and abandoning module GammaUI (356)
[2017.08.05-22.04.22:080][403]LogModuleManager: Shutting down and abandoning module Documentation (354)
[2017.08.05-22.04.22:080][403]LogModuleManager: Shutting down and abandoning module MovieSceneTracks (352)
[2017.08.05-22.04.22:080][403]LogModuleManager: Shutting down and abandoning module MovieScene (350)
[2017.08.05-22.04.22:080][403]LogModuleManager: Shutting down and abandoning module Niagara (348)
[2017.08.05-22.04.22:080][403]LogModuleManager: Shutting down and abandoning module NiagaraEditor (347)
[2017.08.05-22.04.22:080][403]LogModuleManager: Shutting down and abandoning module StreamingPauseRendering (344)
[2017.08.05-22.04.22:080][403]LogModuleManager: Shutting down and abandoning module AnalyticsET (342)
[2017.08.05-22.04.22:080][403]LogModuleManager: Shutting down and abandoning module PortalServices (340)
[2017.08.05-22.04.22:080][403]LogModuleManager: Shutting down and abandoning module PortalRpc (338)
[2017.08.05-22.04.22:080][403]LogModuleManager: Shutting down and abandoning module MessagingRpc (336)
[2017.08.05-22.04.22:080][403]LogModuleManager: Shutting down and abandoning module AIModule (334)
[2017.08.05-22.04.22:080][403]LogModuleManager: Shutting down and abandoning module GameplayDebugger (333)
[2017.08.05-22.04.22:080][403]LogModuleManager: Shutting down and abandoning module AITestSuite (331)
[2017.08.05-22.04.22:080][403]LogModuleManager: Shutting down and abandoning module ProfilerService (328)
[2017.08.05-22.04.22:307][403]LogModuleManager: Shutting down and abandoning module TaskGraph (326)
[2017.08.05-22.04.22:307][403]LogModuleManager: Shutting down and abandoning module SteamVRController (324)
[2017.08.05-22.04.22:307][403]LogModuleManager: Shutting down and abandoning module SteamVR (322)
[2017.08.05-22.04.22:307][403]LogModuleManager: Shutting down and abandoning module ProceduralMeshComponentEditor (320)
[2017.08.05-22.04.22:307][403]LogModuleManager: Shutting down and abandoning module ProceduralMeshComponent (318)
[2017.08.05-22.04.22:307][403]LogModuleManager: Shutting down and abandoning module OculusLibrary (316)
[2017.08.05-22.04.22:307][403]LogModuleManager: Shutting down and abandoning module OculusInput (314)
[2017.08.05-22.04.22:307][403]LogModuleManager: Shutting down and abandoning module MobilePatchingUtils (312)
[2017.08.05-22.04.22:307][403]LogModuleManager: Shutting down and abandoning module CustomMeshComponent (310)
[2017.08.05-22.04.22:307][403]LogModuleManager: Shutting down and abandoning module CableComponent (308)
[2017.08.05-22.04.22:307][403]LogModuleManager: Shutting down and abandoning module ArchVisCharacter (306)
[2017.08.05-22.04.22:307][403]LogModuleManager: Shutting down and abandoning module AndroidPermission (304)
[2017.08.05-22.04.22:307][403]LogModuleManager: Shutting down and abandoning module MediaPlayerEditor (300)
[2017.08.05-22.04.22:307][403]LogModuleManager: Shutting down and abandoning module HTML5Networking (298)
[2017.08.05-22.04.22:307][403]LogModuleManager: Shutting down and abandoning module AlembicImporter (296)
[2017.08.05-22.04.22:307][403]LogModuleManager: Shutting down and abandoning module AlembicLibrary (295)
[2017.08.05-22.04.22:307][403]LogModuleManager: Shutting down and abandoning module GeometryCache (294)
[2017.08.05-22.04.22:307][403]LogModuleManager: Shutting down and abandoning module GeometryCacheEd (293)
[2017.08.05-22.04.22:307][403]LogModuleManager: Shutting down and abandoning module SuperSearchEditor (288)
[2017.08.05-22.04.22:307][403]LogModuleManager: Shutting down and abandoning module SuperSearch (287)
[2017.08.05-22.04.22:307][403]LogModuleManager: Shutting down and abandoning module SpeedTreeImporter (284)
[2017.08.05-22.04.22:307][403]LogModuleManager: Shutting down and abandoning module PluginBrowser (282)
[2017.08.05-22.04.22:307][403]LogModuleManager: Shutting down and abandoning module MobileLauncherProfileWizard (280)
[2017.08.05-22.04.22:307][403]LogModuleManager: Shutting down and abandoning module VisualStudioSourceCodeAccess (278)
[2017.08.05-22.04.22:307][403]LogModuleManager: Shutting down and abandoning module DesktopPlatform (277)
[2017.08.05-22.04.22:307][403]LogModuleManager: Shutting down and abandoning module UObjectPlugin (274)
[2017.08.05-22.04.22:307][403]LogModuleManager: Shutting down and abandoning module SubversionSourceControl (272)
[2017.08.05-22.04.22:307][403]LogModuleManager: Shutting down and abandoning module PerforceSourceControl (270)
[2017.08.05-22.04.22:307][403]LogModuleManager: Shutting down and abandoning module GitSourceControl (268)
[2017.08.05-22.04.22:308][403]LogModuleManager: Shutting down and abandoning module SourceControl (267)
[2017.08.05-22.04.22:308][403]LogModuleManager: Shutting down and abandoning module LightPropagationVolumeEditor (264)
[2017.08.05-22.04.22:308][403]LogModuleManager: Shutting down and abandoning module PaperTiledImporter (262)
[2017.08.05-22.04.22:308][403]LogModuleManager: Shutting down and abandoning module PaperSpriteSheetImporter (260)
[2017.08.05-22.04.22:308][403]LogModuleManager: Shutting down and abandoning module Paper2DEditor (258)
[2017.08.05-22.04.22:308][403]LogModuleManager: Shutting down and abandoning module MeshPaint (257)
[2017.08.05-22.04.22:308][403]LogModuleManager: Shutting down and abandoning module LevelEditor (255)
[2017.08.05-22.04.22:309][403]LogModuleManager: Shutting down and abandoning module PixelInspectorModule (254)
[2017.08.05-22.04.22:309][403]LogModuleManager: Shutting down and abandoning module MainFrame (252)
[2017.08.05-22.04.22:309][403]LogModuleManager: Shutting down and abandoning module HotReload (251)
[2017.08.05-22.04.22:310][403]LogModuleManager: Shutting down and abandoning module PhysXVehiclesEditor (246)
[2017.08.05-22.04.22:310][403]LogModuleManager: Shutting down and abandoning module PhysXVehicles (244)
[2017.08.05-22.04.22:310][403]LogModuleManager: Shutting down and abandoning module LocationServicesBPLibrary (242)
[2017.08.05-22.04.22:310][403]LogModuleManager: Shutting down and abandoning module ImmediatePhysicsEditor (240)
[2017.08.05-22.04.22:310][403]LogModuleManager: Shutting down and abandoning module ImmediatePhysics (238)
[2017.08.05-22.04.22:310][403]LogModuleManager: Shutting down and abandoning module UdpMessaging (236)
[2017.08.05-22.04.22:410][403]LogModuleManager: Shutting down and abandoning module TcpMessaging (234)
[2017.08.05-22.04.22:510][403]LogModuleManager: Shutting down and abandoning module GameplayTagsEditor (232)
[2017.08.05-22.04.22:510][403]LogModuleManager: Shutting down and abandoning module FacialAnimationEditor (230)
[2017.08.05-22.04.22:510][403]LogModuleManager: Shutting down and abandoning module FacialAnimation (228)
[2017.08.05-22.04.22:510][403]LogModuleManager: Shutting down and abandoning module AssetManagerEditor (226)
[2017.08.05-22.04.22:510][403]LogModuleManager: Shutting down and abandoning module GraphEditor (225)
[2017.08.05-22.04.22:510][403]LogModuleManager: Shutting down and abandoning module ContentBrowser (223)
[2017.08.05-22.04.22:513][403]LogModuleManager: Shutting down and abandoning module LightPropagationVolumeRuntime (220)
[2017.08.05-22.04.22:513][403]LogModuleManager: Shutting down and abandoning module Paper2D (218)
[2017.08.05-22.04.22:513][403]LogModuleManager: Shutting down and abandoning module WindowsMoviePlayer (216)
[2017.08.05-22.04.22:513][403]LogModuleManager: Shutting down and abandoning module WmfMedia (214)
[2017.08.05-22.04.22:513][403]LogModuleManager: Shutting down and abandoning module ClothingSystemEditor (212)
[2017.08.05-22.04.22:513][403]LogModuleManager: Shutting down and abandoning module ClothingSystemRuntime (210)
[2017.08.05-22.04.22:513][403]LogModuleManager: Shutting down and abandoning module MediaAssets (208)
[2017.08.05-22.04.22:513][403]LogModuleManager: Shutting down and abandoning module GameLiveStreaming (206)
[2017.08.05-22.04.22:513][403]LogModuleManager: Shutting down and abandoning module VREditor (204)
[2017.08.05-22.04.22:513][403]LogModuleManager: Shutting down and abandoning module StringTableEditor (202)
[2017.08.05-22.04.22:513][403]LogModuleManager: Shutting down and abandoning module GameplayTasksEditor (200)
[2017.08.05-22.04.22:513][403]LogModuleManager: Shutting down and abandoning module BehaviorTreeEditor (198)
[2017.08.05-22.04.22:513][403]LogModuleManager: Shutting down and abandoning module FunctionalTesting (196)
[2017.08.05-22.04.22:513][403]LogModuleManager: Shutting down and abandoning module CollisionAnalyzer (194)
[2017.08.05-22.04.22:513][403]LogModuleManager: Shutting down and abandoning module UMG (192)
[2017.08.05-22.04.22:513][403]LogModuleManager: Shutting down and abandoning module UMGEditor (191)
[2017.08.05-22.04.22:514][403]LogModuleManager: Shutting down and abandoning module Sequencer (190)
[2017.08.05-22.04.22:514][403]LogModuleManager: Shutting down and abandoning module AssetTools (188)
[2017.08.05-22.04.22:514][403]LogModuleManager: Shutting down and abandoning module MessageLog (187)
[2017.08.05-22.04.22:514][403]LogModuleManager: Shutting down and abandoning module WorkspaceMenuStructure (186)
[2017.08.05-22.04.22:514][403]LogModuleManager: Shutting down and abandoning module SlateReflector (180)
[2017.08.05-22.04.22:514][403]LogModuleManager: Shutting down and abandoning module Slate (178)
[2017.08.05-22.04.22:514][403]LogModuleManager: Shutting down and abandoning module EditorStyle (176)
[2017.08.05-22.04.22:519][403]LogModuleManager: Shutting down and abandoning module SourceCodeAccess (174)
[2017.08.05-22.04.22:519][403]LogModuleManager: Shutting down and abandoning module HeadMountedDisplay (172)
[2017.08.05-22.04.22:519][403]LogModuleManager: Shutting down and abandoning module XAudio2 (170)
[2017.08.05-22.04.22:519][403]LogModuleManager: Shutting down and abandoning module Networking (168)
[2017.08.05-22.04.22:519][403]LogModuleManager: Shutting down and abandoning module Core (164)
[2017.08.05-22.04.22:519][403]LogModuleManager: Shutting down and abandoning module AssetRegistry (162)
[2017.08.05-22.04.22:769][403]LogDirectoryWatcher: A directory notification for '../../../Engine/Content/' was aborted.
[2017.08.05-22.04.22:769][403]LogDirectoryWatcher: A directory notification for '../../../../../../Users/visgu/OneDrive/Documents/Unreal Projects/CaptureTheFlag/Content/' was aborted.
[2017.08.05-22.04.22:769][403]LogDirectoryWatcher: A directory notification for '../../../Engine/Plugins/2D/Paper2D/Content/' was aborted.
[2017.08.05-22.04.22:769][403]LogDirectoryWatcher: A directory notification for '../../../Engine/Plugins/Runtime/GearVR/Content/' was aborted.
[2017.08.05-22.04.22:777][403]LogModuleManager: Shutting down and abandoning module DirectoryWatcher (161)
[2017.08.05-22.04.22:784][403]LogModuleManager: Shutting down and abandoning module KismetCompiler (158)
[2017.08.05-22.04.22:784][403]LogModuleManager: Shutting down and abandoning module LevelSequence (156)
[2017.08.05-22.04.22:784][403]LogModuleManager: Shutting down and abandoning module PhysXFormats (154)
[2017.08.05-22.04.22:784][403]LogModuleManager: Shutting down and abandoning module MeshUtilities (152)
[2017.08.05-22.04.22:784][403]LogModuleManager: Shutting down and abandoning module SimplygonSwarm (151)
[2017.08.05-22.04.22:784][403]LogModuleManager: Shutting down and abandoning module SimplygonMeshReduction (149)
[2017.08.05-22.04.22:784][403]LogModuleManager: Shutting down and abandoning module QuadricMeshReduction (147)
[2017.08.05-22.04.22:784][403]LogModuleManager: Shutting down and abandoning module DerivedDataCache (144)
[2017.08.05-22.04.22:820][403]LogDerivedDataCache: Shutdown
[2017.08.05-22.04.22:820][403]LogModuleManager: Shutting down and abandoning module TargetPlatform (142)
[2017.08.05-22.04.22:820][403]LogModuleManager: Shutting down and abandoning module VulkanShaderFormat (141)
[2017.08.05-22.04.22:820][403]LogModuleManager: Shutting down and abandoning module ShaderFormatVectorVM (139)
[2017.08.05-22.04.22:820][403]LogModuleManager: Shutting down and abandoning module ShaderFormatOpenGL (137)
[2017.08.05-22.04.22:820][403]LogModuleManager: Shutting down and abandoning module ShaderFormatD3D (135)
[2017.08.05-22.04.22:820][403]LogModuleManager: Shutting down and abandoning module MetalShaderFormat (133)
[2017.08.05-22.04.22:820][403]LogModuleManager: Shutting down and abandoning module TextureFormatUncompressed (131)
[2017.08.05-22.04.22:820][403]LogModuleManager: Shutting down and abandoning module TextureFormatPVR (129)
[2017.08.05-22.04.22:820][403]LogModuleManager: Shutting down and abandoning module TextureFormatDXT (127)
[2017.08.05-22.04.22:820][403]LogModuleManager: Shutting down and abandoning module TextureFormatIntelISPCTexComp (125)
[2017.08.05-22.04.22:820][403]LogModuleManager: Shutting down and abandoning module TextureFormatASTC (123)
[2017.08.05-22.04.22:820][403]LogModuleManager: Shutting down and abandoning module ImageWrapper (122)
[2017.08.05-22.04.22:820][403]LogModuleManager: Shutting down and abandoning module TextureFormatAndroid (119)
[2017.08.05-22.04.22:820][403]LogModuleManager: Shutting down and abandoning module AudioFormatOpus (117)
[2017.08.05-22.04.22:820][403]LogModuleManager: Shutting down and abandoning module AudioFormatOgg (115)
[2017.08.05-22.04.22:820][403]LogModuleManager: Shutting down and abandoning module AudioFormatADPCM (113)
[2017.08.05-22.04.22:820][403]LogModuleManager: Shutting down and abandoning module LinuxTargetPlatform (111)
[2017.08.05-22.04.22:820][403]LogModuleManager: Shutting down and abandoning module LinuxServerTargetPlatform (109)
[2017.08.05-22.04.22:820][403]LogModuleManager: Shutting down and abandoning module LinuxNoEditorTargetPlatform (107)
[2017.08.05-22.04.22:820][403]LogModuleManager: Shutting down and abandoning module LinuxClientTargetPlatform (105)
[2017.08.05-22.04.22:820][403]LogModuleManager: Shutting down and abandoning module TVOSTargetPlatform (103)
[2017.08.05-22.04.22:820][403]LogModuleManager: Shutting down and abandoning module Messaging (101)
[2017.08.05-22.04.22:820][403]LogModuleManager: Shutting down and abandoning module IOSTargetPlatform (99)
[2017.08.05-22.04.22:820][403]LogModuleManager: Shutting down and abandoning module HTML5TargetPlatform (97)
[2017.08.05-22.04.22:820][403]LogModuleManager: Shutting down and abandoning module Android_PVRTCTargetPlatform (95)
[2017.08.05-22.04.22:820][403]LogModuleManager: Shutting down and abandoning module Android_MultiTargetPlatform (93)
[2017.08.05-22.04.22:820][403]LogModuleManager: Shutting down and abandoning module Android_ETC2TargetPlatform (91)
[2017.08.05-22.04.22:820][403]LogModuleManager: Shutting down and abandoning module Android_ETC1TargetPlatform (89)
[2017.08.05-22.04.22:820][403]LogModuleManager: Shutting down and abandoning module Android_DXTTargetPlatform (87)
[2017.08.05-22.04.22:820][403]LogModuleManager: Shutting down and abandoning module Android_ATCTargetPlatform (85)
[2017.08.05-22.04.22:820][403]LogModuleManager: Shutting down and abandoning module Android_ASTCTargetPlatform (83)
[2017.08.05-22.04.22:820][403]LogModuleManager: Shutting down and abandoning module AndroidTargetPlatform (81)
[2017.08.05-22.04.22:820][403]LogModuleManager: Shutting down and abandoning module WindowsTargetPlatform (79)
[2017.08.05-22.04.22:820][403]LogModuleManager: Shutting down and abandoning module WindowsServerTargetPlatform (77)
[2017.08.05-22.04.22:820][403]LogModuleManager: Shutting down and abandoning module WindowsNoEditorTargetPlatform (75)
[2017.08.05-22.04.22:820][403]LogModuleManager: Shutting down and abandoning module WindowsClientTargetPlatform (73)
[2017.08.05-22.04.22:820][403]LogModuleManager: Shutting down and abandoning module MacTargetPlatform (71)
[2017.08.05-22.04.22:820][403]LogModuleManager: Shutting down and abandoning module MacServerTargetPlatform (69)
[2017.08.05-22.04.22:820][403]LogModuleManager: Shutting down and abandoning module MacNoEditorTargetPlatform (67)
[2017.08.05-22.04.22:820][403]LogModuleManager: Shutting down and abandoning module MacClientTargetPlatform (65)
[2017.08.05-22.04.22:820][403]LogModuleManager: Shutting down and abandoning module AllDesktopTargetPlatform (63)
[2017.08.05-22.04.22:820][403]LogModuleManager: Shutting down and abandoning module InputCore (60)
[2017.08.05-22.04.22:820][403]LogModuleManager: Shutting down and abandoning module Settings (58)
[2017.08.05-22.04.22:820][403]LogModuleManager: Shutting down and abandoning module OculusRift (56)
[2017.08.05-22.04.22:820][403]LogModuleManager: Shutting down and abandoning module GearVRController (54)
[2017.08.05-22.04.22:820][403]LogModuleManager: Shutting down and abandoning module GearVR (52)
[2017.08.05-22.04.22:820][403]LogModuleManager: Shutting down and abandoning module ExampleDeviceProfileSelector (50)
[2017.08.05-22.04.22:820][403]LogModuleManager: Shutting down and abandoning module OnlineBlueprintSupport (48)
[2017.08.05-22.04.22:820][403]LogModuleManager: Shutting down and abandoning module OnlineSubsystem (44)
[2017.08.05-22.04.22:820][403]LogOnline:Display: Unloading online subsystem: NULL
[2017.08.05-22.04.22:821][403]LogModuleManager: Shutting down and abandoning module XMPP (43)
[2017.08.05-22.04.22:821][403]LogModuleManager: Shutting down and abandoning module HTTP (41)
[2017.08.05-22.04.22:821][403]LogHttp:Display: Http module shutting down, but needs to wait on 1 outstanding Http requests:
[2017.08.05-22.04.22:821][403]LogHttp:Display: 	verb=[POST] url=[https://datarouter.ol.epicgames.com/datarouter/api/v1/public/data?SessionID=%7B6C8EA864-4CC1-8D0E-88C0-CF947432E266%7D&AppID=UEEditor.Rocket.Release&AppVersion=4.16.2-3514769%2B%2B%2BUE4%2BRelease-4.16&UserID=7f144887494934c52cd252a5331ee2ea%7Ce3994acd28764336bf7dadb9e4f843e0%7C526f72d9-8d90-4842-94ea-75b0c1e3a8fb&AppEnvironment=datacollector-binary&UploadType=eteventstream] status=Processing
[2017.08.05-22.04.22:854][403]LogModuleManager: Shutting down and abandoning module SSL (40)
[2017.08.05-22.04.22:857][403]LogModuleManager: Shutting down and abandoning module HTTPChunkInstaller (36)
[2017.08.05-22.04.22:857][403]LogModuleManager: Shutting down and abandoning module AnimationModifiers (34)
[2017.08.05-22.04.22:857][403]LogModuleManager: Shutting down and abandoning module PropertyEditor (33)
[2017.08.05-22.04.22:857][403]LogModuleManager: Shutting down and abandoning module AudioEditor (30)
[2017.08.05-22.04.22:857][403]LogModuleManager: Shutting down and abandoning module TextureCompressor (28)
[2017.08.05-22.04.22:857][403]LogModuleManager: Shutting down and abandoning module ShaderCore (26)
[2017.08.05-22.04.22:857][403]LogModuleManager: Shutting down and abandoning module Landscape (24)
[2017.08.05-22.04.22:858][403]LogModuleManager: Shutting down and abandoning module SlateRHIRenderer (22)
[2017.08.05-22.04.22:864][403]LogModuleManager: Shutting down and abandoning module OpenGLDrv (20)
[2017.08.05-22.04.22:864][403]LogModuleManager: Shutting down and abandoning module D3D11RHI (18)
[2017.08.05-22.04.22:864][403]LogModuleManager: Shutting down and abandoning module AnimGraphRuntime (16)
[2017.08.05-22.04.22:864][403]LogModuleManager: Shutting down and abandoning module Renderer (14)
[2017.08.05-22.04.22:864][403]LogModuleManager: Shutting down and abandoning module Engine (12)
[2017.08.05-22.04.22:864][403]LogModuleManager: Shutting down and abandoning module CoreUObject (10)
[2017.08.05-22.04.22:864][403]LogModuleManager: Shutting down and abandoning module NetworkFile (8)
[2017.08.05-22.04.22:864][403]LogModuleManager: Shutting down and abandoning module StreamingFile (6)
[2017.08.05-22.04.22:864][403]LogModuleManager: Shutting down and abandoning module SandboxFile (4)
[2017.08.05-22.04.22:864][403]LogModuleManager: Shutting down and abandoning module PakFile (2)
[2017.08.05-22.04.22:865][403]LogExit: Exiting.
[2017.08.05-22.04.22:887][403]Log file closed, 08/05/17 15:04:22
